[2025-10-04T17:47:16.249+0000] {processor.py:186} INFO - Started process (PID=252) to work on /opt/airflow/dags/stock_market_dag.py
[2025-10-04T17:47:16.250+0000] {processor.py:914} INFO - Processing file /opt/airflow/dags/stock_market_dag.py for tasks to queue
[2025-10-04T17:47:16.251+0000] {logging_mixin.py:190} INFO - [2025-10-04T17:47:16.251+0000] {dagbag.py:587} INFO - Filling up the DagBag from /opt/airflow/dags/stock_market_dag.py
[2025-10-04T17:47:16.650+0000] {processor.py:925} INFO - DAG(s) '180DayStockData' retrieved from /opt/airflow/dags/stock_market_dag.py
[2025-10-04T17:47:16.693+0000] {logging_mixin.py:190} INFO - [2025-10-04T17:47:16.693+0000] {override.py:1900} INFO - Created Permission View: can edit on DAG:180DayStockData
[2025-10-04T17:47:16.696+0000] {logging_mixin.py:190} INFO - [2025-10-04T17:47:16.696+0000] {override.py:1900} INFO - Created Permission View: can read on DAG:180DayStockData
[2025-10-04T17:47:16.698+0000] {logging_mixin.py:190} INFO - [2025-10-04T17:47:16.698+0000] {override.py:1900} INFO - Created Permission View: can delete on DAG:180DayStockData
[2025-10-04T17:47:16.700+0000] {logging_mixin.py:190} INFO - [2025-10-04T17:47:16.700+0000] {override.py:1900} INFO - Created Permission View: can create on DAG Run:180DayStockData
[2025-10-04T17:47:16.702+0000] {logging_mixin.py:190} INFO - [2025-10-04T17:47:16.702+0000] {override.py:1900} INFO - Created Permission View: menu access on DAG Run:180DayStockData
[2025-10-04T17:47:16.703+0000] {logging_mixin.py:190} INFO - [2025-10-04T17:47:16.703+0000] {override.py:1900} INFO - Created Permission View: can read on DAG Run:180DayStockData
[2025-10-04T17:47:16.705+0000] {logging_mixin.py:190} INFO - [2025-10-04T17:47:16.705+0000] {override.py:1900} INFO - Created Permission View: can delete on DAG Run:180DayStockData
[2025-10-04T17:47:16.705+0000] {logging_mixin.py:190} INFO - [2025-10-04T17:47:16.705+0000] {dag.py:3229} INFO - Sync 1 DAGs
[2025-10-04T17:47:16.710+0000] {logging_mixin.py:190} INFO - [2025-10-04T17:47:16.710+0000] {dag.py:3252} INFO - Creating ORM DAG for 180DayStockData
[2025-10-04T17:47:16.797+0000] {logging_mixin.py:190} INFO - [2025-10-04T17:47:16.797+0000] {dag.py:4156} INFO - Setting next_dagrun for 180DayStockData to 2025-10-03 00:00:00+00:00, run_after=2025-10-04 00:00:00+00:00
[2025-10-04T17:47:16.803+0000] {processor.py:208} INFO - Processing /opt/airflow/dags/stock_market_dag.py took 0.555 seconds
[2025-10-04T17:47:47.592+0000] {processor.py:186} INFO - Started process (PID=298) to work on /opt/airflow/dags/stock_market_dag.py
[2025-10-04T17:47:47.593+0000] {processor.py:914} INFO - Processing file /opt/airflow/dags/stock_market_dag.py for tasks to queue
[2025-10-04T17:47:47.595+0000] {logging_mixin.py:190} INFO - [2025-10-04T17:47:47.595+0000] {dagbag.py:587} INFO - Filling up the DagBag from /opt/airflow/dags/stock_market_dag.py
[2025-10-04T17:47:47.739+0000] {processor.py:925} INFO - DAG(s) '180DayStockData' retrieved from /opt/airflow/dags/stock_market_dag.py
[2025-10-04T17:47:47.749+0000] {logging_mixin.py:190} INFO - [2025-10-04T17:47:47.748+0000] {dag.py:3229} INFO - Sync 1 DAGs
[2025-10-04T17:47:47.757+0000] {logging_mixin.py:190} INFO - [2025-10-04T17:47:47.757+0000] {dag.py:4156} INFO - Setting next_dagrun for 180DayStockData to 2025-10-03 00:00:00+00:00, run_after=2025-10-04 00:00:00+00:00
[2025-10-04T17:47:47.763+0000] {processor.py:208} INFO - Processing /opt/airflow/dags/stock_market_dag.py took 0.175 seconds
[2025-10-04T17:48:17.888+0000] {processor.py:186} INFO - Started process (PID=315) to work on /opt/airflow/dags/stock_market_dag.py
[2025-10-04T17:48:17.889+0000] {processor.py:914} INFO - Processing file /opt/airflow/dags/stock_market_dag.py for tasks to queue
[2025-10-04T17:48:17.891+0000] {logging_mixin.py:190} INFO - [2025-10-04T17:48:17.891+0000] {dagbag.py:587} INFO - Filling up the DagBag from /opt/airflow/dags/stock_market_dag.py
[2025-10-04T17:48:18.032+0000] {processor.py:925} INFO - DAG(s) '180DayStockData' retrieved from /opt/airflow/dags/stock_market_dag.py
[2025-10-04T17:48:18.125+0000] {logging_mixin.py:190} INFO - [2025-10-04T17:48:18.124+0000] {dag.py:3229} INFO - Sync 1 DAGs
[2025-10-04T17:48:18.131+0000] {logging_mixin.py:190} INFO - [2025-10-04T17:48:18.131+0000] {dag.py:4156} INFO - Setting next_dagrun for 180DayStockData to 2025-10-03 00:00:00+00:00, run_after=2025-10-04 00:00:00+00:00
[2025-10-04T17:48:18.137+0000] {processor.py:208} INFO - Processing /opt/airflow/dags/stock_market_dag.py took 0.254 seconds
[2025-10-04T17:48:48.198+0000] {processor.py:186} INFO - Started process (PID=416) to work on /opt/airflow/dags/stock_market_dag.py
[2025-10-04T17:48:48.199+0000] {processor.py:914} INFO - Processing file /opt/airflow/dags/stock_market_dag.py for tasks to queue
[2025-10-04T17:48:48.201+0000] {logging_mixin.py:190} INFO - [2025-10-04T17:48:48.200+0000] {dagbag.py:587} INFO - Filling up the DagBag from /opt/airflow/dags/stock_market_dag.py
[2025-10-04T17:48:48.345+0000] {processor.py:925} INFO - DAG(s) '180DayStockData' retrieved from /opt/airflow/dags/stock_market_dag.py
[2025-10-04T17:48:48.427+0000] {logging_mixin.py:190} INFO - [2025-10-04T17:48:48.427+0000] {dag.py:3229} INFO - Sync 1 DAGs
[2025-10-04T17:48:48.433+0000] {logging_mixin.py:190} INFO - [2025-10-04T17:48:48.433+0000] {dag.py:4156} INFO - Setting next_dagrun for 180DayStockData to 2025-10-04 00:00:00+00:00, run_after=2025-10-05 00:00:00+00:00
[2025-10-04T17:48:48.438+0000] {processor.py:208} INFO - Processing /opt/airflow/dags/stock_market_dag.py took 0.245 seconds
[2025-10-04T17:49:18.569+0000] {processor.py:186} INFO - Started process (PID=432) to work on /opt/airflow/dags/stock_market_dag.py
[2025-10-04T17:49:18.570+0000] {processor.py:914} INFO - Processing file /opt/airflow/dags/stock_market_dag.py for tasks to queue
[2025-10-04T17:49:18.572+0000] {logging_mixin.py:190} INFO - [2025-10-04T17:49:18.571+0000] {dagbag.py:587} INFO - Filling up the DagBag from /opt/airflow/dags/stock_market_dag.py
[2025-10-04T17:49:18.709+0000] {processor.py:925} INFO - DAG(s) '180DayStockData' retrieved from /opt/airflow/dags/stock_market_dag.py
[2025-10-04T17:49:18.717+0000] {logging_mixin.py:190} INFO - [2025-10-04T17:49:18.717+0000] {dag.py:3229} INFO - Sync 1 DAGs
[2025-10-04T17:49:18.724+0000] {logging_mixin.py:190} INFO - [2025-10-04T17:49:18.724+0000] {dag.py:4156} INFO - Setting next_dagrun for 180DayStockData to 2025-10-04 00:00:00+00:00, run_after=2025-10-05 00:00:00+00:00
[2025-10-04T17:49:18.730+0000] {processor.py:208} INFO - Processing /opt/airflow/dags/stock_market_dag.py took 0.165 seconds
[2025-10-04T17:49:48.939+0000] {processor.py:186} INFO - Started process (PID=448) to work on /opt/airflow/dags/stock_market_dag.py
[2025-10-04T17:49:48.940+0000] {processor.py:914} INFO - Processing file /opt/airflow/dags/stock_market_dag.py for tasks to queue
[2025-10-04T17:49:48.941+0000] {logging_mixin.py:190} INFO - [2025-10-04T17:49:48.941+0000] {dagbag.py:587} INFO - Filling up the DagBag from /opt/airflow/dags/stock_market_dag.py
[2025-10-04T17:49:49.082+0000] {processor.py:925} INFO - DAG(s) '180DayStockData' retrieved from /opt/airflow/dags/stock_market_dag.py
[2025-10-04T17:49:49.091+0000] {logging_mixin.py:190} INFO - [2025-10-04T17:49:49.091+0000] {dag.py:3229} INFO - Sync 1 DAGs
[2025-10-04T17:49:49.104+0000] {logging_mixin.py:190} INFO - [2025-10-04T17:49:49.104+0000] {dag.py:4156} INFO - Setting next_dagrun for 180DayStockData to 2025-10-04 00:00:00+00:00, run_after=2025-10-05 00:00:00+00:00
[2025-10-04T17:49:49.201+0000] {processor.py:208} INFO - Processing /opt/airflow/dags/stock_market_dag.py took 0.267 seconds
[2025-10-04T17:50:19.302+0000] {processor.py:186} INFO - Started process (PID=464) to work on /opt/airflow/dags/stock_market_dag.py
[2025-10-04T17:50:19.302+0000] {processor.py:914} INFO - Processing file /opt/airflow/dags/stock_market_dag.py for tasks to queue
[2025-10-04T17:50:19.304+0000] {logging_mixin.py:190} INFO - [2025-10-04T17:50:19.303+0000] {dagbag.py:587} INFO - Filling up the DagBag from /opt/airflow/dags/stock_market_dag.py
[2025-10-04T17:50:19.436+0000] {processor.py:925} INFO - DAG(s) '180DayStockData' retrieved from /opt/airflow/dags/stock_market_dag.py
[2025-10-04T17:50:19.445+0000] {logging_mixin.py:190} INFO - [2025-10-04T17:50:19.445+0000] {dag.py:3229} INFO - Sync 1 DAGs
[2025-10-04T17:50:19.453+0000] {logging_mixin.py:190} INFO - [2025-10-04T17:50:19.453+0000] {dag.py:4156} INFO - Setting next_dagrun for 180DayStockData to 2025-10-04 00:00:00+00:00, run_after=2025-10-05 00:00:00+00:00
[2025-10-04T17:50:19.459+0000] {processor.py:208} INFO - Processing /opt/airflow/dags/stock_market_dag.py took 0.160 seconds
[2025-10-04T17:50:49.635+0000] {processor.py:186} INFO - Started process (PID=480) to work on /opt/airflow/dags/stock_market_dag.py
[2025-10-04T17:50:49.636+0000] {processor.py:914} INFO - Processing file /opt/airflow/dags/stock_market_dag.py for tasks to queue
[2025-10-04T17:50:49.638+0000] {logging_mixin.py:190} INFO - [2025-10-04T17:50:49.637+0000] {dagbag.py:587} INFO - Filling up the DagBag from /opt/airflow/dags/stock_market_dag.py
[2025-10-04T17:50:49.816+0000] {processor.py:925} INFO - DAG(s) '180DayStockData' retrieved from /opt/airflow/dags/stock_market_dag.py
[2025-10-04T17:50:49.825+0000] {logging_mixin.py:190} INFO - [2025-10-04T17:50:49.825+0000] {dag.py:3229} INFO - Sync 1 DAGs
[2025-10-04T17:50:49.916+0000] {logging_mixin.py:190} INFO - [2025-10-04T17:50:49.916+0000] {dag.py:4156} INFO - Setting next_dagrun for 180DayStockData to 2025-10-04 00:00:00+00:00, run_after=2025-10-05 00:00:00+00:00
[2025-10-04T17:50:49.922+0000] {processor.py:208} INFO - Processing /opt/airflow/dags/stock_market_dag.py took 0.292 seconds
[2025-10-04T17:51:20.012+0000] {processor.py:186} INFO - Started process (PID=496) to work on /opt/airflow/dags/stock_market_dag.py
[2025-10-04T17:51:20.013+0000] {processor.py:914} INFO - Processing file /opt/airflow/dags/stock_market_dag.py for tasks to queue
[2025-10-04T17:51:20.015+0000] {logging_mixin.py:190} INFO - [2025-10-04T17:51:20.015+0000] {dagbag.py:587} INFO - Filling up the DagBag from /opt/airflow/dags/stock_market_dag.py
[2025-10-04T17:51:20.154+0000] {processor.py:925} INFO - DAG(s) '180DayStockData' retrieved from /opt/airflow/dags/stock_market_dag.py
[2025-10-04T17:51:20.232+0000] {logging_mixin.py:190} INFO - [2025-10-04T17:51:20.232+0000] {dag.py:3229} INFO - Sync 1 DAGs
[2025-10-04T17:51:20.239+0000] {logging_mixin.py:190} INFO - [2025-10-04T17:51:20.239+0000] {dag.py:4156} INFO - Setting next_dagrun for 180DayStockData to 2025-10-04 00:00:00+00:00, run_after=2025-10-05 00:00:00+00:00
[2025-10-04T17:51:20.244+0000] {processor.py:208} INFO - Processing /opt/airflow/dags/stock_market_dag.py took 0.237 seconds
[2025-10-04T17:51:50.355+0000] {processor.py:186} INFO - Started process (PID=512) to work on /opt/airflow/dags/stock_market_dag.py
[2025-10-04T17:51:50.356+0000] {processor.py:914} INFO - Processing file /opt/airflow/dags/stock_market_dag.py for tasks to queue
[2025-10-04T17:51:50.358+0000] {logging_mixin.py:190} INFO - [2025-10-04T17:51:50.357+0000] {dagbag.py:587} INFO - Filling up the DagBag from /opt/airflow/dags/stock_market_dag.py
[2025-10-04T17:51:50.510+0000] {processor.py:925} INFO - DAG(s) '180DayStockData' retrieved from /opt/airflow/dags/stock_market_dag.py
[2025-10-04T17:51:50.519+0000] {logging_mixin.py:190} INFO - [2025-10-04T17:51:50.519+0000] {dag.py:3229} INFO - Sync 1 DAGs
[2025-10-04T17:51:50.527+0000] {logging_mixin.py:190} INFO - [2025-10-04T17:51:50.527+0000] {dag.py:4156} INFO - Setting next_dagrun for 180DayStockData to 2025-10-04 00:00:00+00:00, run_after=2025-10-05 00:00:00+00:00
[2025-10-04T17:51:50.533+0000] {processor.py:208} INFO - Processing /opt/airflow/dags/stock_market_dag.py took 0.183 seconds
[2025-10-04T17:52:20.714+0000] {processor.py:186} INFO - Started process (PID=528) to work on /opt/airflow/dags/stock_market_dag.py
[2025-10-04T17:52:20.714+0000] {processor.py:914} INFO - Processing file /opt/airflow/dags/stock_market_dag.py for tasks to queue
[2025-10-04T17:52:20.716+0000] {logging_mixin.py:190} INFO - [2025-10-04T17:52:20.716+0000] {dagbag.py:587} INFO - Filling up the DagBag from /opt/airflow/dags/stock_market_dag.py
[2025-10-04T17:52:20.865+0000] {processor.py:925} INFO - DAG(s) '180DayStockData' retrieved from /opt/airflow/dags/stock_market_dag.py
[2025-10-04T17:52:20.874+0000] {logging_mixin.py:190} INFO - [2025-10-04T17:52:20.874+0000] {dag.py:3229} INFO - Sync 1 DAGs
[2025-10-04T17:52:20.883+0000] {logging_mixin.py:190} INFO - [2025-10-04T17:52:20.883+0000] {dag.py:4156} INFO - Setting next_dagrun for 180DayStockData to 2025-10-04 00:00:00+00:00, run_after=2025-10-05 00:00:00+00:00
[2025-10-04T17:52:20.979+0000] {processor.py:208} INFO - Processing /opt/airflow/dags/stock_market_dag.py took 0.270 seconds
[2025-10-04T17:52:51.022+0000] {processor.py:186} INFO - Started process (PID=543) to work on /opt/airflow/dags/stock_market_dag.py
[2025-10-04T17:52:51.023+0000] {processor.py:914} INFO - Processing file /opt/airflow/dags/stock_market_dag.py for tasks to queue
[2025-10-04T17:52:51.024+0000] {logging_mixin.py:190} INFO - [2025-10-04T17:52:51.024+0000] {dagbag.py:587} INFO - Filling up the DagBag from /opt/airflow/dags/stock_market_dag.py
[2025-10-04T17:52:51.163+0000] {processor.py:925} INFO - DAG(s) '180DayStockData' retrieved from /opt/airflow/dags/stock_market_dag.py
[2025-10-04T17:52:51.171+0000] {logging_mixin.py:190} INFO - [2025-10-04T17:52:51.171+0000] {dag.py:3229} INFO - Sync 1 DAGs
[2025-10-04T17:52:51.179+0000] {logging_mixin.py:190} INFO - [2025-10-04T17:52:51.179+0000] {dag.py:4156} INFO - Setting next_dagrun for 180DayStockData to 2025-10-04 00:00:00+00:00, run_after=2025-10-05 00:00:00+00:00
[2025-10-04T17:52:51.185+0000] {processor.py:208} INFO - Processing /opt/airflow/dags/stock_market_dag.py took 0.166 seconds
[2025-10-04T17:53:21.346+0000] {processor.py:186} INFO - Started process (PID=559) to work on /opt/airflow/dags/stock_market_dag.py
[2025-10-04T17:53:21.347+0000] {processor.py:914} INFO - Processing file /opt/airflow/dags/stock_market_dag.py for tasks to queue
[2025-10-04T17:53:21.349+0000] {logging_mixin.py:190} INFO - [2025-10-04T17:53:21.349+0000] {dagbag.py:587} INFO - Filling up the DagBag from /opt/airflow/dags/stock_market_dag.py
[2025-10-04T17:53:21.490+0000] {processor.py:925} INFO - DAG(s) '180DayStockData' retrieved from /opt/airflow/dags/stock_market_dag.py
[2025-10-04T17:53:21.498+0000] {logging_mixin.py:190} INFO - [2025-10-04T17:53:21.498+0000] {dag.py:3229} INFO - Sync 1 DAGs
[2025-10-04T17:53:21.505+0000] {logging_mixin.py:190} INFO - [2025-10-04T17:53:21.505+0000] {dag.py:4156} INFO - Setting next_dagrun for 180DayStockData to 2025-10-04 00:00:00+00:00, run_after=2025-10-05 00:00:00+00:00
[2025-10-04T17:53:21.511+0000] {processor.py:208} INFO - Processing /opt/airflow/dags/stock_market_dag.py took 0.170 seconds
[2025-10-04T17:53:51.707+0000] {processor.py:186} INFO - Started process (PID=575) to work on /opt/airflow/dags/stock_market_dag.py
[2025-10-04T17:53:51.708+0000] {processor.py:914} INFO - Processing file /opt/airflow/dags/stock_market_dag.py for tasks to queue
[2025-10-04T17:53:51.710+0000] {logging_mixin.py:190} INFO - [2025-10-04T17:53:51.710+0000] {dagbag.py:587} INFO - Filling up the DagBag from /opt/airflow/dags/stock_market_dag.py
[2025-10-04T17:53:51.853+0000] {processor.py:925} INFO - DAG(s) '180DayStockData' retrieved from /opt/airflow/dags/stock_market_dag.py
[2025-10-04T17:53:51.932+0000] {logging_mixin.py:190} INFO - [2025-10-04T17:53:51.932+0000] {dag.py:3229} INFO - Sync 1 DAGs
[2025-10-04T17:53:51.938+0000] {logging_mixin.py:190} INFO - [2025-10-04T17:53:51.938+0000] {dag.py:4156} INFO - Setting next_dagrun for 180DayStockData to 2025-10-04 00:00:00+00:00, run_after=2025-10-05 00:00:00+00:00
[2025-10-04T17:53:51.944+0000] {processor.py:208} INFO - Processing /opt/airflow/dags/stock_market_dag.py took 0.241 seconds
[2025-10-04T17:54:22.031+0000] {processor.py:186} INFO - Started process (PID=591) to work on /opt/airflow/dags/stock_market_dag.py
[2025-10-04T17:54:22.033+0000] {processor.py:914} INFO - Processing file /opt/airflow/dags/stock_market_dag.py for tasks to queue
[2025-10-04T17:54:22.035+0000] {logging_mixin.py:190} INFO - [2025-10-04T17:54:22.035+0000] {dagbag.py:587} INFO - Filling up the DagBag from /opt/airflow/dags/stock_market_dag.py
[2025-10-04T17:54:22.190+0000] {processor.py:925} INFO - DAG(s) '180DayStockData' retrieved from /opt/airflow/dags/stock_market_dag.py
[2025-10-04T17:54:22.280+0000] {logging_mixin.py:190} INFO - [2025-10-04T17:54:22.280+0000] {dag.py:3229} INFO - Sync 1 DAGs
[2025-10-04T17:54:22.287+0000] {logging_mixin.py:190} INFO - [2025-10-04T17:54:22.287+0000] {dag.py:4156} INFO - Setting next_dagrun for 180DayStockData to 2025-10-04 00:00:00+00:00, run_after=2025-10-05 00:00:00+00:00
[2025-10-04T17:54:22.293+0000] {processor.py:208} INFO - Processing /opt/airflow/dags/stock_market_dag.py took 0.268 seconds
[2025-10-04T17:54:52.394+0000] {processor.py:186} INFO - Started process (PID=607) to work on /opt/airflow/dags/stock_market_dag.py
[2025-10-04T17:54:52.395+0000] {processor.py:914} INFO - Processing file /opt/airflow/dags/stock_market_dag.py for tasks to queue
[2025-10-04T17:54:52.397+0000] {logging_mixin.py:190} INFO - [2025-10-04T17:54:52.396+0000] {dagbag.py:587} INFO - Filling up the DagBag from /opt/airflow/dags/stock_market_dag.py
[2025-10-04T17:54:52.537+0000] {processor.py:925} INFO - DAG(s) '180DayStockData' retrieved from /opt/airflow/dags/stock_market_dag.py
[2025-10-04T17:54:52.545+0000] {logging_mixin.py:190} INFO - [2025-10-04T17:54:52.545+0000] {dag.py:3229} INFO - Sync 1 DAGs
[2025-10-04T17:54:52.552+0000] {logging_mixin.py:190} INFO - [2025-10-04T17:54:52.552+0000] {dag.py:4156} INFO - Setting next_dagrun for 180DayStockData to 2025-10-04 00:00:00+00:00, run_after=2025-10-05 00:00:00+00:00
[2025-10-04T17:54:52.558+0000] {processor.py:208} INFO - Processing /opt/airflow/dags/stock_market_dag.py took 0.169 seconds
[2025-10-04T17:55:22.747+0000] {processor.py:186} INFO - Started process (PID=623) to work on /opt/airflow/dags/stock_market_dag.py
[2025-10-04T17:55:22.748+0000] {processor.py:914} INFO - Processing file /opt/airflow/dags/stock_market_dag.py for tasks to queue
[2025-10-04T17:55:22.749+0000] {logging_mixin.py:190} INFO - [2025-10-04T17:55:22.749+0000] {dagbag.py:587} INFO - Filling up the DagBag from /opt/airflow/dags/stock_market_dag.py
[2025-10-04T17:55:22.887+0000] {processor.py:925} INFO - DAG(s) '180DayStockData' retrieved from /opt/airflow/dags/stock_market_dag.py
[2025-10-04T17:55:22.895+0000] {logging_mixin.py:190} INFO - [2025-10-04T17:55:22.895+0000] {dag.py:3229} INFO - Sync 1 DAGs
[2025-10-04T17:55:22.902+0000] {logging_mixin.py:190} INFO - [2025-10-04T17:55:22.902+0000] {dag.py:4156} INFO - Setting next_dagrun for 180DayStockData to 2025-10-04 00:00:00+00:00, run_after=2025-10-05 00:00:00+00:00
[2025-10-04T17:55:22.974+0000] {processor.py:208} INFO - Processing /opt/airflow/dags/stock_market_dag.py took 0.232 seconds
[2025-10-04T17:55:53.099+0000] {processor.py:186} INFO - Started process (PID=639) to work on /opt/airflow/dags/stock_market_dag.py
[2025-10-04T17:55:53.099+0000] {processor.py:914} INFO - Processing file /opt/airflow/dags/stock_market_dag.py for tasks to queue
[2025-10-04T17:55:53.100+0000] {logging_mixin.py:190} INFO - [2025-10-04T17:55:53.100+0000] {dagbag.py:587} INFO - Filling up the DagBag from /opt/airflow/dags/stock_market_dag.py
[2025-10-04T17:55:53.234+0000] {processor.py:925} INFO - DAG(s) '180DayStockData' retrieved from /opt/airflow/dags/stock_market_dag.py
[2025-10-04T17:55:53.248+0000] {logging_mixin.py:190} INFO - [2025-10-04T17:55:53.247+0000] {dag.py:3229} INFO - Sync 1 DAGs
[2025-10-04T17:55:53.265+0000] {logging_mixin.py:190} INFO - [2025-10-04T17:55:53.264+0000] {dag.py:4156} INFO - Setting next_dagrun for 180DayStockData to 2025-10-04 00:00:00+00:00, run_after=2025-10-05 00:00:00+00:00
[2025-10-04T17:55:53.297+0000] {processor.py:208} INFO - Processing /opt/airflow/dags/stock_market_dag.py took 0.201 seconds
[2025-10-04T17:56:23.407+0000] {processor.py:186} INFO - Started process (PID=656) to work on /opt/airflow/dags/stock_market_dag.py
[2025-10-04T17:56:23.407+0000] {processor.py:914} INFO - Processing file /opt/airflow/dags/stock_market_dag.py for tasks to queue
[2025-10-04T17:56:23.408+0000] {logging_mixin.py:190} INFO - [2025-10-04T17:56:23.408+0000] {dagbag.py:587} INFO - Filling up the DagBag from /opt/airflow/dags/stock_market_dag.py
[2025-10-04T17:56:23.542+0000] {processor.py:925} INFO - DAG(s) '180DayStockData' retrieved from /opt/airflow/dags/stock_market_dag.py
[2025-10-04T17:56:23.552+0000] {logging_mixin.py:190} INFO - [2025-10-04T17:56:23.552+0000] {dag.py:3229} INFO - Sync 1 DAGs
[2025-10-04T17:56:23.635+0000] {logging_mixin.py:190} INFO - [2025-10-04T17:56:23.635+0000] {dag.py:4156} INFO - Setting next_dagrun for 180DayStockData to 2025-10-04 00:00:00+00:00, run_after=2025-10-05 00:00:00+00:00
[2025-10-04T17:56:23.641+0000] {processor.py:208} INFO - Processing /opt/airflow/dags/stock_market_dag.py took 0.237 seconds
[2025-10-04T17:56:53.800+0000] {processor.py:186} INFO - Started process (PID=672) to work on /opt/airflow/dags/stock_market_dag.py
[2025-10-04T17:56:53.801+0000] {processor.py:914} INFO - Processing file /opt/airflow/dags/stock_market_dag.py for tasks to queue
[2025-10-04T17:56:53.803+0000] {logging_mixin.py:190} INFO - [2025-10-04T17:56:53.802+0000] {dagbag.py:587} INFO - Filling up the DagBag from /opt/airflow/dags/stock_market_dag.py
[2025-10-04T17:56:53.940+0000] {processor.py:925} INFO - DAG(s) '180DayStockData' retrieved from /opt/airflow/dags/stock_market_dag.py
[2025-10-04T17:56:54.017+0000] {logging_mixin.py:190} INFO - [2025-10-04T17:56:54.017+0000] {dag.py:3229} INFO - Sync 1 DAGs
[2025-10-04T17:56:54.024+0000] {logging_mixin.py:190} INFO - [2025-10-04T17:56:54.024+0000] {dag.py:4156} INFO - Setting next_dagrun for 180DayStockData to 2025-10-04 00:00:00+00:00, run_after=2025-10-05 00:00:00+00:00
[2025-10-04T17:56:54.029+0000] {processor.py:208} INFO - Processing /opt/airflow/dags/stock_market_dag.py took 0.235 seconds
[2025-10-04T17:57:24.363+0000] {processor.py:186} INFO - Started process (PID=693) to work on /opt/airflow/dags/stock_market_dag.py
[2025-10-04T17:57:24.364+0000] {processor.py:914} INFO - Processing file /opt/airflow/dags/stock_market_dag.py for tasks to queue
[2025-10-04T17:57:24.365+0000] {logging_mixin.py:190} INFO - [2025-10-04T17:57:24.365+0000] {dagbag.py:587} INFO - Filling up the DagBag from /opt/airflow/dags/stock_market_dag.py
[2025-10-04T17:57:24.516+0000] {processor.py:925} INFO - DAG(s) '180DayStockData' retrieved from /opt/airflow/dags/stock_market_dag.py
[2025-10-04T17:57:24.527+0000] {logging_mixin.py:190} INFO - [2025-10-04T17:57:24.527+0000] {dag.py:3229} INFO - Sync 1 DAGs
[2025-10-04T17:57:24.537+0000] {logging_mixin.py:190} INFO - [2025-10-04T17:57:24.537+0000] {dag.py:4156} INFO - Setting next_dagrun for 180DayStockData to 2025-10-04 00:00:00+00:00, run_after=2025-10-05 00:00:00+00:00
[2025-10-04T17:57:24.545+0000] {processor.py:208} INFO - Processing /opt/airflow/dags/stock_market_dag.py took 0.186 seconds
[2025-10-04T17:57:54.873+0000] {processor.py:186} INFO - Started process (PID=714) to work on /opt/airflow/dags/stock_market_dag.py
[2025-10-04T17:57:54.874+0000] {processor.py:914} INFO - Processing file /opt/airflow/dags/stock_market_dag.py for tasks to queue
[2025-10-04T17:57:54.876+0000] {logging_mixin.py:190} INFO - [2025-10-04T17:57:54.876+0000] {dagbag.py:587} INFO - Filling up the DagBag from /opt/airflow/dags/stock_market_dag.py
[2025-10-04T17:57:55.020+0000] {processor.py:925} INFO - DAG(s) '180DayStockData' retrieved from /opt/airflow/dags/stock_market_dag.py
[2025-10-04T17:57:55.029+0000] {logging_mixin.py:190} INFO - [2025-10-04T17:57:55.028+0000] {dag.py:3229} INFO - Sync 1 DAGs
[2025-10-04T17:57:55.036+0000] {logging_mixin.py:190} INFO - [2025-10-04T17:57:55.036+0000] {dag.py:4156} INFO - Setting next_dagrun for 180DayStockData to 2025-10-04 00:00:00+00:00, run_after=2025-10-05 00:00:00+00:00
[2025-10-04T17:57:55.121+0000] {processor.py:208} INFO - Processing /opt/airflow/dags/stock_market_dag.py took 0.253 seconds
[2025-10-04T17:58:25.219+0000] {processor.py:186} INFO - Started process (PID=735) to work on /opt/airflow/dags/stock_market_dag.py
[2025-10-04T17:58:25.220+0000] {processor.py:914} INFO - Processing file /opt/airflow/dags/stock_market_dag.py for tasks to queue
[2025-10-04T17:58:25.221+0000] {logging_mixin.py:190} INFO - [2025-10-04T17:58:25.221+0000] {dagbag.py:587} INFO - Filling up the DagBag from /opt/airflow/dags/stock_market_dag.py
[2025-10-04T17:58:25.382+0000] {processor.py:925} INFO - DAG(s) '180DayStockData' retrieved from /opt/airflow/dags/stock_market_dag.py
[2025-10-04T17:58:25.393+0000] {logging_mixin.py:190} INFO - [2025-10-04T17:58:25.393+0000] {dag.py:3229} INFO - Sync 1 DAGs
[2025-10-04T17:58:25.403+0000] {logging_mixin.py:190} INFO - [2025-10-04T17:58:25.403+0000] {dag.py:4156} INFO - Setting next_dagrun for 180DayStockData to 2025-10-04 00:00:00+00:00, run_after=2025-10-05 00:00:00+00:00
[2025-10-04T17:58:25.411+0000] {processor.py:208} INFO - Processing /opt/airflow/dags/stock_market_dag.py took 0.194 seconds
[2025-10-04T17:58:55.615+0000] {processor.py:186} INFO - Started process (PID=756) to work on /opt/airflow/dags/stock_market_dag.py
[2025-10-04T17:58:55.616+0000] {processor.py:914} INFO - Processing file /opt/airflow/dags/stock_market_dag.py for tasks to queue
[2025-10-04T17:58:55.617+0000] {logging_mixin.py:190} INFO - [2025-10-04T17:58:55.616+0000] {dagbag.py:587} INFO - Filling up the DagBag from /opt/airflow/dags/stock_market_dag.py
[2025-10-04T17:58:55.739+0000] {processor.py:925} INFO - DAG(s) '180DayStockData' retrieved from /opt/airflow/dags/stock_market_dag.py
[2025-10-04T17:58:55.816+0000] {logging_mixin.py:190} INFO - [2025-10-04T17:58:55.816+0000] {dag.py:3229} INFO - Sync 1 DAGs
[2025-10-04T17:58:55.823+0000] {logging_mixin.py:190} INFO - [2025-10-04T17:58:55.823+0000] {dag.py:4156} INFO - Setting next_dagrun for 180DayStockData to 2025-10-04 00:00:00+00:00, run_after=2025-10-05 00:00:00+00:00
[2025-10-04T17:58:55.828+0000] {processor.py:208} INFO - Processing /opt/airflow/dags/stock_market_dag.py took 0.215 seconds
[2025-10-04T17:59:26.188+0000] {processor.py:186} INFO - Started process (PID=781) to work on /opt/airflow/dags/stock_market_dag.py
[2025-10-04T17:59:26.190+0000] {processor.py:914} INFO - Processing file /opt/airflow/dags/stock_market_dag.py for tasks to queue
[2025-10-04T17:59:26.192+0000] {logging_mixin.py:190} INFO - [2025-10-04T17:59:26.192+0000] {dagbag.py:587} INFO - Filling up the DagBag from /opt/airflow/dags/stock_market_dag.py
[2025-10-04T17:59:26.345+0000] {processor.py:925} INFO - DAG(s) '180DayStockData' retrieved from /opt/airflow/dags/stock_market_dag.py
[2025-10-04T17:59:26.355+0000] {logging_mixin.py:190} INFO - [2025-10-04T17:59:26.355+0000] {dag.py:3229} INFO - Sync 1 DAGs
[2025-10-04T17:59:26.362+0000] {logging_mixin.py:190} INFO - [2025-10-04T17:59:26.362+0000] {dag.py:4156} INFO - Setting next_dagrun for 180DayStockData to 2025-10-04 00:00:00+00:00, run_after=2025-10-05 00:00:00+00:00
[2025-10-04T17:59:26.368+0000] {processor.py:208} INFO - Processing /opt/airflow/dags/stock_market_dag.py took 0.185 seconds
[2025-10-04T17:59:56.688+0000] {processor.py:186} INFO - Started process (PID=841) to work on /opt/airflow/dags/stock_market_dag.py
[2025-10-04T17:59:56.689+0000] {processor.py:914} INFO - Processing file /opt/airflow/dags/stock_market_dag.py for tasks to queue
[2025-10-04T17:59:56.690+0000] {logging_mixin.py:190} INFO - [2025-10-04T17:59:56.690+0000] {dagbag.py:587} INFO - Filling up the DagBag from /opt/airflow/dags/stock_market_dag.py
[2025-10-04T17:59:56.832+0000] {processor.py:925} INFO - DAG(s) '180DayStockData' retrieved from /opt/airflow/dags/stock_market_dag.py
[2025-10-04T17:59:56.842+0000] {logging_mixin.py:190} INFO - [2025-10-04T17:59:56.842+0000] {dag.py:3229} INFO - Sync 1 DAGs
[2025-10-04T17:59:56.850+0000] {logging_mixin.py:190} INFO - [2025-10-04T17:59:56.850+0000] {dag.py:4156} INFO - Setting next_dagrun for 180DayStockData to 2025-10-04 00:00:00+00:00, run_after=2025-10-05 00:00:00+00:00
[2025-10-04T17:59:56.960+0000] {processor.py:208} INFO - Processing /opt/airflow/dags/stock_market_dag.py took 0.279 seconds
[2025-10-04T18:00:27.300+0000] {processor.py:186} INFO - Started process (PID=862) to work on /opt/airflow/dags/stock_market_dag.py
[2025-10-04T18:00:27.303+0000] {processor.py:914} INFO - Processing file /opt/airflow/dags/stock_market_dag.py for tasks to queue
[2025-10-04T18:00:27.304+0000] {logging_mixin.py:190} INFO - [2025-10-04T18:00:27.304+0000] {dagbag.py:587} INFO - Filling up the DagBag from /opt/airflow/dags/stock_market_dag.py
[2025-10-04T18:00:27.441+0000] {processor.py:925} INFO - DAG(s) '180DayStockData' retrieved from /opt/airflow/dags/stock_market_dag.py
[2025-10-04T18:00:27.449+0000] {logging_mixin.py:190} INFO - [2025-10-04T18:00:27.449+0000] {dag.py:3229} INFO - Sync 1 DAGs
[2025-10-04T18:00:27.457+0000] {logging_mixin.py:190} INFO - [2025-10-04T18:00:27.457+0000] {dag.py:4156} INFO - Setting next_dagrun for 180DayStockData to 2025-10-04 00:00:00+00:00, run_after=2025-10-05 00:00:00+00:00
[2025-10-04T18:00:27.462+0000] {processor.py:208} INFO - Processing /opt/airflow/dags/stock_market_dag.py took 0.166 seconds
[2025-10-04T18:00:57.814+0000] {processor.py:186} INFO - Started process (PID=883) to work on /opt/airflow/dags/stock_market_dag.py
[2025-10-04T18:00:57.815+0000] {processor.py:914} INFO - Processing file /opt/airflow/dags/stock_market_dag.py for tasks to queue
[2025-10-04T18:00:57.817+0000] {logging_mixin.py:190} INFO - [2025-10-04T18:00:57.816+0000] {dagbag.py:587} INFO - Filling up the DagBag from /opt/airflow/dags/stock_market_dag.py
[2025-10-04T18:00:57.956+0000] {processor.py:925} INFO - DAG(s) '180DayStockData' retrieved from /opt/airflow/dags/stock_market_dag.py
[2025-10-04T18:00:58.045+0000] {logging_mixin.py:190} INFO - [2025-10-04T18:00:58.045+0000] {dag.py:3229} INFO - Sync 1 DAGs
[2025-10-04T18:00:58.051+0000] {logging_mixin.py:190} INFO - [2025-10-04T18:00:58.051+0000] {dag.py:4156} INFO - Setting next_dagrun for 180DayStockData to 2025-10-04 00:00:00+00:00, run_after=2025-10-05 00:00:00+00:00
[2025-10-04T18:00:58.056+0000] {processor.py:208} INFO - Processing /opt/airflow/dags/stock_market_dag.py took 0.247 seconds
[2025-10-04T18:01:28.349+0000] {processor.py:186} INFO - Started process (PID=904) to work on /opt/airflow/dags/stock_market_dag.py
[2025-10-04T18:01:28.350+0000] {processor.py:914} INFO - Processing file /opt/airflow/dags/stock_market_dag.py for tasks to queue
[2025-10-04T18:01:28.352+0000] {logging_mixin.py:190} INFO - [2025-10-04T18:01:28.352+0000] {dagbag.py:587} INFO - Filling up the DagBag from /opt/airflow/dags/stock_market_dag.py
[2025-10-04T18:01:28.571+0000] {processor.py:925} INFO - DAG(s) '180DayStockData' retrieved from /opt/airflow/dags/stock_market_dag.py
[2025-10-04T18:01:28.580+0000] {logging_mixin.py:190} INFO - [2025-10-04T18:01:28.580+0000] {dag.py:3229} INFO - Sync 1 DAGs
[2025-10-04T18:01:28.587+0000] {logging_mixin.py:190} INFO - [2025-10-04T18:01:28.587+0000] {dag.py:4156} INFO - Setting next_dagrun for 180DayStockData to 2025-10-04 00:00:00+00:00, run_after=2025-10-05 00:00:00+00:00
[2025-10-04T18:01:28.592+0000] {processor.py:208} INFO - Processing /opt/airflow/dags/stock_market_dag.py took 0.249 seconds
[2025-10-04T18:01:58.955+0000] {processor.py:186} INFO - Started process (PID=925) to work on /opt/airflow/dags/stock_market_dag.py
[2025-10-04T18:01:58.956+0000] {processor.py:914} INFO - Processing file /opt/airflow/dags/stock_market_dag.py for tasks to queue
[2025-10-04T18:01:58.959+0000] {logging_mixin.py:190} INFO - [2025-10-04T18:01:58.958+0000] {dagbag.py:587} INFO - Filling up the DagBag from /opt/airflow/dags/stock_market_dag.py
[2025-10-04T18:01:59.106+0000] {processor.py:925} INFO - DAG(s) '180DayStockData' retrieved from /opt/airflow/dags/stock_market_dag.py
[2025-10-04T18:01:59.114+0000] {logging_mixin.py:190} INFO - [2025-10-04T18:01:59.114+0000] {dag.py:3229} INFO - Sync 1 DAGs
[2025-10-04T18:01:59.122+0000] {logging_mixin.py:190} INFO - [2025-10-04T18:01:59.121+0000] {dag.py:4156} INFO - Setting next_dagrun for 180DayStockData to 2025-10-04 00:00:00+00:00, run_after=2025-10-05 00:00:00+00:00
[2025-10-04T18:01:59.195+0000] {processor.py:208} INFO - Processing /opt/airflow/dags/stock_market_dag.py took 0.245 seconds
[2025-10-04T18:02:29.551+0000] {processor.py:186} INFO - Started process (PID=946) to work on /opt/airflow/dags/stock_market_dag.py
[2025-10-04T18:02:29.551+0000] {processor.py:914} INFO - Processing file /opt/airflow/dags/stock_market_dag.py for tasks to queue
[2025-10-04T18:02:29.553+0000] {logging_mixin.py:190} INFO - [2025-10-04T18:02:29.552+0000] {dagbag.py:587} INFO - Filling up the DagBag from /opt/airflow/dags/stock_market_dag.py
[2025-10-04T18:02:29.688+0000] {processor.py:925} INFO - DAG(s) '180DayStockData' retrieved from /opt/airflow/dags/stock_market_dag.py
[2025-10-04T18:02:29.698+0000] {logging_mixin.py:190} INFO - [2025-10-04T18:02:29.697+0000] {dag.py:3229} INFO - Sync 1 DAGs
[2025-10-04T18:02:29.778+0000] {logging_mixin.py:190} INFO - [2025-10-04T18:02:29.778+0000] {dag.py:4156} INFO - Setting next_dagrun for 180DayStockData to 2025-10-04 00:00:00+00:00, run_after=2025-10-05 00:00:00+00:00
[2025-10-04T18:02:29.783+0000] {processor.py:208} INFO - Processing /opt/airflow/dags/stock_market_dag.py took 0.236 seconds
[2025-10-04T18:03:00.131+0000] {processor.py:186} INFO - Started process (PID=967) to work on /opt/airflow/dags/stock_market_dag.py
[2025-10-04T18:03:00.132+0000] {processor.py:914} INFO - Processing file /opt/airflow/dags/stock_market_dag.py for tasks to queue
[2025-10-04T18:03:00.134+0000] {logging_mixin.py:190} INFO - [2025-10-04T18:03:00.134+0000] {dagbag.py:587} INFO - Filling up the DagBag from /opt/airflow/dags/stock_market_dag.py
[2025-10-04T18:03:00.275+0000] {processor.py:925} INFO - DAG(s) '180DayStockData' retrieved from /opt/airflow/dags/stock_market_dag.py
[2025-10-04T18:03:00.356+0000] {logging_mixin.py:190} INFO - [2025-10-04T18:03:00.356+0000] {dag.py:3229} INFO - Sync 1 DAGs
[2025-10-04T18:03:00.362+0000] {logging_mixin.py:190} INFO - [2025-10-04T18:03:00.362+0000] {dag.py:4156} INFO - Setting next_dagrun for 180DayStockData to 2025-10-04 00:00:00+00:00, run_after=2025-10-05 00:00:00+00:00
[2025-10-04T18:03:00.368+0000] {processor.py:208} INFO - Processing /opt/airflow/dags/stock_market_dag.py took 0.241 seconds
[2025-10-04T18:03:30.715+0000] {processor.py:186} INFO - Started process (PID=988) to work on /opt/airflow/dags/stock_market_dag.py
[2025-10-04T18:03:30.716+0000] {processor.py:914} INFO - Processing file /opt/airflow/dags/stock_market_dag.py for tasks to queue
[2025-10-04T18:03:30.718+0000] {logging_mixin.py:190} INFO - [2025-10-04T18:03:30.718+0000] {dagbag.py:587} INFO - Filling up the DagBag from /opt/airflow/dags/stock_market_dag.py
[2025-10-04T18:03:30.938+0000] {processor.py:925} INFO - DAG(s) '180DayStockData' retrieved from /opt/airflow/dags/stock_market_dag.py
[2025-10-04T18:03:30.945+0000] {logging_mixin.py:190} INFO - [2025-10-04T18:03:30.945+0000] {dag.py:3229} INFO - Sync 1 DAGs
[2025-10-04T18:03:30.952+0000] {logging_mixin.py:190} INFO - [2025-10-04T18:03:30.952+0000] {dag.py:4156} INFO - Setting next_dagrun for 180DayStockData to 2025-10-04 00:00:00+00:00, run_after=2025-10-05 00:00:00+00:00
[2025-10-04T18:03:30.957+0000] {processor.py:208} INFO - Processing /opt/airflow/dags/stock_market_dag.py took 0.248 seconds
[2025-10-04T18:04:01.319+0000] {processor.py:186} INFO - Started process (PID=1009) to work on /opt/airflow/dags/stock_market_dag.py
[2025-10-04T18:04:01.319+0000] {processor.py:914} INFO - Processing file /opt/airflow/dags/stock_market_dag.py for tasks to queue
[2025-10-04T18:04:01.321+0000] {logging_mixin.py:190} INFO - [2025-10-04T18:04:01.321+0000] {dagbag.py:587} INFO - Filling up the DagBag from /opt/airflow/dags/stock_market_dag.py
[2025-10-04T18:04:01.460+0000] {processor.py:925} INFO - DAG(s) '180DayStockData' retrieved from /opt/airflow/dags/stock_market_dag.py
[2025-10-04T18:04:01.469+0000] {logging_mixin.py:190} INFO - [2025-10-04T18:04:01.469+0000] {dag.py:3229} INFO - Sync 1 DAGs
[2025-10-04T18:04:01.476+0000] {logging_mixin.py:190} INFO - [2025-10-04T18:04:01.476+0000] {dag.py:4156} INFO - Setting next_dagrun for 180DayStockData to 2025-10-04 00:00:00+00:00, run_after=2025-10-05 00:00:00+00:00
[2025-10-04T18:04:01.553+0000] {processor.py:208} INFO - Processing /opt/airflow/dags/stock_market_dag.py took 0.240 seconds
[2025-10-04T18:04:31.869+0000] {processor.py:186} INFO - Started process (PID=1030) to work on /opt/airflow/dags/stock_market_dag.py
[2025-10-04T18:04:31.871+0000] {processor.py:914} INFO - Processing file /opt/airflow/dags/stock_market_dag.py for tasks to queue
[2025-10-04T18:04:31.872+0000] {logging_mixin.py:190} INFO - [2025-10-04T18:04:31.872+0000] {dagbag.py:587} INFO - Filling up the DagBag from /opt/airflow/dags/stock_market_dag.py
[2025-10-04T18:04:32.011+0000] {processor.py:925} INFO - DAG(s) '180DayStockData' retrieved from /opt/airflow/dags/stock_market_dag.py
[2025-10-04T18:04:32.020+0000] {logging_mixin.py:190} INFO - [2025-10-04T18:04:32.020+0000] {dag.py:3229} INFO - Sync 1 DAGs
[2025-10-04T18:04:32.097+0000] {logging_mixin.py:190} INFO - [2025-10-04T18:04:32.097+0000] {dag.py:4156} INFO - Setting next_dagrun for 180DayStockData to 2025-10-04 00:00:00+00:00, run_after=2025-10-05 00:00:00+00:00
[2025-10-04T18:04:32.103+0000] {processor.py:208} INFO - Processing /opt/airflow/dags/stock_market_dag.py took 0.239 seconds
[2025-10-04T18:05:02.432+0000] {processor.py:186} INFO - Started process (PID=1056) to work on /opt/airflow/dags/stock_market_dag.py
[2025-10-04T18:05:02.433+0000] {processor.py:914} INFO - Processing file /opt/airflow/dags/stock_market_dag.py for tasks to queue
[2025-10-04T18:05:02.435+0000] {logging_mixin.py:190} INFO - [2025-10-04T18:05:02.435+0000] {dagbag.py:587} INFO - Filling up the DagBag from /opt/airflow/dags/stock_market_dag.py
[2025-10-04T18:05:02.646+0000] {processor.py:925} INFO - DAG(s) '180DayStockData' retrieved from /opt/airflow/dags/stock_market_dag.py
[2025-10-04T18:05:02.655+0000] {logging_mixin.py:190} INFO - [2025-10-04T18:05:02.655+0000] {dag.py:3229} INFO - Sync 1 DAGs
[2025-10-04T18:05:02.661+0000] {logging_mixin.py:190} INFO - [2025-10-04T18:05:02.661+0000] {dag.py:4156} INFO - Setting next_dagrun for 180DayStockData to 2025-10-04 00:00:00+00:00, run_after=2025-10-05 00:00:00+00:00
[2025-10-04T18:05:02.666+0000] {processor.py:208} INFO - Processing /opt/airflow/dags/stock_market_dag.py took 0.240 seconds
[2025-10-04T18:05:32.998+0000] {processor.py:186} INFO - Started process (PID=1077) to work on /opt/airflow/dags/stock_market_dag.py
[2025-10-04T18:05:32.999+0000] {processor.py:914} INFO - Processing file /opt/airflow/dags/stock_market_dag.py for tasks to queue
[2025-10-04T18:05:33.001+0000] {logging_mixin.py:190} INFO - [2025-10-04T18:05:33.001+0000] {dagbag.py:587} INFO - Filling up the DagBag from /opt/airflow/dags/stock_market_dag.py
[2025-10-04T18:05:33.209+0000] {processor.py:925} INFO - DAG(s) '180DayStockData' retrieved from /opt/airflow/dags/stock_market_dag.py
[2025-10-04T18:05:33.217+0000] {logging_mixin.py:190} INFO - [2025-10-04T18:05:33.217+0000] {dag.py:3229} INFO - Sync 1 DAGs
[2025-10-04T18:05:33.223+0000] {logging_mixin.py:190} INFO - [2025-10-04T18:05:33.223+0000] {dag.py:4156} INFO - Setting next_dagrun for 180DayStockData to 2025-10-04 00:00:00+00:00, run_after=2025-10-05 00:00:00+00:00
[2025-10-04T18:05:33.228+0000] {processor.py:208} INFO - Processing /opt/airflow/dags/stock_market_dag.py took 0.235 seconds
[2025-10-04T18:06:03.527+0000] {processor.py:186} INFO - Started process (PID=1098) to work on /opt/airflow/dags/stock_market_dag.py
[2025-10-04T18:06:03.527+0000] {processor.py:914} INFO - Processing file /opt/airflow/dags/stock_market_dag.py for tasks to queue
[2025-10-04T18:06:03.528+0000] {logging_mixin.py:190} INFO - [2025-10-04T18:06:03.528+0000] {dagbag.py:587} INFO - Filling up the DagBag from /opt/airflow/dags/stock_market_dag.py
[2025-10-04T18:06:03.666+0000] {processor.py:925} INFO - DAG(s) '180DayStockData' retrieved from /opt/airflow/dags/stock_market_dag.py
[2025-10-04T18:06:03.675+0000] {logging_mixin.py:190} INFO - [2025-10-04T18:06:03.675+0000] {dag.py:3229} INFO - Sync 1 DAGs
[2025-10-04T18:06:03.682+0000] {logging_mixin.py:190} INFO - [2025-10-04T18:06:03.682+0000] {dag.py:4156} INFO - Setting next_dagrun for 180DayStockData to 2025-10-04 00:00:00+00:00, run_after=2025-10-05 00:00:00+00:00
[2025-10-04T18:06:03.756+0000] {processor.py:208} INFO - Processing /opt/airflow/dags/stock_market_dag.py took 0.232 seconds
[2025-10-04T18:06:34.106+0000] {processor.py:186} INFO - Started process (PID=1119) to work on /opt/airflow/dags/stock_market_dag.py
[2025-10-04T18:06:34.107+0000] {processor.py:914} INFO - Processing file /opt/airflow/dags/stock_market_dag.py for tasks to queue
[2025-10-04T18:06:34.109+0000] {logging_mixin.py:190} INFO - [2025-10-04T18:06:34.109+0000] {dagbag.py:587} INFO - Filling up the DagBag from /opt/airflow/dags/stock_market_dag.py
[2025-10-04T18:06:34.245+0000] {processor.py:925} INFO - DAG(s) '180DayStockData' retrieved from /opt/airflow/dags/stock_market_dag.py
[2025-10-04T18:06:34.254+0000] {logging_mixin.py:190} INFO - [2025-10-04T18:06:34.253+0000] {dag.py:3229} INFO - Sync 1 DAGs
[2025-10-04T18:06:34.330+0000] {logging_mixin.py:190} INFO - [2025-10-04T18:06:34.330+0000] {dag.py:4156} INFO - Setting next_dagrun for 180DayStockData to 2025-10-04 00:00:00+00:00, run_after=2025-10-05 00:00:00+00:00
[2025-10-04T18:06:34.337+0000] {processor.py:208} INFO - Processing /opt/airflow/dags/stock_market_dag.py took 0.235 seconds
[2025-10-04T18:07:04.611+0000] {processor.py:186} INFO - Started process (PID=1140) to work on /opt/airflow/dags/stock_market_dag.py
[2025-10-04T18:07:04.612+0000] {processor.py:914} INFO - Processing file /opt/airflow/dags/stock_market_dag.py for tasks to queue
[2025-10-04T18:07:04.614+0000] {logging_mixin.py:190} INFO - [2025-10-04T18:07:04.614+0000] {dagbag.py:587} INFO - Filling up the DagBag from /opt/airflow/dags/stock_market_dag.py
[2025-10-04T18:07:04.825+0000] {processor.py:925} INFO - DAG(s) '180DayStockData' retrieved from /opt/airflow/dags/stock_market_dag.py
[2025-10-04T18:07:04.833+0000] {logging_mixin.py:190} INFO - [2025-10-04T18:07:04.833+0000] {dag.py:3229} INFO - Sync 1 DAGs
[2025-10-04T18:07:04.839+0000] {logging_mixin.py:190} INFO - [2025-10-04T18:07:04.839+0000] {dag.py:4156} INFO - Setting next_dagrun for 180DayStockData to 2025-10-04 00:00:00+00:00, run_after=2025-10-05 00:00:00+00:00
[2025-10-04T18:07:04.844+0000] {processor.py:208} INFO - Processing /opt/airflow/dags/stock_market_dag.py took 0.240 seconds
[2025-10-04T18:07:35.417+0000] {processor.py:186} INFO - Started process (PID=1161) to work on /opt/airflow/dags/stock_market_dag.py
[2025-10-04T18:07:35.418+0000] {processor.py:914} INFO - Processing file /opt/airflow/dags/stock_market_dag.py for tasks to queue
[2025-10-04T18:07:35.421+0000] {logging_mixin.py:190} INFO - [2025-10-04T18:07:35.421+0000] {dagbag.py:587} INFO - Filling up the DagBag from /opt/airflow/dags/stock_market_dag.py
[2025-10-04T18:07:35.627+0000] {processor.py:925} INFO - DAG(s) '180DayStockData' retrieved from /opt/airflow/dags/stock_market_dag.py
[2025-10-04T18:07:35.637+0000] {logging_mixin.py:190} INFO - [2025-10-04T18:07:35.636+0000] {dag.py:3229} INFO - Sync 1 DAGs
[2025-10-04T18:07:35.643+0000] {logging_mixin.py:190} INFO - [2025-10-04T18:07:35.643+0000] {dag.py:4156} INFO - Setting next_dagrun for 180DayStockData to 2025-10-04 00:00:00+00:00, run_after=2025-10-05 00:00:00+00:00
[2025-10-04T18:07:35.649+0000] {processor.py:208} INFO - Processing /opt/airflow/dags/stock_market_dag.py took 0.237 seconds
[2025-10-04T18:08:06.218+0000] {processor.py:186} INFO - Started process (PID=1182) to work on /opt/airflow/dags/stock_market_dag.py
[2025-10-04T18:08:06.219+0000] {processor.py:914} INFO - Processing file /opt/airflow/dags/stock_market_dag.py for tasks to queue
[2025-10-04T18:08:06.221+0000] {logging_mixin.py:190} INFO - [2025-10-04T18:08:06.220+0000] {dagbag.py:587} INFO - Filling up the DagBag from /opt/airflow/dags/stock_market_dag.py
[2025-10-04T18:08:06.361+0000] {processor.py:925} INFO - DAG(s) '180DayStockData' retrieved from /opt/airflow/dags/stock_market_dag.py
[2025-10-04T18:08:06.370+0000] {logging_mixin.py:190} INFO - [2025-10-04T18:08:06.370+0000] {dag.py:3229} INFO - Sync 1 DAGs
[2025-10-04T18:08:06.377+0000] {logging_mixin.py:190} INFO - [2025-10-04T18:08:06.377+0000] {dag.py:4156} INFO - Setting next_dagrun for 180DayStockData to 2025-10-04 00:00:00+00:00, run_after=2025-10-05 00:00:00+00:00
[2025-10-04T18:08:06.453+0000] {processor.py:208} INFO - Processing /opt/airflow/dags/stock_market_dag.py took 0.240 seconds
[2025-10-04T18:08:36.814+0000] {processor.py:186} INFO - Started process (PID=1203) to work on /opt/airflow/dags/stock_market_dag.py
[2025-10-04T18:08:36.815+0000] {processor.py:914} INFO - Processing file /opt/airflow/dags/stock_market_dag.py for tasks to queue
[2025-10-04T18:08:36.817+0000] {logging_mixin.py:190} INFO - [2025-10-04T18:08:36.816+0000] {dagbag.py:587} INFO - Filling up the DagBag from /opt/airflow/dags/stock_market_dag.py
[2025-10-04T18:08:36.950+0000] {processor.py:925} INFO - DAG(s) '180DayStockData' retrieved from /opt/airflow/dags/stock_market_dag.py
[2025-10-04T18:08:36.960+0000] {logging_mixin.py:190} INFO - [2025-10-04T18:08:36.959+0000] {dag.py:3229} INFO - Sync 1 DAGs
[2025-10-04T18:08:37.037+0000] {logging_mixin.py:190} INFO - [2025-10-04T18:08:37.036+0000] {dag.py:4156} INFO - Setting next_dagrun for 180DayStockData to 2025-10-04 00:00:00+00:00, run_after=2025-10-05 00:00:00+00:00
[2025-10-04T18:08:37.042+0000] {processor.py:208} INFO - Processing /opt/airflow/dags/stock_market_dag.py took 0.232 seconds
[2025-10-04T18:09:07.406+0000] {processor.py:186} INFO - Started process (PID=1224) to work on /opt/airflow/dags/stock_market_dag.py
[2025-10-04T18:09:07.407+0000] {processor.py:914} INFO - Processing file /opt/airflow/dags/stock_market_dag.py for tasks to queue
[2025-10-04T18:09:07.409+0000] {logging_mixin.py:190} INFO - [2025-10-04T18:09:07.408+0000] {dagbag.py:587} INFO - Filling up the DagBag from /opt/airflow/dags/stock_market_dag.py
[2025-10-04T18:09:07.617+0000] {processor.py:925} INFO - DAG(s) '180DayStockData' retrieved from /opt/airflow/dags/stock_market_dag.py
[2025-10-04T18:09:07.625+0000] {logging_mixin.py:190} INFO - [2025-10-04T18:09:07.625+0000] {dag.py:3229} INFO - Sync 1 DAGs
[2025-10-04T18:09:07.631+0000] {logging_mixin.py:190} INFO - [2025-10-04T18:09:07.631+0000] {dag.py:4156} INFO - Setting next_dagrun for 180DayStockData to 2025-10-04 00:00:00+00:00, run_after=2025-10-05 00:00:00+00:00
[2025-10-04T18:09:07.636+0000] {processor.py:208} INFO - Processing /opt/airflow/dags/stock_market_dag.py took 0.236 seconds
[2025-10-04T18:09:38.005+0000] {processor.py:186} INFO - Started process (PID=1245) to work on /opt/airflow/dags/stock_market_dag.py
[2025-10-04T18:09:38.006+0000] {processor.py:914} INFO - Processing file /opt/airflow/dags/stock_market_dag.py for tasks to queue
[2025-10-04T18:09:38.007+0000] {logging_mixin.py:190} INFO - [2025-10-04T18:09:38.007+0000] {dagbag.py:587} INFO - Filling up the DagBag from /opt/airflow/dags/stock_market_dag.py
[2025-10-04T18:09:38.216+0000] {processor.py:925} INFO - DAG(s) '180DayStockData' retrieved from /opt/airflow/dags/stock_market_dag.py
[2025-10-04T18:09:38.224+0000] {logging_mixin.py:190} INFO - [2025-10-04T18:09:38.224+0000] {dag.py:3229} INFO - Sync 1 DAGs
[2025-10-04T18:09:38.230+0000] {logging_mixin.py:190} INFO - [2025-10-04T18:09:38.230+0000] {dag.py:4156} INFO - Setting next_dagrun for 180DayStockData to 2025-10-04 00:00:00+00:00, run_after=2025-10-05 00:00:00+00:00
[2025-10-04T18:09:38.235+0000] {processor.py:208} INFO - Processing /opt/airflow/dags/stock_market_dag.py took 0.236 seconds
[2025-10-04T18:10:08.361+0000] {processor.py:186} INFO - Started process (PID=1266) to work on /opt/airflow/dags/stock_market_dag.py
[2025-10-04T18:10:08.362+0000] {processor.py:914} INFO - Processing file /opt/airflow/dags/stock_market_dag.py for tasks to queue
[2025-10-04T18:10:08.364+0000] {logging_mixin.py:190} INFO - [2025-10-04T18:10:08.364+0000] {dagbag.py:587} INFO - Filling up the DagBag from /opt/airflow/dags/stock_market_dag.py
[2025-10-04T18:10:08.572+0000] {processor.py:925} INFO - DAG(s) '180DayStockData' retrieved from /opt/airflow/dags/stock_market_dag.py
[2025-10-04T18:10:08.580+0000] {logging_mixin.py:190} INFO - [2025-10-04T18:10:08.580+0000] {dag.py:3229} INFO - Sync 1 DAGs
[2025-10-04T18:10:08.586+0000] {logging_mixin.py:190} INFO - [2025-10-04T18:10:08.586+0000] {dag.py:4156} INFO - Setting next_dagrun for 180DayStockData to 2025-10-04 00:00:00+00:00, run_after=2025-10-05 00:00:00+00:00
[2025-10-04T18:10:08.592+0000] {processor.py:208} INFO - Processing /opt/airflow/dags/stock_market_dag.py took 0.235 seconds
[2025-10-04T18:10:38.907+0000] {processor.py:186} INFO - Started process (PID=1287) to work on /opt/airflow/dags/stock_market_dag.py
[2025-10-04T18:10:38.907+0000] {processor.py:914} INFO - Processing file /opt/airflow/dags/stock_market_dag.py for tasks to queue
[2025-10-04T18:10:38.909+0000] {logging_mixin.py:190} INFO - [2025-10-04T18:10:38.909+0000] {dagbag.py:587} INFO - Filling up the DagBag from /opt/airflow/dags/stock_market_dag.py
[2025-10-04T18:10:39.046+0000] {processor.py:925} INFO - DAG(s) '180DayStockData' retrieved from /opt/airflow/dags/stock_market_dag.py
[2025-10-04T18:10:39.055+0000] {logging_mixin.py:190} INFO - [2025-10-04T18:10:39.055+0000] {dag.py:3229} INFO - Sync 1 DAGs
[2025-10-04T18:10:39.140+0000] {logging_mixin.py:190} INFO - [2025-10-04T18:10:39.140+0000] {dag.py:4156} INFO - Setting next_dagrun for 180DayStockData to 2025-10-04 00:00:00+00:00, run_after=2025-10-05 00:00:00+00:00
[2025-10-04T18:10:39.145+0000] {processor.py:208} INFO - Processing /opt/airflow/dags/stock_market_dag.py took 0.243 seconds
[2025-10-04T18:11:09.428+0000] {processor.py:186} INFO - Started process (PID=1308) to work on /opt/airflow/dags/stock_market_dag.py
[2025-10-04T18:11:09.429+0000] {processor.py:914} INFO - Processing file /opt/airflow/dags/stock_market_dag.py for tasks to queue
[2025-10-04T18:11:09.431+0000] {logging_mixin.py:190} INFO - [2025-10-04T18:11:09.431+0000] {dagbag.py:587} INFO - Filling up the DagBag from /opt/airflow/dags/stock_market_dag.py
[2025-10-04T18:11:09.664+0000] {processor.py:925} INFO - DAG(s) '180DayStockData' retrieved from /opt/airflow/dags/stock_market_dag.py
[2025-10-04T18:11:09.672+0000] {logging_mixin.py:190} INFO - [2025-10-04T18:11:09.672+0000] {dag.py:3229} INFO - Sync 1 DAGs
[2025-10-04T18:11:09.678+0000] {logging_mixin.py:190} INFO - [2025-10-04T18:11:09.678+0000] {dag.py:4156} INFO - Setting next_dagrun for 180DayStockData to 2025-10-04 00:00:00+00:00, run_after=2025-10-05 00:00:00+00:00
[2025-10-04T18:11:09.683+0000] {processor.py:208} INFO - Processing /opt/airflow/dags/stock_market_dag.py took 0.260 seconds
[2025-10-04T18:11:39.968+0000] {processor.py:186} INFO - Started process (PID=1329) to work on /opt/airflow/dags/stock_market_dag.py
[2025-10-04T18:11:39.968+0000] {processor.py:914} INFO - Processing file /opt/airflow/dags/stock_market_dag.py for tasks to queue
[2025-10-04T18:11:39.971+0000] {logging_mixin.py:190} INFO - [2025-10-04T18:11:39.970+0000] {dagbag.py:587} INFO - Filling up the DagBag from /opt/airflow/dags/stock_market_dag.py
[2025-10-04T18:11:40.175+0000] {processor.py:925} INFO - DAG(s) '180DayStockData' retrieved from /opt/airflow/dags/stock_market_dag.py
[2025-10-04T18:11:40.183+0000] {logging_mixin.py:190} INFO - [2025-10-04T18:11:40.183+0000] {dag.py:3229} INFO - Sync 1 DAGs
[2025-10-04T18:11:40.189+0000] {logging_mixin.py:190} INFO - [2025-10-04T18:11:40.189+0000] {dag.py:4156} INFO - Setting next_dagrun for 180DayStockData to 2025-10-04 00:00:00+00:00, run_after=2025-10-05 00:00:00+00:00
[2025-10-04T18:11:40.194+0000] {processor.py:208} INFO - Processing /opt/airflow/dags/stock_market_dag.py took 0.231 seconds
[2025-10-04T18:12:10.751+0000] {processor.py:186} INFO - Started process (PID=1350) to work on /opt/airflow/dags/stock_market_dag.py
[2025-10-04T18:12:10.751+0000] {processor.py:914} INFO - Processing file /opt/airflow/dags/stock_market_dag.py for tasks to queue
[2025-10-04T18:12:10.753+0000] {logging_mixin.py:190} INFO - [2025-10-04T18:12:10.753+0000] {dagbag.py:587} INFO - Filling up the DagBag from /opt/airflow/dags/stock_market_dag.py
[2025-10-04T18:12:10.958+0000] {processor.py:925} INFO - DAG(s) '180DayStockData' retrieved from /opt/airflow/dags/stock_market_dag.py
[2025-10-04T18:12:10.966+0000] {logging_mixin.py:190} INFO - [2025-10-04T18:12:10.966+0000] {dag.py:3229} INFO - Sync 1 DAGs
[2025-10-04T18:12:10.972+0000] {logging_mixin.py:190} INFO - [2025-10-04T18:12:10.972+0000] {dag.py:4156} INFO - Setting next_dagrun for 180DayStockData to 2025-10-04 00:00:00+00:00, run_after=2025-10-05 00:00:00+00:00
[2025-10-04T18:12:10.977+0000] {processor.py:208} INFO - Processing /opt/airflow/dags/stock_market_dag.py took 0.231 seconds
[2025-10-04T18:12:41.358+0000] {processor.py:186} INFO - Started process (PID=1371) to work on /opt/airflow/dags/stock_market_dag.py
[2025-10-04T18:12:41.359+0000] {processor.py:914} INFO - Processing file /opt/airflow/dags/stock_market_dag.py for tasks to queue
[2025-10-04T18:12:41.361+0000] {logging_mixin.py:190} INFO - [2025-10-04T18:12:41.360+0000] {dagbag.py:587} INFO - Filling up the DagBag from /opt/airflow/dags/stock_market_dag.py
[2025-10-04T18:12:41.497+0000] {processor.py:925} INFO - DAG(s) '180DayStockData' retrieved from /opt/airflow/dags/stock_market_dag.py
[2025-10-04T18:12:41.505+0000] {logging_mixin.py:190} INFO - [2025-10-04T18:12:41.505+0000] {dag.py:3229} INFO - Sync 1 DAGs
[2025-10-04T18:12:41.582+0000] {logging_mixin.py:190} INFO - [2025-10-04T18:12:41.582+0000] {dag.py:4156} INFO - Setting next_dagrun for 180DayStockData to 2025-10-04 00:00:00+00:00, run_after=2025-10-05 00:00:00+00:00
[2025-10-04T18:12:41.588+0000] {processor.py:208} INFO - Processing /opt/airflow/dags/stock_market_dag.py took 0.235 seconds
[2025-10-04T18:13:11.874+0000] {processor.py:186} INFO - Started process (PID=1392) to work on /opt/airflow/dags/stock_market_dag.py
[2025-10-04T18:13:11.875+0000] {processor.py:914} INFO - Processing file /opt/airflow/dags/stock_market_dag.py for tasks to queue
[2025-10-04T18:13:11.877+0000] {logging_mixin.py:190} INFO - [2025-10-04T18:13:11.877+0000] {dagbag.py:587} INFO - Filling up the DagBag from /opt/airflow/dags/stock_market_dag.py
[2025-10-04T18:13:12.090+0000] {processor.py:925} INFO - DAG(s) '180DayStockData' retrieved from /opt/airflow/dags/stock_market_dag.py
[2025-10-04T18:13:12.099+0000] {logging_mixin.py:190} INFO - [2025-10-04T18:13:12.099+0000] {dag.py:3229} INFO - Sync 1 DAGs
[2025-10-04T18:13:12.106+0000] {logging_mixin.py:190} INFO - [2025-10-04T18:13:12.106+0000] {dag.py:4156} INFO - Setting next_dagrun for 180DayStockData to 2025-10-04 00:00:00+00:00, run_after=2025-10-05 00:00:00+00:00
[2025-10-04T18:13:12.111+0000] {processor.py:208} INFO - Processing /opt/airflow/dags/stock_market_dag.py took 0.241 seconds
[2025-10-04T18:13:42.422+0000] {processor.py:186} INFO - Started process (PID=1413) to work on /opt/airflow/dags/stock_market_dag.py
[2025-10-04T18:13:42.423+0000] {processor.py:914} INFO - Processing file /opt/airflow/dags/stock_market_dag.py for tasks to queue
[2025-10-04T18:13:42.431+0000] {logging_mixin.py:190} INFO - [2025-10-04T18:13:42.431+0000] {dagbag.py:587} INFO - Filling up the DagBag from /opt/airflow/dags/stock_market_dag.py
[2025-10-04T18:13:42.648+0000] {processor.py:925} INFO - DAG(s) '180DayStockData' retrieved from /opt/airflow/dags/stock_market_dag.py
[2025-10-04T18:13:42.656+0000] {logging_mixin.py:190} INFO - [2025-10-04T18:13:42.656+0000] {dag.py:3229} INFO - Sync 1 DAGs
[2025-10-04T18:13:42.662+0000] {logging_mixin.py:190} INFO - [2025-10-04T18:13:42.662+0000] {dag.py:4156} INFO - Setting next_dagrun for 180DayStockData to 2025-10-04 00:00:00+00:00, run_after=2025-10-05 00:00:00+00:00
[2025-10-04T18:13:42.667+0000] {processor.py:208} INFO - Processing /opt/airflow/dags/stock_market_dag.py took 0.251 seconds
[2025-10-04T18:14:12.955+0000] {processor.py:186} INFO - Started process (PID=1434) to work on /opt/airflow/dags/stock_market_dag.py
[2025-10-04T18:14:12.956+0000] {processor.py:914} INFO - Processing file /opt/airflow/dags/stock_market_dag.py for tasks to queue
[2025-10-04T18:14:12.958+0000] {logging_mixin.py:190} INFO - [2025-10-04T18:14:12.958+0000] {dagbag.py:587} INFO - Filling up the DagBag from /opt/airflow/dags/stock_market_dag.py
[2025-10-04T18:14:13.174+0000] {processor.py:925} INFO - DAG(s) '180DayStockData' retrieved from /opt/airflow/dags/stock_market_dag.py
[2025-10-04T18:14:13.182+0000] {logging_mixin.py:190} INFO - [2025-10-04T18:14:13.182+0000] {dag.py:3229} INFO - Sync 1 DAGs
[2025-10-04T18:14:13.189+0000] {logging_mixin.py:190} INFO - [2025-10-04T18:14:13.188+0000] {dag.py:4156} INFO - Setting next_dagrun for 180DayStockData to 2025-10-04 00:00:00+00:00, run_after=2025-10-05 00:00:00+00:00
[2025-10-04T18:14:13.195+0000] {processor.py:208} INFO - Processing /opt/airflow/dags/stock_market_dag.py took 0.244 seconds
[2025-10-04T18:14:45.807+0000] {processor.py:186} INFO - Started process (PID=268) to work on /opt/airflow/dags/stock_market_dag.py
[2025-10-04T18:14:45.808+0000] {processor.py:914} INFO - Processing file /opt/airflow/dags/stock_market_dag.py for tasks to queue
[2025-10-04T18:14:45.809+0000] {logging_mixin.py:190} INFO - [2025-10-04T18:14:45.809+0000] {dagbag.py:587} INFO - Filling up the DagBag from /opt/airflow/dags/stock_market_dag.py
[2025-10-04T18:14:46.096+0000] {processor.py:925} INFO - DAG(s) '180DayStockData' retrieved from /opt/airflow/dags/stock_market_dag.py
[2025-10-04T18:14:46.248+0000] {logging_mixin.py:190} INFO - [2025-10-04T18:14:46.248+0000] {override.py:1900} INFO - Created Permission View: can delete on DAG:180DayStockData
[2025-10-04T18:14:46.255+0000] {logging_mixin.py:190} INFO - [2025-10-04T18:14:46.255+0000] {override.py:1900} INFO - Created Permission View: can read on DAG:180DayStockData
[2025-10-04T18:14:46.259+0000] {logging_mixin.py:190} INFO - [2025-10-04T18:14:46.259+0000] {override.py:1900} INFO - Created Permission View: can edit on DAG:180DayStockData
[2025-10-04T18:14:46.262+0000] {logging_mixin.py:190} INFO - [2025-10-04T18:14:46.262+0000] {override.py:1900} INFO - Created Permission View: can delete on DAG Run:180DayStockData
[2025-10-04T18:14:46.265+0000] {logging_mixin.py:190} INFO - [2025-10-04T18:14:46.264+0000] {override.py:1900} INFO - Created Permission View: can create on DAG Run:180DayStockData
[2025-10-04T18:14:46.267+0000] {logging_mixin.py:190} INFO - [2025-10-04T18:14:46.266+0000] {override.py:1900} INFO - Created Permission View: can read on DAG Run:180DayStockData
[2025-10-04T18:14:46.268+0000] {logging_mixin.py:190} INFO - [2025-10-04T18:14:46.268+0000] {override.py:1900} INFO - Created Permission View: menu access on DAG Run:180DayStockData
[2025-10-04T18:14:46.269+0000] {logging_mixin.py:190} INFO - [2025-10-04T18:14:46.269+0000] {dag.py:3229} INFO - Sync 1 DAGs
[2025-10-04T18:14:46.276+0000] {logging_mixin.py:190} INFO - [2025-10-04T18:14:46.276+0000] {dag.py:3252} INFO - Creating ORM DAG for 180DayStockData
[2025-10-04T18:14:46.281+0000] {logging_mixin.py:190} INFO - [2025-10-04T18:14:46.280+0000] {dag.py:4156} INFO - Setting next_dagrun for 180DayStockData to 2025-10-03 00:00:00+00:00, run_after=2025-10-04 00:00:00+00:00
[2025-10-04T18:14:46.288+0000] {processor.py:208} INFO - Processing /opt/airflow/dags/stock_market_dag.py took 0.484 seconds
[2025-10-04T18:15:16.638+0000] {processor.py:186} INFO - Started process (PID=308) to work on /opt/airflow/dags/stock_market_dag.py
[2025-10-04T18:15:16.639+0000] {processor.py:914} INFO - Processing file /opt/airflow/dags/stock_market_dag.py for tasks to queue
[2025-10-04T18:15:16.640+0000] {logging_mixin.py:190} INFO - [2025-10-04T18:15:16.640+0000] {dagbag.py:587} INFO - Filling up the DagBag from /opt/airflow/dags/stock_market_dag.py
[2025-10-04T18:15:16.776+0000] {processor.py:925} INFO - DAG(s) '180DayStockData' retrieved from /opt/airflow/dags/stock_market_dag.py
[2025-10-04T18:15:16.787+0000] {logging_mixin.py:190} INFO - [2025-10-04T18:15:16.787+0000] {dag.py:3229} INFO - Sync 1 DAGs
[2025-10-04T18:15:16.795+0000] {logging_mixin.py:190} INFO - [2025-10-04T18:15:16.795+0000] {dag.py:4156} INFO - Setting next_dagrun for 180DayStockData to 2025-10-03 00:00:00+00:00, run_after=2025-10-04 00:00:00+00:00
[2025-10-04T18:15:16.800+0000] {processor.py:208} INFO - Processing /opt/airflow/dags/stock_market_dag.py took 0.164 seconds
[2025-10-04T18:15:47.151+0000] {processor.py:186} INFO - Started process (PID=329) to work on /opt/airflow/dags/stock_market_dag.py
[2025-10-04T18:15:47.151+0000] {processor.py:914} INFO - Processing file /opt/airflow/dags/stock_market_dag.py for tasks to queue
[2025-10-04T18:15:47.152+0000] {logging_mixin.py:190} INFO - [2025-10-04T18:15:47.152+0000] {dagbag.py:587} INFO - Filling up the DagBag from /opt/airflow/dags/stock_market_dag.py
[2025-10-04T18:15:47.287+0000] {processor.py:925} INFO - DAG(s) '180DayStockData' retrieved from /opt/airflow/dags/stock_market_dag.py
[2025-10-04T18:15:47.393+0000] {logging_mixin.py:190} INFO - [2025-10-04T18:15:47.392+0000] {dag.py:3229} INFO - Sync 1 DAGs
[2025-10-04T18:15:47.402+0000] {logging_mixin.py:190} INFO - [2025-10-04T18:15:47.402+0000] {dag.py:4156} INFO - Setting next_dagrun for 180DayStockData to 2025-10-03 00:00:00+00:00, run_after=2025-10-04 00:00:00+00:00
[2025-10-04T18:15:47.406+0000] {processor.py:208} INFO - Processing /opt/airflow/dags/stock_market_dag.py took 0.258 seconds
[2025-10-04T18:16:17.787+0000] {processor.py:186} INFO - Started process (PID=350) to work on /opt/airflow/dags/stock_market_dag.py
[2025-10-04T18:16:17.787+0000] {processor.py:914} INFO - Processing file /opt/airflow/dags/stock_market_dag.py for tasks to queue
[2025-10-04T18:16:17.788+0000] {logging_mixin.py:190} INFO - [2025-10-04T18:16:17.788+0000] {dagbag.py:587} INFO - Filling up the DagBag from /opt/airflow/dags/stock_market_dag.py
[2025-10-04T18:16:17.915+0000] {processor.py:925} INFO - DAG(s) '180DayStockData' retrieved from /opt/airflow/dags/stock_market_dag.py
[2025-10-04T18:16:17.925+0000] {logging_mixin.py:190} INFO - [2025-10-04T18:16:17.925+0000] {dag.py:3229} INFO - Sync 1 DAGs
[2025-10-04T18:16:17.933+0000] {logging_mixin.py:190} INFO - [2025-10-04T18:16:17.933+0000] {dag.py:4156} INFO - Setting next_dagrun for 180DayStockData to 2025-10-03 00:00:00+00:00, run_after=2025-10-04 00:00:00+00:00
[2025-10-04T18:16:17.938+0000] {processor.py:208} INFO - Processing /opt/airflow/dags/stock_market_dag.py took 0.154 seconds
[2025-10-04T18:16:48.297+0000] {processor.py:186} INFO - Started process (PID=371) to work on /opt/airflow/dags/stock_market_dag.py
[2025-10-04T18:16:48.297+0000] {processor.py:914} INFO - Processing file /opt/airflow/dags/stock_market_dag.py for tasks to queue
[2025-10-04T18:16:48.298+0000] {logging_mixin.py:190} INFO - [2025-10-04T18:16:48.298+0000] {dagbag.py:587} INFO - Filling up the DagBag from /opt/airflow/dags/stock_market_dag.py
[2025-10-04T18:16:48.429+0000] {processor.py:925} INFO - DAG(s) '180DayStockData' retrieved from /opt/airflow/dags/stock_market_dag.py
[2025-10-04T18:16:48.443+0000] {logging_mixin.py:190} INFO - [2025-10-04T18:16:48.443+0000] {dag.py:3229} INFO - Sync 1 DAGs
[2025-10-04T18:16:48.452+0000] {logging_mixin.py:190} INFO - [2025-10-04T18:16:48.452+0000] {dag.py:4156} INFO - Setting next_dagrun for 180DayStockData to 2025-10-03 00:00:00+00:00, run_after=2025-10-04 00:00:00+00:00
[2025-10-04T18:16:48.540+0000] {processor.py:208} INFO - Processing /opt/airflow/dags/stock_market_dag.py took 0.246 seconds
[2025-10-04T18:17:18.941+0000] {processor.py:186} INFO - Started process (PID=392) to work on /opt/airflow/dags/stock_market_dag.py
[2025-10-04T18:17:18.941+0000] {processor.py:914} INFO - Processing file /opt/airflow/dags/stock_market_dag.py for tasks to queue
[2025-10-04T18:17:18.942+0000] {logging_mixin.py:190} INFO - [2025-10-04T18:17:18.942+0000] {dagbag.py:587} INFO - Filling up the DagBag from /opt/airflow/dags/stock_market_dag.py
[2025-10-04T18:17:19.070+0000] {processor.py:925} INFO - DAG(s) '180DayStockData' retrieved from /opt/airflow/dags/stock_market_dag.py
[2025-10-04T18:17:19.080+0000] {logging_mixin.py:190} INFO - [2025-10-04T18:17:19.080+0000] {dag.py:3229} INFO - Sync 1 DAGs
[2025-10-04T18:17:19.088+0000] {logging_mixin.py:190} INFO - [2025-10-04T18:17:19.088+0000] {dag.py:4156} INFO - Setting next_dagrun for 180DayStockData to 2025-10-03 00:00:00+00:00, run_after=2025-10-04 00:00:00+00:00
[2025-10-04T18:17:19.093+0000] {processor.py:208} INFO - Processing /opt/airflow/dags/stock_market_dag.py took 0.155 seconds
[2025-10-04T18:17:49.437+0000] {processor.py:186} INFO - Started process (PID=413) to work on /opt/airflow/dags/stock_market_dag.py
[2025-10-04T18:17:49.437+0000] {processor.py:914} INFO - Processing file /opt/airflow/dags/stock_market_dag.py for tasks to queue
[2025-10-04T18:17:49.438+0000] {logging_mixin.py:190} INFO - [2025-10-04T18:17:49.438+0000] {dagbag.py:587} INFO - Filling up the DagBag from /opt/airflow/dags/stock_market_dag.py
[2025-10-04T18:17:49.569+0000] {processor.py:925} INFO - DAG(s) '180DayStockData' retrieved from /opt/airflow/dags/stock_market_dag.py
[2025-10-04T18:17:49.661+0000] {logging_mixin.py:190} INFO - [2025-10-04T18:17:49.660+0000] {dag.py:3229} INFO - Sync 1 DAGs
[2025-10-04T18:17:49.669+0000] {logging_mixin.py:190} INFO - [2025-10-04T18:17:49.669+0000] {dag.py:4156} INFO - Setting next_dagrun for 180DayStockData to 2025-10-03 00:00:00+00:00, run_after=2025-10-04 00:00:00+00:00
[2025-10-04T18:17:49.674+0000] {processor.py:208} INFO - Processing /opt/airflow/dags/stock_market_dag.py took 0.240 seconds
[2025-10-04T18:18:19.996+0000] {processor.py:186} INFO - Started process (PID=434) to work on /opt/airflow/dags/stock_market_dag.py
[2025-10-04T18:18:19.996+0000] {processor.py:914} INFO - Processing file /opt/airflow/dags/stock_market_dag.py for tasks to queue
[2025-10-04T18:18:19.997+0000] {logging_mixin.py:190} INFO - [2025-10-04T18:18:19.997+0000] {dagbag.py:587} INFO - Filling up the DagBag from /opt/airflow/dags/stock_market_dag.py
[2025-10-04T18:18:20.127+0000] {processor.py:925} INFO - DAG(s) '180DayStockData' retrieved from /opt/airflow/dags/stock_market_dag.py
[2025-10-04T18:18:20.139+0000] {logging_mixin.py:190} INFO - [2025-10-04T18:18:20.138+0000] {dag.py:3229} INFO - Sync 1 DAGs
[2025-10-04T18:18:20.147+0000] {logging_mixin.py:190} INFO - [2025-10-04T18:18:20.147+0000] {dag.py:4156} INFO - Setting next_dagrun for 180DayStockData to 2025-10-03 00:00:00+00:00, run_after=2025-10-04 00:00:00+00:00
[2025-10-04T18:18:20.152+0000] {processor.py:208} INFO - Processing /opt/airflow/dags/stock_market_dag.py took 0.159 seconds
[2025-10-04T18:18:50.572+0000] {processor.py:186} INFO - Started process (PID=455) to work on /opt/airflow/dags/stock_market_dag.py
[2025-10-04T18:18:50.572+0000] {processor.py:914} INFO - Processing file /opt/airflow/dags/stock_market_dag.py for tasks to queue
[2025-10-04T18:18:50.573+0000] {logging_mixin.py:190} INFO - [2025-10-04T18:18:50.573+0000] {dagbag.py:587} INFO - Filling up the DagBag from /opt/airflow/dags/stock_market_dag.py
[2025-10-04T18:18:50.707+0000] {processor.py:925} INFO - DAG(s) '180DayStockData' retrieved from /opt/airflow/dags/stock_market_dag.py
[2025-10-04T18:18:50.722+0000] {logging_mixin.py:190} INFO - [2025-10-04T18:18:50.721+0000] {dag.py:3229} INFO - Sync 1 DAGs
[2025-10-04T18:18:50.731+0000] {logging_mixin.py:190} INFO - [2025-10-04T18:18:50.731+0000] {dag.py:4156} INFO - Setting next_dagrun for 180DayStockData to 2025-10-03 00:00:00+00:00, run_after=2025-10-04 00:00:00+00:00
[2025-10-04T18:18:50.814+0000] {processor.py:208} INFO - Processing /opt/airflow/dags/stock_market_dag.py took 0.244 seconds
[2025-10-04T18:19:21.147+0000] {processor.py:186} INFO - Started process (PID=476) to work on /opt/airflow/dags/stock_market_dag.py
[2025-10-04T18:19:21.147+0000] {processor.py:914} INFO - Processing file /opt/airflow/dags/stock_market_dag.py for tasks to queue
[2025-10-04T18:19:21.149+0000] {logging_mixin.py:190} INFO - [2025-10-04T18:19:21.148+0000] {dagbag.py:587} INFO - Filling up the DagBag from /opt/airflow/dags/stock_market_dag.py
[2025-10-04T18:19:21.276+0000] {processor.py:925} INFO - DAG(s) '180DayStockData' retrieved from /opt/airflow/dags/stock_market_dag.py
[2025-10-04T18:19:21.288+0000] {logging_mixin.py:190} INFO - [2025-10-04T18:19:21.288+0000] {dag.py:3229} INFO - Sync 1 DAGs
[2025-10-04T18:19:21.296+0000] {logging_mixin.py:190} INFO - [2025-10-04T18:19:21.296+0000] {dag.py:4156} INFO - Setting next_dagrun for 180DayStockData to 2025-10-03 00:00:00+00:00, run_after=2025-10-04 00:00:00+00:00
[2025-10-04T18:19:21.301+0000] {processor.py:208} INFO - Processing /opt/airflow/dags/stock_market_dag.py took 0.157 seconds
[2025-10-04T18:19:51.690+0000] {processor.py:186} INFO - Started process (PID=497) to work on /opt/airflow/dags/stock_market_dag.py
[2025-10-04T18:19:51.690+0000] {processor.py:914} INFO - Processing file /opt/airflow/dags/stock_market_dag.py for tasks to queue
[2025-10-04T18:19:51.691+0000] {logging_mixin.py:190} INFO - [2025-10-04T18:19:51.691+0000] {dagbag.py:587} INFO - Filling up the DagBag from /opt/airflow/dags/stock_market_dag.py
[2025-10-04T18:19:51.822+0000] {processor.py:925} INFO - DAG(s) '180DayStockData' retrieved from /opt/airflow/dags/stock_market_dag.py
[2025-10-04T18:19:51.916+0000] {logging_mixin.py:190} INFO - [2025-10-04T18:19:51.916+0000] {dag.py:3229} INFO - Sync 1 DAGs
[2025-10-04T18:19:51.923+0000] {logging_mixin.py:190} INFO - [2025-10-04T18:19:51.923+0000] {dag.py:4156} INFO - Setting next_dagrun for 180DayStockData to 2025-10-03 00:00:00+00:00, run_after=2025-10-04 00:00:00+00:00
[2025-10-04T18:19:51.928+0000] {processor.py:208} INFO - Processing /opt/airflow/dags/stock_market_dag.py took 0.240 seconds
[2025-10-04T18:20:22.261+0000] {processor.py:186} INFO - Started process (PID=518) to work on /opt/airflow/dags/stock_market_dag.py
[2025-10-04T18:20:22.261+0000] {processor.py:914} INFO - Processing file /opt/airflow/dags/stock_market_dag.py for tasks to queue
[2025-10-04T18:20:22.262+0000] {logging_mixin.py:190} INFO - [2025-10-04T18:20:22.262+0000] {dagbag.py:587} INFO - Filling up the DagBag from /opt/airflow/dags/stock_market_dag.py
[2025-10-04T18:20:22.478+0000] {processor.py:925} INFO - DAG(s) '180DayStockData' retrieved from /opt/airflow/dags/stock_market_dag.py
[2025-10-04T18:20:22.486+0000] {logging_mixin.py:190} INFO - [2025-10-04T18:20:22.486+0000] {dag.py:3229} INFO - Sync 1 DAGs
[2025-10-04T18:20:22.493+0000] {logging_mixin.py:190} INFO - [2025-10-04T18:20:22.493+0000] {dag.py:4156} INFO - Setting next_dagrun for 180DayStockData to 2025-10-03 00:00:00+00:00, run_after=2025-10-04 00:00:00+00:00
[2025-10-04T18:20:22.497+0000] {processor.py:208} INFO - Processing /opt/airflow/dags/stock_market_dag.py took 0.240 seconds
[2025-10-04T18:20:52.885+0000] {processor.py:186} INFO - Started process (PID=539) to work on /opt/airflow/dags/stock_market_dag.py
[2025-10-04T18:20:52.885+0000] {processor.py:914} INFO - Processing file /opt/airflow/dags/stock_market_dag.py for tasks to queue
[2025-10-04T18:20:52.886+0000] {logging_mixin.py:190} INFO - [2025-10-04T18:20:52.886+0000] {dagbag.py:587} INFO - Filling up the DagBag from /opt/airflow/dags/stock_market_dag.py
[2025-10-04T18:20:53.015+0000] {processor.py:925} INFO - DAG(s) '180DayStockData' retrieved from /opt/airflow/dags/stock_market_dag.py
[2025-10-04T18:20:53.026+0000] {logging_mixin.py:190} INFO - [2025-10-04T18:20:53.026+0000] {dag.py:3229} INFO - Sync 1 DAGs
[2025-10-04T18:20:53.036+0000] {logging_mixin.py:190} INFO - [2025-10-04T18:20:53.036+0000] {dag.py:4156} INFO - Setting next_dagrun for 180DayStockData to 2025-10-03 00:00:00+00:00, run_after=2025-10-04 00:00:00+00:00
[2025-10-04T18:20:53.119+0000] {processor.py:208} INFO - Processing /opt/airflow/dags/stock_market_dag.py took 0.237 seconds
[2025-10-04T18:21:23.529+0000] {processor.py:186} INFO - Started process (PID=560) to work on /opt/airflow/dags/stock_market_dag.py
[2025-10-04T18:21:23.529+0000] {processor.py:914} INFO - Processing file /opt/airflow/dags/stock_market_dag.py for tasks to queue
[2025-10-04T18:21:23.530+0000] {logging_mixin.py:190} INFO - [2025-10-04T18:21:23.530+0000] {dagbag.py:587} INFO - Filling up the DagBag from /opt/airflow/dags/stock_market_dag.py
[2025-10-04T18:21:23.669+0000] {processor.py:925} INFO - DAG(s) '180DayStockData' retrieved from /opt/airflow/dags/stock_market_dag.py
[2025-10-04T18:21:23.681+0000] {logging_mixin.py:190} INFO - [2025-10-04T18:21:23.681+0000] {dag.py:3229} INFO - Sync 1 DAGs
[2025-10-04T18:21:23.771+0000] {logging_mixin.py:190} INFO - [2025-10-04T18:21:23.771+0000] {dag.py:4156} INFO - Setting next_dagrun for 180DayStockData to 2025-10-03 00:00:00+00:00, run_after=2025-10-04 00:00:00+00:00
[2025-10-04T18:21:23.776+0000] {processor.py:208} INFO - Processing /opt/airflow/dags/stock_market_dag.py took 0.251 seconds
[2025-10-04T18:21:54.119+0000] {processor.py:186} INFO - Started process (PID=581) to work on /opt/airflow/dags/stock_market_dag.py
[2025-10-04T18:21:54.120+0000] {processor.py:914} INFO - Processing file /opt/airflow/dags/stock_market_dag.py for tasks to queue
[2025-10-04T18:21:54.121+0000] {logging_mixin.py:190} INFO - [2025-10-04T18:21:54.121+0000] {dagbag.py:587} INFO - Filling up the DagBag from /opt/airflow/dags/stock_market_dag.py
[2025-10-04T18:21:54.303+0000] {processor.py:925} INFO - DAG(s) '180DayStockData' retrieved from /opt/airflow/dags/stock_market_dag.py
[2025-10-04T18:21:54.413+0000] {logging_mixin.py:190} INFO - [2025-10-04T18:21:54.412+0000] {dag.py:3229} INFO - Sync 1 DAGs
[2025-10-04T18:21:54.421+0000] {logging_mixin.py:190} INFO - [2025-10-04T18:21:54.420+0000] {dag.py:4156} INFO - Setting next_dagrun for 180DayStockData to 2025-10-03 00:00:00+00:00, run_after=2025-10-04 00:00:00+00:00
[2025-10-04T18:21:54.427+0000] {processor.py:208} INFO - Processing /opt/airflow/dags/stock_market_dag.py took 0.311 seconds
[2025-10-04T18:22:24.818+0000] {processor.py:186} INFO - Started process (PID=608) to work on /opt/airflow/dags/stock_market_dag.py
[2025-10-04T18:22:24.819+0000] {processor.py:914} INFO - Processing file /opt/airflow/dags/stock_market_dag.py for tasks to queue
[2025-10-04T18:22:24.820+0000] {logging_mixin.py:190} INFO - [2025-10-04T18:22:24.820+0000] {dagbag.py:587} INFO - Filling up the DagBag from /opt/airflow/dags/stock_market_dag.py
[2025-10-04T18:22:25.029+0000] {processor.py:925} INFO - DAG(s) '180DayStockData' retrieved from /opt/airflow/dags/stock_market_dag.py
[2025-10-04T18:22:25.037+0000] {logging_mixin.py:190} INFO - [2025-10-04T18:22:25.037+0000] {dag.py:3229} INFO - Sync 1 DAGs
[2025-10-04T18:22:25.043+0000] {logging_mixin.py:190} INFO - [2025-10-04T18:22:25.043+0000] {dag.py:4156} INFO - Setting next_dagrun for 180DayStockData to 2025-10-03 00:00:00+00:00, run_after=2025-10-04 00:00:00+00:00
[2025-10-04T18:22:25.048+0000] {processor.py:208} INFO - Processing /opt/airflow/dags/stock_market_dag.py took 0.233 seconds
