[2025-10-04T17:57:16.017+0000] {processor.py:186} INFO - Started process (PID=683) to work on /opt/airflow/dags/stock_market_dag_v2.py
[2025-10-04T17:57:16.018+0000] {processor.py:914} INFO - Processing file /opt/airflow/dags/stock_market_dag_v2.py for tasks to queue
[2025-10-04T17:57:16.019+0000] {logging_mixin.py:190} INFO - [2025-10-04T17:57:16.018+0000] {dagbag.py:587} INFO - Filling up the DagBag from /opt/airflow/dags/stock_market_dag_v2.py
[2025-10-04T17:57:16.229+0000] {processor.py:925} INFO - DAG(s) '180DayStockDataPlainPython' retrieved from /opt/airflow/dags/stock_market_dag_v2.py
[2025-10-04T17:57:16.265+0000] {logging_mixin.py:190} INFO - [2025-10-04T17:57:16.265+0000] {override.py:1900} INFO - Created Permission View: can edit on DAG:180DayStockDataPlainPython
[2025-10-04T17:57:16.268+0000] {logging_mixin.py:190} INFO - [2025-10-04T17:57:16.268+0000] {override.py:1900} INFO - Created Permission View: can read on DAG:180DayStockDataPlainPython
[2025-10-04T17:57:16.269+0000] {logging_mixin.py:190} INFO - [2025-10-04T17:57:16.269+0000] {override.py:1900} INFO - Created Permission View: can delete on DAG:180DayStockDataPlainPython
[2025-10-04T17:57:16.271+0000] {logging_mixin.py:190} INFO - [2025-10-04T17:57:16.271+0000] {override.py:1900} INFO - Created Permission View: can create on DAG Run:180DayStockDataPlainPython
[2025-10-04T17:57:16.272+0000] {logging_mixin.py:190} INFO - [2025-10-04T17:57:16.272+0000] {override.py:1900} INFO - Created Permission View: menu access on DAG Run:180DayStockDataPlainPython
[2025-10-04T17:57:16.273+0000] {logging_mixin.py:190} INFO - [2025-10-04T17:57:16.273+0000] {override.py:1900} INFO - Created Permission View: can read on DAG Run:180DayStockDataPlainPython
[2025-10-04T17:57:16.275+0000] {logging_mixin.py:190} INFO - [2025-10-04T17:57:16.275+0000] {override.py:1900} INFO - Created Permission View: can delete on DAG Run:180DayStockDataPlainPython
[2025-10-04T17:57:16.275+0000] {logging_mixin.py:190} INFO - [2025-10-04T17:57:16.275+0000] {dag.py:3229} INFO - Sync 1 DAGs
[2025-10-04T17:57:16.279+0000] {logging_mixin.py:190} INFO - [2025-10-04T17:57:16.279+0000] {dag.py:3252} INFO - Creating ORM DAG for 180DayStockDataPlainPython
[2025-10-04T17:57:16.282+0000] {logging_mixin.py:190} INFO - [2025-10-04T17:57:16.282+0000] {dag.py:4156} INFO - Setting next_dagrun for 180DayStockDataPlainPython to 2025-10-03 00:00:00+00:00, run_after=2025-10-04 00:00:00+00:00
[2025-10-04T17:57:16.286+0000] {processor.py:208} INFO - Processing /opt/airflow/dags/stock_market_dag_v2.py took 0.272 seconds
[2025-10-04T17:57:46.617+0000] {processor.py:186} INFO - Started process (PID=704) to work on /opt/airflow/dags/stock_market_dag_v2.py
[2025-10-04T17:57:46.617+0000] {processor.py:914} INFO - Processing file /opt/airflow/dags/stock_market_dag_v2.py for tasks to queue
[2025-10-04T17:57:46.618+0000] {logging_mixin.py:190} INFO - [2025-10-04T17:57:46.618+0000] {dagbag.py:587} INFO - Filling up the DagBag from /opt/airflow/dags/stock_market_dag_v2.py
[2025-10-04T17:57:46.766+0000] {processor.py:925} INFO - DAG(s) '180DayStockDataPlainPython' retrieved from /opt/airflow/dags/stock_market_dag_v2.py
[2025-10-04T17:57:46.774+0000] {logging_mixin.py:190} INFO - [2025-10-04T17:57:46.774+0000] {dag.py:3229} INFO - Sync 1 DAGs
[2025-10-04T17:57:46.781+0000] {logging_mixin.py:190} INFO - [2025-10-04T17:57:46.781+0000] {dag.py:4156} INFO - Setting next_dagrun for 180DayStockDataPlainPython to 2025-10-03 00:00:00+00:00, run_after=2025-10-04 00:00:00+00:00
[2025-10-04T17:57:46.871+0000] {processor.py:208} INFO - Processing /opt/airflow/dags/stock_market_dag_v2.py took 0.257 seconds
[2025-10-04T17:58:17.129+0000] {processor.py:186} INFO - Started process (PID=725) to work on /opt/airflow/dags/stock_market_dag_v2.py
[2025-10-04T17:58:17.130+0000] {processor.py:914} INFO - Processing file /opt/airflow/dags/stock_market_dag_v2.py for tasks to queue
[2025-10-04T17:58:17.131+0000] {logging_mixin.py:190} INFO - [2025-10-04T17:58:17.131+0000] {dagbag.py:587} INFO - Filling up the DagBag from /opt/airflow/dags/stock_market_dag_v2.py
[2025-10-04T17:58:17.281+0000] {processor.py:925} INFO - DAG(s) '180DayStockDataPlainPython' retrieved from /opt/airflow/dags/stock_market_dag_v2.py
[2025-10-04T17:58:17.291+0000] {logging_mixin.py:190} INFO - [2025-10-04T17:58:17.290+0000] {dag.py:3229} INFO - Sync 1 DAGs
[2025-10-04T17:58:17.298+0000] {logging_mixin.py:190} INFO - [2025-10-04T17:58:17.298+0000] {dag.py:4156} INFO - Setting next_dagrun for 180DayStockDataPlainPython to 2025-10-03 00:00:00+00:00, run_after=2025-10-04 00:00:00+00:00
[2025-10-04T17:58:17.304+0000] {processor.py:208} INFO - Processing /opt/airflow/dags/stock_market_dag_v2.py took 0.179 seconds
[2025-10-04T17:58:47.493+0000] {processor.py:186} INFO - Started process (PID=746) to work on /opt/airflow/dags/stock_market_dag_v2.py
[2025-10-04T17:58:47.493+0000] {processor.py:914} INFO - Processing file /opt/airflow/dags/stock_market_dag_v2.py for tasks to queue
[2025-10-04T17:58:47.495+0000] {logging_mixin.py:190} INFO - [2025-10-04T17:58:47.495+0000] {dagbag.py:587} INFO - Filling up the DagBag from /opt/airflow/dags/stock_market_dag_v2.py
[2025-10-04T17:58:47.630+0000] {processor.py:925} INFO - DAG(s) '180DayStockDataPlainPython' retrieved from /opt/airflow/dags/stock_market_dag_v2.py
[2025-10-04T17:58:47.706+0000] {logging_mixin.py:190} INFO - [2025-10-04T17:58:47.706+0000] {dag.py:3229} INFO - Sync 1 DAGs
[2025-10-04T17:58:47.713+0000] {logging_mixin.py:190} INFO - [2025-10-04T17:58:47.713+0000] {dag.py:4156} INFO - Setting next_dagrun for 180DayStockDataPlainPython to 2025-10-03 00:00:00+00:00, run_after=2025-10-04 00:00:00+00:00
[2025-10-04T17:58:47.718+0000] {processor.py:208} INFO - Processing /opt/airflow/dags/stock_market_dag_v2.py took 0.231 seconds
[2025-10-04T17:59:18.069+0000] {processor.py:186} INFO - Started process (PID=767) to work on /opt/airflow/dags/stock_market_dag_v2.py
[2025-10-04T17:59:18.070+0000] {processor.py:914} INFO - Processing file /opt/airflow/dags/stock_market_dag_v2.py for tasks to queue
[2025-10-04T17:59:18.072+0000] {logging_mixin.py:190} INFO - [2025-10-04T17:59:18.072+0000] {dagbag.py:587} INFO - Filling up the DagBag from /opt/airflow/dags/stock_market_dag_v2.py
[2025-10-04T17:59:18.291+0000] {processor.py:925} INFO - DAG(s) '180DayStockDataPlainPython' retrieved from /opt/airflow/dags/stock_market_dag_v2.py
[2025-10-04T17:59:18.299+0000] {logging_mixin.py:190} INFO - [2025-10-04T17:59:18.299+0000] {dag.py:3229} INFO - Sync 1 DAGs
[2025-10-04T17:59:18.306+0000] {logging_mixin.py:190} INFO - [2025-10-04T17:59:18.306+0000] {dag.py:4156} INFO - Setting next_dagrun for 180DayStockDataPlainPython to 2025-10-03 00:00:00+00:00, run_after=2025-10-04 00:00:00+00:00
[2025-10-04T17:59:18.311+0000] {processor.py:208} INFO - Processing /opt/airflow/dags/stock_market_dag_v2.py took 0.247 seconds
[2025-10-04T17:59:48.600+0000] {processor.py:186} INFO - Started process (PID=830) to work on /opt/airflow/dags/stock_market_dag_v2.py
[2025-10-04T17:59:48.601+0000] {processor.py:914} INFO - Processing file /opt/airflow/dags/stock_market_dag_v2.py for tasks to queue
[2025-10-04T17:59:48.603+0000] {logging_mixin.py:190} INFO - [2025-10-04T17:59:48.603+0000] {dagbag.py:587} INFO - Filling up the DagBag from /opt/airflow/dags/stock_market_dag_v2.py
[2025-10-04T17:59:48.744+0000] {processor.py:925} INFO - DAG(s) '180DayStockDataPlainPython' retrieved from /opt/airflow/dags/stock_market_dag_v2.py
[2025-10-04T17:59:48.753+0000] {logging_mixin.py:190} INFO - [2025-10-04T17:59:48.753+0000] {dag.py:3229} INFO - Sync 1 DAGs
[2025-10-04T17:59:48.761+0000] {logging_mixin.py:190} INFO - [2025-10-04T17:59:48.761+0000] {dag.py:4156} INFO - Setting next_dagrun for 180DayStockDataPlainPython to 2025-10-03 00:00:00+00:00, run_after=2025-10-04 00:00:00+00:00
[2025-10-04T17:59:48.846+0000] {processor.py:208} INFO - Processing /opt/airflow/dags/stock_market_dag_v2.py took 0.251 seconds
[2025-10-04T18:00:19.214+0000] {processor.py:186} INFO - Started process (PID=851) to work on /opt/airflow/dags/stock_market_dag_v2.py
[2025-10-04T18:00:19.215+0000] {processor.py:914} INFO - Processing file /opt/airflow/dags/stock_market_dag_v2.py for tasks to queue
[2025-10-04T18:00:19.217+0000] {logging_mixin.py:190} INFO - [2025-10-04T18:00:19.216+0000] {dagbag.py:587} INFO - Filling up the DagBag from /opt/airflow/dags/stock_market_dag_v2.py
[2025-10-04T18:00:19.380+0000] {processor.py:925} INFO - DAG(s) '180DayStockDataPlainPython' retrieved from /opt/airflow/dags/stock_market_dag_v2.py
[2025-10-04T18:00:19.390+0000] {logging_mixin.py:190} INFO - [2025-10-04T18:00:19.390+0000] {dag.py:3229} INFO - Sync 1 DAGs
[2025-10-04T18:00:19.472+0000] {logging_mixin.py:190} INFO - [2025-10-04T18:00:19.471+0000] {dag.py:4156} INFO - Setting next_dagrun for 180DayStockDataPlainPython to 2025-10-03 00:00:00+00:00, run_after=2025-10-04 00:00:00+00:00
[2025-10-04T18:00:19.477+0000] {processor.py:208} INFO - Processing /opt/airflow/dags/stock_market_dag_v2.py took 0.267 seconds
[2025-10-04T18:00:49.707+0000] {processor.py:186} INFO - Started process (PID=872) to work on /opt/airflow/dags/stock_market_dag_v2.py
[2025-10-04T18:00:49.707+0000] {processor.py:914} INFO - Processing file /opt/airflow/dags/stock_market_dag_v2.py for tasks to queue
[2025-10-04T18:00:49.709+0000] {logging_mixin.py:190} INFO - [2025-10-04T18:00:49.709+0000] {dagbag.py:587} INFO - Filling up the DagBag from /opt/airflow/dags/stock_market_dag_v2.py
[2025-10-04T18:00:49.851+0000] {processor.py:925} INFO - DAG(s) '180DayStockDataPlainPython' retrieved from /opt/airflow/dags/stock_market_dag_v2.py
[2025-10-04T18:00:49.936+0000] {logging_mixin.py:190} INFO - [2025-10-04T18:00:49.936+0000] {dag.py:3229} INFO - Sync 1 DAGs
[2025-10-04T18:00:49.942+0000] {logging_mixin.py:190} INFO - [2025-10-04T18:00:49.942+0000] {dag.py:4156} INFO - Setting next_dagrun for 180DayStockDataPlainPython to 2025-10-03 00:00:00+00:00, run_after=2025-10-04 00:00:00+00:00
[2025-10-04T18:00:49.947+0000] {processor.py:208} INFO - Processing /opt/airflow/dags/stock_market_dag_v2.py took 0.246 seconds
[2025-10-04T18:01:20.032+0000] {processor.py:186} INFO - Started process (PID=893) to work on /opt/airflow/dags/stock_market_dag_v2.py
[2025-10-04T18:01:20.033+0000] {processor.py:914} INFO - Processing file /opt/airflow/dags/stock_market_dag_v2.py for tasks to queue
[2025-10-04T18:01:20.035+0000] {logging_mixin.py:190} INFO - [2025-10-04T18:01:20.035+0000] {dagbag.py:587} INFO - Filling up the DagBag from /opt/airflow/dags/stock_market_dag_v2.py
[2025-10-04T18:01:20.183+0000] {processor.py:925} INFO - DAG(s) '180DayStockDataPlainPython' retrieved from /opt/airflow/dags/stock_market_dag_v2.py
[2025-10-04T18:01:20.270+0000] {logging_mixin.py:190} INFO - [2025-10-04T18:01:20.270+0000] {dag.py:3229} INFO - Sync 1 DAGs
[2025-10-04T18:01:20.277+0000] {logging_mixin.py:190} INFO - [2025-10-04T18:01:20.277+0000] {dag.py:4156} INFO - Setting next_dagrun for 180DayStockDataPlainPython to 2025-10-03 00:00:00+00:00, run_after=2025-10-04 00:00:00+00:00
[2025-10-04T18:01:20.282+0000] {processor.py:208} INFO - Processing /opt/airflow/dags/stock_market_dag_v2.py took 0.256 seconds
[2025-10-04T18:01:50.853+0000] {processor.py:186} INFO - Started process (PID=914) to work on /opt/airflow/dags/stock_market_dag_v2.py
[2025-10-04T18:01:50.854+0000] {processor.py:914} INFO - Processing file /opt/airflow/dags/stock_market_dag_v2.py for tasks to queue
[2025-10-04T18:01:50.856+0000] {logging_mixin.py:190} INFO - [2025-10-04T18:01:50.855+0000] {dagbag.py:587} INFO - Filling up the DagBag from /opt/airflow/dags/stock_market_dag_v2.py
[2025-10-04T18:01:50.993+0000] {processor.py:925} INFO - DAG(s) '180DayStockDataPlainPython' retrieved from /opt/airflow/dags/stock_market_dag_v2.py
[2025-10-04T18:01:51.002+0000] {logging_mixin.py:190} INFO - [2025-10-04T18:01:51.001+0000] {dag.py:3229} INFO - Sync 1 DAGs
[2025-10-04T18:01:51.009+0000] {logging_mixin.py:190} INFO - [2025-10-04T18:01:51.009+0000] {dag.py:4156} INFO - Setting next_dagrun for 180DayStockDataPlainPython to 2025-10-03 00:00:00+00:00, run_after=2025-10-04 00:00:00+00:00
[2025-10-04T18:01:51.015+0000] {processor.py:208} INFO - Processing /opt/airflow/dags/stock_market_dag_v2.py took 0.167 seconds
[2025-10-04T18:02:21.464+0000] {processor.py:186} INFO - Started process (PID=935) to work on /opt/airflow/dags/stock_market_dag_v2.py
[2025-10-04T18:02:21.465+0000] {processor.py:914} INFO - Processing file /opt/airflow/dags/stock_market_dag_v2.py for tasks to queue
[2025-10-04T18:02:21.467+0000] {logging_mixin.py:190} INFO - [2025-10-04T18:02:21.467+0000] {dagbag.py:587} INFO - Filling up the DagBag from /opt/airflow/dags/stock_market_dag_v2.py
[2025-10-04T18:02:21.607+0000] {processor.py:925} INFO - DAG(s) '180DayStockDataPlainPython' retrieved from /opt/airflow/dags/stock_market_dag_v2.py
[2025-10-04T18:02:21.616+0000] {logging_mixin.py:190} INFO - [2025-10-04T18:02:21.616+0000] {dag.py:3229} INFO - Sync 1 DAGs
[2025-10-04T18:02:21.700+0000] {logging_mixin.py:190} INFO - [2025-10-04T18:02:21.700+0000] {dag.py:4156} INFO - Setting next_dagrun for 180DayStockDataPlainPython to 2025-10-03 00:00:00+00:00, run_after=2025-10-04 00:00:00+00:00
[2025-10-04T18:02:21.705+0000] {processor.py:208} INFO - Processing /opt/airflow/dags/stock_market_dag_v2.py took 0.246 seconds
[2025-10-04T18:02:52.046+0000] {processor.py:186} INFO - Started process (PID=956) to work on /opt/airflow/dags/stock_market_dag_v2.py
[2025-10-04T18:02:52.047+0000] {processor.py:914} INFO - Processing file /opt/airflow/dags/stock_market_dag_v2.py for tasks to queue
[2025-10-04T18:02:52.048+0000] {logging_mixin.py:190} INFO - [2025-10-04T18:02:52.048+0000] {dagbag.py:587} INFO - Filling up the DagBag from /opt/airflow/dags/stock_market_dag_v2.py
[2025-10-04T18:02:52.270+0000] {processor.py:925} INFO - DAG(s) '180DayStockDataPlainPython' retrieved from /opt/airflow/dags/stock_market_dag_v2.py
[2025-10-04T18:02:52.277+0000] {logging_mixin.py:190} INFO - [2025-10-04T18:02:52.277+0000] {dag.py:3229} INFO - Sync 1 DAGs
[2025-10-04T18:02:52.284+0000] {logging_mixin.py:190} INFO - [2025-10-04T18:02:52.284+0000] {dag.py:4156} INFO - Setting next_dagrun for 180DayStockDataPlainPython to 2025-10-03 00:00:00+00:00, run_after=2025-10-04 00:00:00+00:00
[2025-10-04T18:02:52.289+0000] {processor.py:208} INFO - Processing /opt/airflow/dags/stock_market_dag_v2.py took 0.248 seconds
[2025-10-04T18:03:22.611+0000] {processor.py:186} INFO - Started process (PID=977) to work on /opt/airflow/dags/stock_market_dag_v2.py
[2025-10-04T18:03:22.612+0000] {processor.py:914} INFO - Processing file /opt/airflow/dags/stock_market_dag_v2.py for tasks to queue
[2025-10-04T18:03:22.613+0000] {logging_mixin.py:190} INFO - [2025-10-04T18:03:22.613+0000] {dagbag.py:587} INFO - Filling up the DagBag from /opt/airflow/dags/stock_market_dag_v2.py
[2025-10-04T18:03:22.756+0000] {processor.py:925} INFO - DAG(s) '180DayStockDataPlainPython' retrieved from /opt/airflow/dags/stock_market_dag_v2.py
[2025-10-04T18:03:22.839+0000] {logging_mixin.py:190} INFO - [2025-10-04T18:03:22.839+0000] {dag.py:3229} INFO - Sync 1 DAGs
[2025-10-04T18:03:22.845+0000] {logging_mixin.py:190} INFO - [2025-10-04T18:03:22.845+0000] {dag.py:4156} INFO - Setting next_dagrun for 180DayStockDataPlainPython to 2025-10-03 00:00:00+00:00, run_after=2025-10-04 00:00:00+00:00
[2025-10-04T18:03:22.850+0000] {processor.py:208} INFO - Processing /opt/airflow/dags/stock_market_dag_v2.py took 0.245 seconds
[2025-10-04T18:03:53.209+0000] {processor.py:186} INFO - Started process (PID=998) to work on /opt/airflow/dags/stock_market_dag_v2.py
[2025-10-04T18:03:53.210+0000] {processor.py:914} INFO - Processing file /opt/airflow/dags/stock_market_dag_v2.py for tasks to queue
[2025-10-04T18:03:53.212+0000] {logging_mixin.py:190} INFO - [2025-10-04T18:03:53.212+0000] {dagbag.py:587} INFO - Filling up the DagBag from /opt/airflow/dags/stock_market_dag_v2.py
[2025-10-04T18:03:53.455+0000] {processor.py:925} INFO - DAG(s) '180DayStockDataPlainPython' retrieved from /opt/airflow/dags/stock_market_dag_v2.py
[2025-10-04T18:03:53.464+0000] {logging_mixin.py:190} INFO - [2025-10-04T18:03:53.464+0000] {dag.py:3229} INFO - Sync 1 DAGs
[2025-10-04T18:03:53.472+0000] {logging_mixin.py:190} INFO - [2025-10-04T18:03:53.471+0000] {dag.py:4156} INFO - Setting next_dagrun for 180DayStockDataPlainPython to 2025-10-03 00:00:00+00:00, run_after=2025-10-04 00:00:00+00:00
[2025-10-04T18:03:53.480+0000] {processor.py:208} INFO - Processing /opt/airflow/dags/stock_market_dag_v2.py took 0.276 seconds
[2025-10-04T18:04:23.769+0000] {processor.py:186} INFO - Started process (PID=1019) to work on /opt/airflow/dags/stock_market_dag_v2.py
[2025-10-04T18:04:23.770+0000] {processor.py:914} INFO - Processing file /opt/airflow/dags/stock_market_dag_v2.py for tasks to queue
[2025-10-04T18:04:23.772+0000] {logging_mixin.py:190} INFO - [2025-10-04T18:04:23.772+0000] {dagbag.py:587} INFO - Filling up the DagBag from /opt/airflow/dags/stock_market_dag_v2.py
[2025-10-04T18:04:23.910+0000] {processor.py:925} INFO - DAG(s) '180DayStockDataPlainPython' retrieved from /opt/airflow/dags/stock_market_dag_v2.py
[2025-10-04T18:04:23.919+0000] {logging_mixin.py:190} INFO - [2025-10-04T18:04:23.919+0000] {dag.py:3229} INFO - Sync 1 DAGs
[2025-10-04T18:04:23.996+0000] {logging_mixin.py:190} INFO - [2025-10-04T18:04:23.996+0000] {dag.py:4156} INFO - Setting next_dagrun for 180DayStockDataPlainPython to 2025-10-03 00:00:00+00:00, run_after=2025-10-04 00:00:00+00:00
[2025-10-04T18:04:24.001+0000] {processor.py:208} INFO - Processing /opt/airflow/dags/stock_market_dag_v2.py took 0.237 seconds
[2025-10-04T18:04:54.329+0000] {processor.py:186} INFO - Started process (PID=1045) to work on /opt/airflow/dags/stock_market_dag_v2.py
[2025-10-04T18:04:54.330+0000] {processor.py:914} INFO - Processing file /opt/airflow/dags/stock_market_dag_v2.py for tasks to queue
[2025-10-04T18:04:54.332+0000] {logging_mixin.py:190} INFO - [2025-10-04T18:04:54.332+0000] {dagbag.py:587} INFO - Filling up the DagBag from /opt/airflow/dags/stock_market_dag_v2.py
[2025-10-04T18:04:54.559+0000] {processor.py:925} INFO - DAG(s) '180DayStockDataPlainPython' retrieved from /opt/airflow/dags/stock_market_dag_v2.py
[2025-10-04T18:04:54.566+0000] {logging_mixin.py:190} INFO - [2025-10-04T18:04:54.566+0000] {dag.py:3229} INFO - Sync 1 DAGs
[2025-10-04T18:04:54.573+0000] {logging_mixin.py:190} INFO - [2025-10-04T18:04:54.573+0000] {dag.py:4156} INFO - Setting next_dagrun for 180DayStockDataPlainPython to 2025-10-03 00:00:00+00:00, run_after=2025-10-04 00:00:00+00:00
[2025-10-04T18:04:54.579+0000] {processor.py:208} INFO - Processing /opt/airflow/dags/stock_market_dag_v2.py took 0.255 seconds
[2025-10-04T18:05:24.902+0000] {processor.py:186} INFO - Started process (PID=1066) to work on /opt/airflow/dags/stock_market_dag_v2.py
[2025-10-04T18:05:24.903+0000] {processor.py:914} INFO - Processing file /opt/airflow/dags/stock_market_dag_v2.py for tasks to queue
[2025-10-04T18:05:24.905+0000] {logging_mixin.py:190} INFO - [2025-10-04T18:05:24.905+0000] {dagbag.py:587} INFO - Filling up the DagBag from /opt/airflow/dags/stock_market_dag_v2.py
[2025-10-04T18:05:25.043+0000] {processor.py:925} INFO - DAG(s) '180DayStockDataPlainPython' retrieved from /opt/airflow/dags/stock_market_dag_v2.py
[2025-10-04T18:05:25.120+0000] {logging_mixin.py:190} INFO - [2025-10-04T18:05:25.120+0000] {dag.py:3229} INFO - Sync 1 DAGs
[2025-10-04T18:05:25.126+0000] {logging_mixin.py:190} INFO - [2025-10-04T18:05:25.126+0000] {dag.py:4156} INFO - Setting next_dagrun for 180DayStockDataPlainPython to 2025-10-03 00:00:00+00:00, run_after=2025-10-04 00:00:00+00:00
[2025-10-04T18:05:25.132+0000] {processor.py:208} INFO - Processing /opt/airflow/dags/stock_market_dag_v2.py took 0.234 seconds
[2025-10-04T18:05:55.450+0000] {processor.py:186} INFO - Started process (PID=1087) to work on /opt/airflow/dags/stock_market_dag_v2.py
[2025-10-04T18:05:55.451+0000] {processor.py:914} INFO - Processing file /opt/airflow/dags/stock_market_dag_v2.py for tasks to queue
[2025-10-04T18:05:55.453+0000] {logging_mixin.py:190} INFO - [2025-10-04T18:05:55.452+0000] {dagbag.py:587} INFO - Filling up the DagBag from /opt/airflow/dags/stock_market_dag_v2.py
[2025-10-04T18:05:55.662+0000] {processor.py:925} INFO - DAG(s) '180DayStockDataPlainPython' retrieved from /opt/airflow/dags/stock_market_dag_v2.py
[2025-10-04T18:05:55.670+0000] {logging_mixin.py:190} INFO - [2025-10-04T18:05:55.670+0000] {dag.py:3229} INFO - Sync 1 DAGs
[2025-10-04T18:05:55.676+0000] {logging_mixin.py:190} INFO - [2025-10-04T18:05:55.676+0000] {dag.py:4156} INFO - Setting next_dagrun for 180DayStockDataPlainPython to 2025-10-03 00:00:00+00:00, run_after=2025-10-04 00:00:00+00:00
[2025-10-04T18:05:55.681+0000] {processor.py:208} INFO - Processing /opt/airflow/dags/stock_market_dag_v2.py took 0.235 seconds
[2025-10-04T18:06:26.012+0000] {processor.py:186} INFO - Started process (PID=1108) to work on /opt/airflow/dags/stock_market_dag_v2.py
[2025-10-04T18:06:26.013+0000] {processor.py:914} INFO - Processing file /opt/airflow/dags/stock_market_dag_v2.py for tasks to queue
[2025-10-04T18:06:26.015+0000] {logging_mixin.py:190} INFO - [2025-10-04T18:06:26.015+0000] {dagbag.py:587} INFO - Filling up the DagBag from /opt/airflow/dags/stock_market_dag_v2.py
[2025-10-04T18:06:26.156+0000] {processor.py:925} INFO - DAG(s) '180DayStockDataPlainPython' retrieved from /opt/airflow/dags/stock_market_dag_v2.py
[2025-10-04T18:06:26.165+0000] {logging_mixin.py:190} INFO - [2025-10-04T18:06:26.165+0000] {dag.py:3229} INFO - Sync 1 DAGs
[2025-10-04T18:06:26.254+0000] {logging_mixin.py:190} INFO - [2025-10-04T18:06:26.254+0000] {dag.py:4156} INFO - Setting next_dagrun for 180DayStockDataPlainPython to 2025-10-03 00:00:00+00:00, run_after=2025-10-04 00:00:00+00:00
[2025-10-04T18:06:26.259+0000] {processor.py:208} INFO - Processing /opt/airflow/dags/stock_market_dag_v2.py took 0.252 seconds
[2025-10-04T18:06:56.352+0000] {processor.py:186} INFO - Started process (PID=1129) to work on /opt/airflow/dags/stock_market_dag_v2.py
[2025-10-04T18:06:56.353+0000] {processor.py:914} INFO - Processing file /opt/airflow/dags/stock_market_dag_v2.py for tasks to queue
[2025-10-04T18:06:56.355+0000] {logging_mixin.py:190} INFO - [2025-10-04T18:06:56.354+0000] {dagbag.py:587} INFO - Filling up the DagBag from /opt/airflow/dags/stock_market_dag_v2.py
[2025-10-04T18:06:56.572+0000] {processor.py:925} INFO - DAG(s) '180DayStockDataPlainPython' retrieved from /opt/airflow/dags/stock_market_dag_v2.py
[2025-10-04T18:06:56.580+0000] {logging_mixin.py:190} INFO - [2025-10-04T18:06:56.580+0000] {dag.py:3229} INFO - Sync 1 DAGs
[2025-10-04T18:06:56.586+0000] {logging_mixin.py:190} INFO - [2025-10-04T18:06:56.586+0000] {dag.py:4156} INFO - Setting next_dagrun for 180DayStockDataPlainPython to 2025-10-03 00:00:00+00:00, run_after=2025-10-04 00:00:00+00:00
[2025-10-04T18:06:56.591+0000] {processor.py:208} INFO - Processing /opt/airflow/dags/stock_market_dag_v2.py took 0.244 seconds
[2025-10-04T18:07:27.108+0000] {processor.py:186} INFO - Started process (PID=1156) to work on /opt/airflow/dags/stock_market_dag_v2.py
[2025-10-04T18:07:27.108+0000] {processor.py:914} INFO - Processing file /opt/airflow/dags/stock_market_dag_v2.py for tasks to queue
[2025-10-04T18:07:27.111+0000] {logging_mixin.py:190} INFO - [2025-10-04T18:07:27.110+0000] {dagbag.py:587} INFO - Filling up the DagBag from /opt/airflow/dags/stock_market_dag_v2.py
[2025-10-04T18:07:27.250+0000] {processor.py:925} INFO - DAG(s) '180DayStockDataPlainPython' retrieved from /opt/airflow/dags/stock_market_dag_v2.py
[2025-10-04T18:07:27.328+0000] {logging_mixin.py:190} INFO - [2025-10-04T18:07:27.328+0000] {dag.py:3229} INFO - Sync 1 DAGs
[2025-10-04T18:07:27.334+0000] {logging_mixin.py:190} INFO - [2025-10-04T18:07:27.334+0000] {dag.py:4156} INFO - Setting next_dagrun for 180DayStockDataPlainPython to 2025-10-03 00:00:00+00:00, run_after=2025-10-04 00:00:00+00:00
[2025-10-04T18:07:27.340+0000] {processor.py:208} INFO - Processing /opt/airflow/dags/stock_market_dag_v2.py took 0.237 seconds
[2025-10-04T18:07:57.897+0000] {processor.py:186} INFO - Started process (PID=1177) to work on /opt/airflow/dags/stock_market_dag_v2.py
[2025-10-04T18:07:57.898+0000] {processor.py:914} INFO - Processing file /opt/airflow/dags/stock_market_dag_v2.py for tasks to queue
[2025-10-04T18:07:57.900+0000] {logging_mixin.py:190} INFO - [2025-10-04T18:07:57.900+0000] {dagbag.py:587} INFO - Filling up the DagBag from /opt/airflow/dags/stock_market_dag_v2.py
[2025-10-04T18:07:58.112+0000] {processor.py:925} INFO - DAG(s) '180DayStockDataPlainPython' retrieved from /opt/airflow/dags/stock_market_dag_v2.py
[2025-10-04T18:07:58.119+0000] {logging_mixin.py:190} INFO - [2025-10-04T18:07:58.119+0000] {dag.py:3229} INFO - Sync 1 DAGs
[2025-10-04T18:07:58.125+0000] {logging_mixin.py:190} INFO - [2025-10-04T18:07:58.125+0000] {dag.py:4156} INFO - Setting next_dagrun for 180DayStockDataPlainPython to 2025-10-03 00:00:00+00:00, run_after=2025-10-04 00:00:00+00:00
[2025-10-04T18:07:58.130+0000] {processor.py:208} INFO - Processing /opt/airflow/dags/stock_market_dag_v2.py took 0.238 seconds
[2025-10-04T18:08:28.715+0000] {processor.py:186} INFO - Started process (PID=1198) to work on /opt/airflow/dags/stock_market_dag_v2.py
[2025-10-04T18:08:28.716+0000] {processor.py:914} INFO - Processing file /opt/airflow/dags/stock_market_dag_v2.py for tasks to queue
[2025-10-04T18:08:28.718+0000] {logging_mixin.py:190} INFO - [2025-10-04T18:08:28.718+0000] {dagbag.py:587} INFO - Filling up the DagBag from /opt/airflow/dags/stock_market_dag_v2.py
[2025-10-04T18:08:28.851+0000] {processor.py:925} INFO - DAG(s) '180DayStockDataPlainPython' retrieved from /opt/airflow/dags/stock_market_dag_v2.py
[2025-10-04T18:08:28.860+0000] {logging_mixin.py:190} INFO - [2025-10-04T18:08:28.860+0000] {dag.py:3229} INFO - Sync 1 DAGs
[2025-10-04T18:08:28.935+0000] {logging_mixin.py:190} INFO - [2025-10-04T18:08:28.934+0000] {dag.py:4156} INFO - Setting next_dagrun for 180DayStockDataPlainPython to 2025-10-03 00:00:00+00:00, run_after=2025-10-04 00:00:00+00:00
[2025-10-04T18:08:28.940+0000] {processor.py:208} INFO - Processing /opt/airflow/dags/stock_market_dag_v2.py took 0.229 seconds
[2025-10-04T18:08:59.306+0000] {processor.py:186} INFO - Started process (PID=1219) to work on /opt/airflow/dags/stock_market_dag_v2.py
[2025-10-04T18:08:59.306+0000] {processor.py:914} INFO - Processing file /opt/airflow/dags/stock_market_dag_v2.py for tasks to queue
[2025-10-04T18:08:59.308+0000] {logging_mixin.py:190} INFO - [2025-10-04T18:08:59.308+0000] {dagbag.py:587} INFO - Filling up the DagBag from /opt/airflow/dags/stock_market_dag_v2.py
[2025-10-04T18:08:59.557+0000] {processor.py:925} INFO - DAG(s) '180DayStockDataPlainPython' retrieved from /opt/airflow/dags/stock_market_dag_v2.py
[2025-10-04T18:08:59.565+0000] {logging_mixin.py:190} INFO - [2025-10-04T18:08:59.565+0000] {dag.py:3229} INFO - Sync 1 DAGs
[2025-10-04T18:08:59.573+0000] {logging_mixin.py:190} INFO - [2025-10-04T18:08:59.573+0000] {dag.py:4156} INFO - Setting next_dagrun for 180DayStockDataPlainPython to 2025-10-03 00:00:00+00:00, run_after=2025-10-04 00:00:00+00:00
[2025-10-04T18:08:59.578+0000] {processor.py:208} INFO - Processing /opt/airflow/dags/stock_market_dag_v2.py took 0.278 seconds
[2025-10-04T18:09:29.906+0000] {processor.py:186} INFO - Started process (PID=1240) to work on /opt/airflow/dags/stock_market_dag_v2.py
[2025-10-04T18:09:29.907+0000] {processor.py:914} INFO - Processing file /opt/airflow/dags/stock_market_dag_v2.py for tasks to queue
[2025-10-04T18:09:29.909+0000] {logging_mixin.py:190} INFO - [2025-10-04T18:09:29.909+0000] {dagbag.py:587} INFO - Filling up the DagBag from /opt/airflow/dags/stock_market_dag_v2.py
[2025-10-04T18:09:30.114+0000] {processor.py:925} INFO - DAG(s) '180DayStockDataPlainPython' retrieved from /opt/airflow/dags/stock_market_dag_v2.py
[2025-10-04T18:09:30.121+0000] {logging_mixin.py:190} INFO - [2025-10-04T18:09:30.121+0000] {dag.py:3229} INFO - Sync 1 DAGs
[2025-10-04T18:09:30.128+0000] {logging_mixin.py:190} INFO - [2025-10-04T18:09:30.127+0000] {dag.py:4156} INFO - Setting next_dagrun for 180DayStockDataPlainPython to 2025-10-03 00:00:00+00:00, run_after=2025-10-04 00:00:00+00:00
[2025-10-04T18:09:30.133+0000] {processor.py:208} INFO - Processing /opt/airflow/dags/stock_market_dag_v2.py took 0.232 seconds
[2025-10-04T18:10:00.179+0000] {processor.py:186} INFO - Started process (PID=1261) to work on /opt/airflow/dags/stock_market_dag_v2.py
[2025-10-04T18:10:00.180+0000] {processor.py:914} INFO - Processing file /opt/airflow/dags/stock_market_dag_v2.py for tasks to queue
[2025-10-04T18:10:00.183+0000] {logging_mixin.py:190} INFO - [2025-10-04T18:10:00.182+0000] {dagbag.py:587} INFO - Filling up the DagBag from /opt/airflow/dags/stock_market_dag_v2.py
[2025-10-04T18:10:00.439+0000] {processor.py:925} INFO - DAG(s) '180DayStockDataPlainPython' retrieved from /opt/airflow/dags/stock_market_dag_v2.py
[2025-10-04T18:10:00.447+0000] {logging_mixin.py:190} INFO - [2025-10-04T18:10:00.447+0000] {dag.py:3229} INFO - Sync 1 DAGs
[2025-10-04T18:10:00.454+0000] {logging_mixin.py:190} INFO - [2025-10-04T18:10:00.454+0000] {dag.py:4156} INFO - Setting next_dagrun for 180DayStockDataPlainPython to 2025-10-03 00:00:00+00:00, run_after=2025-10-04 00:00:00+00:00
[2025-10-04T18:10:00.459+0000] {processor.py:208} INFO - Processing /opt/airflow/dags/stock_market_dag_v2.py took 0.288 seconds
[2025-10-04T18:10:30.802+0000] {processor.py:186} INFO - Started process (PID=1282) to work on /opt/airflow/dags/stock_market_dag_v2.py
[2025-10-04T18:10:30.803+0000] {processor.py:914} INFO - Processing file /opt/airflow/dags/stock_market_dag_v2.py for tasks to queue
[2025-10-04T18:10:30.805+0000] {logging_mixin.py:190} INFO - [2025-10-04T18:10:30.804+0000] {dagbag.py:587} INFO - Filling up the DagBag from /opt/airflow/dags/stock_market_dag_v2.py
[2025-10-04T18:10:30.939+0000] {processor.py:925} INFO - DAG(s) '180DayStockDataPlainPython' retrieved from /opt/airflow/dags/stock_market_dag_v2.py
[2025-10-04T18:10:30.949+0000] {logging_mixin.py:190} INFO - [2025-10-04T18:10:30.949+0000] {dag.py:3229} INFO - Sync 1 DAGs
[2025-10-04T18:10:31.033+0000] {logging_mixin.py:190} INFO - [2025-10-04T18:10:31.033+0000] {dag.py:4156} INFO - Setting next_dagrun for 180DayStockDataPlainPython to 2025-10-03 00:00:00+00:00, run_after=2025-10-04 00:00:00+00:00
[2025-10-04T18:10:31.039+0000] {processor.py:208} INFO - Processing /opt/airflow/dags/stock_market_dag_v2.py took 0.242 seconds
[2025-10-04T18:11:01.317+0000] {processor.py:186} INFO - Started process (PID=1303) to work on /opt/airflow/dags/stock_market_dag_v2.py
[2025-10-04T18:11:01.317+0000] {processor.py:914} INFO - Processing file /opt/airflow/dags/stock_market_dag_v2.py for tasks to queue
[2025-10-04T18:11:01.319+0000] {logging_mixin.py:190} INFO - [2025-10-04T18:11:01.318+0000] {dagbag.py:587} INFO - Filling up the DagBag from /opt/airflow/dags/stock_market_dag_v2.py
[2025-10-04T18:11:01.539+0000] {processor.py:925} INFO - DAG(s) '180DayStockDataPlainPython' retrieved from /opt/airflow/dags/stock_market_dag_v2.py
[2025-10-04T18:11:01.547+0000] {logging_mixin.py:190} INFO - [2025-10-04T18:11:01.547+0000] {dag.py:3229} INFO - Sync 1 DAGs
[2025-10-04T18:11:01.553+0000] {logging_mixin.py:190} INFO - [2025-10-04T18:11:01.553+0000] {dag.py:4156} INFO - Setting next_dagrun for 180DayStockDataPlainPython to 2025-10-03 00:00:00+00:00, run_after=2025-10-04 00:00:00+00:00
[2025-10-04T18:11:01.558+0000] {processor.py:208} INFO - Processing /opt/airflow/dags/stock_market_dag_v2.py took 0.244 seconds
[2025-10-04T18:11:31.628+0000] {processor.py:186} INFO - Started process (PID=1324) to work on /opt/airflow/dags/stock_market_dag_v2.py
[2025-10-04T18:11:31.629+0000] {processor.py:914} INFO - Processing file /opt/airflow/dags/stock_market_dag_v2.py for tasks to queue
[2025-10-04T18:11:31.631+0000] {logging_mixin.py:190} INFO - [2025-10-04T18:11:31.630+0000] {dagbag.py:587} INFO - Filling up the DagBag from /opt/airflow/dags/stock_market_dag_v2.py
[2025-10-04T18:11:31.842+0000] {processor.py:925} INFO - DAG(s) '180DayStockDataPlainPython' retrieved from /opt/airflow/dags/stock_market_dag_v2.py
[2025-10-04T18:11:31.850+0000] {logging_mixin.py:190} INFO - [2025-10-04T18:11:31.850+0000] {dag.py:3229} INFO - Sync 1 DAGs
[2025-10-04T18:11:31.857+0000] {logging_mixin.py:190} INFO - [2025-10-04T18:11:31.857+0000] {dag.py:4156} INFO - Setting next_dagrun for 180DayStockDataPlainPython to 2025-10-03 00:00:00+00:00, run_after=2025-10-04 00:00:00+00:00
[2025-10-04T18:11:31.862+0000] {processor.py:208} INFO - Processing /opt/airflow/dags/stock_market_dag_v2.py took 0.239 seconds
[2025-10-04T18:12:02.441+0000] {processor.py:186} INFO - Started process (PID=1345) to work on /opt/airflow/dags/stock_market_dag_v2.py
[2025-10-04T18:12:02.443+0000] {processor.py:914} INFO - Processing file /opt/airflow/dags/stock_market_dag_v2.py for tasks to queue
[2025-10-04T18:12:02.446+0000] {logging_mixin.py:190} INFO - [2025-10-04T18:12:02.446+0000] {dagbag.py:587} INFO - Filling up the DagBag from /opt/airflow/dags/stock_market_dag_v2.py
[2025-10-04T18:12:02.729+0000] {processor.py:925} INFO - DAG(s) '180DayStockDataPlainPython' retrieved from /opt/airflow/dags/stock_market_dag_v2.py
[2025-10-04T18:12:02.738+0000] {logging_mixin.py:190} INFO - [2025-10-04T18:12:02.738+0000] {dag.py:3229} INFO - Sync 1 DAGs
[2025-10-04T18:12:02.745+0000] {logging_mixin.py:190} INFO - [2025-10-04T18:12:02.745+0000] {dag.py:4156} INFO - Setting next_dagrun for 180DayStockDataPlainPython to 2025-10-03 00:00:00+00:00, run_after=2025-10-04 00:00:00+00:00
[2025-10-04T18:12:02.751+0000] {processor.py:208} INFO - Processing /opt/airflow/dags/stock_market_dag_v2.py took 0.316 seconds
[2025-10-04T18:12:33.252+0000] {processor.py:186} INFO - Started process (PID=1366) to work on /opt/airflow/dags/stock_market_dag_v2.py
[2025-10-04T18:12:33.253+0000] {processor.py:914} INFO - Processing file /opt/airflow/dags/stock_market_dag_v2.py for tasks to queue
[2025-10-04T18:12:33.255+0000] {logging_mixin.py:190} INFO - [2025-10-04T18:12:33.254+0000] {dagbag.py:587} INFO - Filling up the DagBag from /opt/airflow/dags/stock_market_dag_v2.py
[2025-10-04T18:12:33.392+0000] {processor.py:925} INFO - DAG(s) '180DayStockDataPlainPython' retrieved from /opt/airflow/dags/stock_market_dag_v2.py
[2025-10-04T18:12:33.400+0000] {logging_mixin.py:190} INFO - [2025-10-04T18:12:33.400+0000] {dag.py:3229} INFO - Sync 1 DAGs
[2025-10-04T18:12:33.477+0000] {logging_mixin.py:190} INFO - [2025-10-04T18:12:33.477+0000] {dag.py:4156} INFO - Setting next_dagrun for 180DayStockDataPlainPython to 2025-10-03 00:00:00+00:00, run_after=2025-10-04 00:00:00+00:00
[2025-10-04T18:12:33.482+0000] {processor.py:208} INFO - Processing /opt/airflow/dags/stock_market_dag_v2.py took 0.235 seconds
[2025-10-04T18:13:03.788+0000] {processor.py:186} INFO - Started process (PID=1387) to work on /opt/airflow/dags/stock_market_dag_v2.py
[2025-10-04T18:13:03.789+0000] {processor.py:914} INFO - Processing file /opt/airflow/dags/stock_market_dag_v2.py for tasks to queue
[2025-10-04T18:13:03.790+0000] {logging_mixin.py:190} INFO - [2025-10-04T18:13:03.790+0000] {dagbag.py:587} INFO - Filling up the DagBag from /opt/airflow/dags/stock_market_dag_v2.py
[2025-10-04T18:13:04.016+0000] {processor.py:925} INFO - DAG(s) '180DayStockDataPlainPython' retrieved from /opt/airflow/dags/stock_market_dag_v2.py
[2025-10-04T18:13:04.023+0000] {logging_mixin.py:190} INFO - [2025-10-04T18:13:04.023+0000] {dag.py:3229} INFO - Sync 1 DAGs
[2025-10-04T18:13:04.030+0000] {logging_mixin.py:190} INFO - [2025-10-04T18:13:04.030+0000] {dag.py:4156} INFO - Setting next_dagrun for 180DayStockDataPlainPython to 2025-10-03 00:00:00+00:00, run_after=2025-10-04 00:00:00+00:00
[2025-10-04T18:13:04.034+0000] {processor.py:208} INFO - Processing /opt/airflow/dags/stock_market_dag_v2.py took 0.249 seconds
[2025-10-04T18:13:34.327+0000] {processor.py:186} INFO - Started process (PID=1408) to work on /opt/airflow/dags/stock_market_dag_v2.py
[2025-10-04T18:13:34.328+0000] {processor.py:914} INFO - Processing file /opt/airflow/dags/stock_market_dag_v2.py for tasks to queue
[2025-10-04T18:13:34.329+0000] {logging_mixin.py:190} INFO - [2025-10-04T18:13:34.329+0000] {dagbag.py:587} INFO - Filling up the DagBag from /opt/airflow/dags/stock_market_dag_v2.py
[2025-10-04T18:13:34.536+0000] {processor.py:925} INFO - DAG(s) '180DayStockDataPlainPython' retrieved from /opt/airflow/dags/stock_market_dag_v2.py
[2025-10-04T18:13:34.543+0000] {logging_mixin.py:190} INFO - [2025-10-04T18:13:34.543+0000] {dag.py:3229} INFO - Sync 1 DAGs
[2025-10-04T18:13:34.549+0000] {logging_mixin.py:190} INFO - [2025-10-04T18:13:34.549+0000] {dag.py:4156} INFO - Setting next_dagrun for 180DayStockDataPlainPython to 2025-10-03 00:00:00+00:00, run_after=2025-10-04 00:00:00+00:00
[2025-10-04T18:13:34.554+0000] {processor.py:208} INFO - Processing /opt/airflow/dags/stock_market_dag_v2.py took 0.233 seconds
[2025-10-04T18:14:04.652+0000] {processor.py:186} INFO - Started process (PID=1429) to work on /opt/airflow/dags/stock_market_dag_v2.py
[2025-10-04T18:14:04.652+0000] {processor.py:914} INFO - Processing file /opt/airflow/dags/stock_market_dag_v2.py for tasks to queue
[2025-10-04T18:14:04.654+0000] {logging_mixin.py:190} INFO - [2025-10-04T18:14:04.654+0000] {dagbag.py:587} INFO - Filling up the DagBag from /opt/airflow/dags/stock_market_dag_v2.py
[2025-10-04T18:14:04.862+0000] {processor.py:925} INFO - DAG(s) '180DayStockDataPlainPython' retrieved from /opt/airflow/dags/stock_market_dag_v2.py
[2025-10-04T18:14:04.870+0000] {logging_mixin.py:190} INFO - [2025-10-04T18:14:04.870+0000] {dag.py:3229} INFO - Sync 1 DAGs
[2025-10-04T18:14:04.876+0000] {logging_mixin.py:190} INFO - [2025-10-04T18:14:04.876+0000] {dag.py:4156} INFO - Setting next_dagrun for 180DayStockDataPlainPython to 2025-10-03 00:00:00+00:00, run_after=2025-10-04 00:00:00+00:00
[2025-10-04T18:14:04.882+0000] {processor.py:208} INFO - Processing /opt/airflow/dags/stock_market_dag_v2.py took 0.235 seconds
[2025-10-04T18:14:45.768+0000] {processor.py:186} INFO - Started process (PID=260) to work on /opt/airflow/dags/stock_market_dag_v2.py
[2025-10-04T18:14:45.768+0000] {processor.py:914} INFO - Processing file /opt/airflow/dags/stock_market_dag_v2.py for tasks to queue
[2025-10-04T18:14:45.771+0000] {logging_mixin.py:190} INFO - [2025-10-04T18:14:45.771+0000] {dagbag.py:587} INFO - Filling up the DagBag from /opt/airflow/dags/stock_market_dag_v2.py
[2025-10-04T18:14:46.096+0000] {processor.py:925} INFO - DAG(s) '180DayStockDataPlainPython' retrieved from /opt/airflow/dags/stock_market_dag_v2.py
[2025-10-04T18:14:46.149+0000] {logging_mixin.py:190} INFO - [2025-10-04T18:14:46.149+0000] {override.py:1900} INFO - Created Permission View: can delete on DAG:180DayStockDataPlainPython
[2025-10-04T18:14:46.154+0000] {logging_mixin.py:190} INFO - [2025-10-04T18:14:46.153+0000] {override.py:1900} INFO - Created Permission View: can read on DAG:180DayStockDataPlainPython
[2025-10-04T18:14:46.155+0000] {logging_mixin.py:190} INFO - [2025-10-04T18:14:46.155+0000] {override.py:1900} INFO - Created Permission View: can edit on DAG:180DayStockDataPlainPython
[2025-10-04T18:14:46.158+0000] {logging_mixin.py:190} INFO - [2025-10-04T18:14:46.158+0000] {override.py:1900} INFO - Created Permission View: can delete on DAG Run:180DayStockDataPlainPython
[2025-10-04T18:14:46.160+0000] {logging_mixin.py:190} INFO - [2025-10-04T18:14:46.160+0000] {override.py:1900} INFO - Created Permission View: can create on DAG Run:180DayStockDataPlainPython
[2025-10-04T18:14:46.162+0000] {logging_mixin.py:190} INFO - [2025-10-04T18:14:46.162+0000] {override.py:1900} INFO - Created Permission View: can read on DAG Run:180DayStockDataPlainPython
[2025-10-04T18:14:46.164+0000] {logging_mixin.py:190} INFO - [2025-10-04T18:14:46.164+0000] {override.py:1900} INFO - Created Permission View: menu access on DAG Run:180DayStockDataPlainPython
[2025-10-04T18:14:46.164+0000] {logging_mixin.py:190} INFO - [2025-10-04T18:14:46.164+0000] {dag.py:3229} INFO - Sync 1 DAGs
[2025-10-04T18:14:46.171+0000] {logging_mixin.py:190} INFO - [2025-10-04T18:14:46.171+0000] {dag.py:3252} INFO - Creating ORM DAG for 180DayStockDataPlainPython
[2025-10-04T18:14:46.276+0000] {logging_mixin.py:190} INFO - [2025-10-04T18:14:46.276+0000] {dag.py:4156} INFO - Setting next_dagrun for 180DayStockDataPlainPython to 2025-10-03 00:00:00+00:00, run_after=2025-10-04 00:00:00+00:00
[2025-10-04T18:14:46.285+0000] {processor.py:208} INFO - Processing /opt/airflow/dags/stock_market_dag_v2.py took 0.519 seconds
[2025-10-04T18:15:16.601+0000] {processor.py:186} INFO - Started process (PID=300) to work on /opt/airflow/dags/stock_market_dag_v2.py
[2025-10-04T18:15:16.602+0000] {processor.py:914} INFO - Processing file /opt/airflow/dags/stock_market_dag_v2.py for tasks to queue
[2025-10-04T18:15:16.604+0000] {logging_mixin.py:190} INFO - [2025-10-04T18:15:16.604+0000] {dagbag.py:587} INFO - Filling up the DagBag from /opt/airflow/dags/stock_market_dag_v2.py
[2025-10-04T18:15:16.751+0000] {processor.py:925} INFO - DAG(s) '180DayStockDataPlainPython' retrieved from /opt/airflow/dags/stock_market_dag_v2.py
[2025-10-04T18:15:16.761+0000] {logging_mixin.py:190} INFO - [2025-10-04T18:15:16.761+0000] {dag.py:3229} INFO - Sync 1 DAGs
[2025-10-04T18:15:16.772+0000] {logging_mixin.py:190} INFO - [2025-10-04T18:15:16.772+0000] {dag.py:4156} INFO - Setting next_dagrun for 180DayStockDataPlainPython to 2025-10-03 00:00:00+00:00, run_after=2025-10-04 00:00:00+00:00
[2025-10-04T18:15:16.778+0000] {processor.py:208} INFO - Processing /opt/airflow/dags/stock_market_dag_v2.py took 0.181 seconds
[2025-10-04T18:15:47.113+0000] {processor.py:186} INFO - Started process (PID=321) to work on /opt/airflow/dags/stock_market_dag_v2.py
[2025-10-04T18:15:47.114+0000] {processor.py:914} INFO - Processing file /opt/airflow/dags/stock_market_dag_v2.py for tasks to queue
[2025-10-04T18:15:47.115+0000] {logging_mixin.py:190} INFO - [2025-10-04T18:15:47.115+0000] {dagbag.py:587} INFO - Filling up the DagBag from /opt/airflow/dags/stock_market_dag_v2.py
[2025-10-04T18:15:47.258+0000] {processor.py:925} INFO - DAG(s) '180DayStockDataPlainPython' retrieved from /opt/airflow/dags/stock_market_dag_v2.py
[2025-10-04T18:15:47.370+0000] {logging_mixin.py:190} INFO - [2025-10-04T18:15:47.369+0000] {dag.py:3229} INFO - Sync 1 DAGs
[2025-10-04T18:15:47.384+0000] {logging_mixin.py:190} INFO - [2025-10-04T18:15:47.383+0000] {dag.py:4156} INFO - Setting next_dagrun for 180DayStockDataPlainPython to 2025-10-03 00:00:00+00:00, run_after=2025-10-04 00:00:00+00:00
[2025-10-04T18:15:47.391+0000] {processor.py:208} INFO - Processing /opt/airflow/dags/stock_market_dag_v2.py took 0.283 seconds
[2025-10-04T18:16:17.753+0000] {processor.py:186} INFO - Started process (PID=342) to work on /opt/airflow/dags/stock_market_dag_v2.py
[2025-10-04T18:16:17.753+0000] {processor.py:914} INFO - Processing file /opt/airflow/dags/stock_market_dag_v2.py for tasks to queue
[2025-10-04T18:16:17.755+0000] {logging_mixin.py:190} INFO - [2025-10-04T18:16:17.755+0000] {dagbag.py:587} INFO - Filling up the DagBag from /opt/airflow/dags/stock_market_dag_v2.py
[2025-10-04T18:16:17.893+0000] {processor.py:925} INFO - DAG(s) '180DayStockDataPlainPython' retrieved from /opt/airflow/dags/stock_market_dag_v2.py
[2025-10-04T18:16:17.904+0000] {logging_mixin.py:190} INFO - [2025-10-04T18:16:17.903+0000] {dag.py:3229} INFO - Sync 1 DAGs
[2025-10-04T18:16:17.911+0000] {logging_mixin.py:190} INFO - [2025-10-04T18:16:17.911+0000] {dag.py:4156} INFO - Setting next_dagrun for 180DayStockDataPlainPython to 2025-10-03 00:00:00+00:00, run_after=2025-10-04 00:00:00+00:00
[2025-10-04T18:16:17.919+0000] {processor.py:208} INFO - Processing /opt/airflow/dags/stock_market_dag_v2.py took 0.171 seconds
[2025-10-04T18:16:48.261+0000] {processor.py:186} INFO - Started process (PID=363) to work on /opt/airflow/dags/stock_market_dag_v2.py
[2025-10-04T18:16:48.262+0000] {processor.py:914} INFO - Processing file /opt/airflow/dags/stock_market_dag_v2.py for tasks to queue
[2025-10-04T18:16:48.263+0000] {logging_mixin.py:190} INFO - [2025-10-04T18:16:48.263+0000] {dagbag.py:587} INFO - Filling up the DagBag from /opt/airflow/dags/stock_market_dag_v2.py
[2025-10-04T18:16:48.407+0000] {processor.py:925} INFO - DAG(s) '180DayStockDataPlainPython' retrieved from /opt/airflow/dags/stock_market_dag_v2.py
[2025-10-04T18:16:48.417+0000] {logging_mixin.py:190} INFO - [2025-10-04T18:16:48.417+0000] {dag.py:3229} INFO - Sync 1 DAGs
[2025-10-04T18:16:48.425+0000] {logging_mixin.py:190} INFO - [2025-10-04T18:16:48.425+0000] {dag.py:4156} INFO - Setting next_dagrun for 180DayStockDataPlainPython to 2025-10-03 00:00:00+00:00, run_after=2025-10-04 00:00:00+00:00
[2025-10-04T18:16:48.515+0000] {processor.py:208} INFO - Processing /opt/airflow/dags/stock_market_dag_v2.py took 0.258 seconds
[2025-10-04T18:17:18.902+0000] {processor.py:186} INFO - Started process (PID=384) to work on /opt/airflow/dags/stock_market_dag_v2.py
[2025-10-04T18:17:18.903+0000] {processor.py:914} INFO - Processing file /opt/airflow/dags/stock_market_dag_v2.py for tasks to queue
[2025-10-04T18:17:18.904+0000] {logging_mixin.py:190} INFO - [2025-10-04T18:17:18.904+0000] {dagbag.py:587} INFO - Filling up the DagBag from /opt/airflow/dags/stock_market_dag_v2.py
[2025-10-04T18:17:19.046+0000] {processor.py:925} INFO - DAG(s) '180DayStockDataPlainPython' retrieved from /opt/airflow/dags/stock_market_dag_v2.py
[2025-10-04T18:17:19.058+0000] {logging_mixin.py:190} INFO - [2025-10-04T18:17:19.058+0000] {dag.py:3229} INFO - Sync 1 DAGs
[2025-10-04T18:17:19.067+0000] {logging_mixin.py:190} INFO - [2025-10-04T18:17:19.067+0000] {dag.py:4156} INFO - Setting next_dagrun for 180DayStockDataPlainPython to 2025-10-03 00:00:00+00:00, run_after=2025-10-04 00:00:00+00:00
[2025-10-04T18:17:19.073+0000] {processor.py:208} INFO - Processing /opt/airflow/dags/stock_market_dag_v2.py took 0.175 seconds
[2025-10-04T18:17:49.401+0000] {processor.py:186} INFO - Started process (PID=405) to work on /opt/airflow/dags/stock_market_dag_v2.py
[2025-10-04T18:17:49.401+0000] {processor.py:914} INFO - Processing file /opt/airflow/dags/stock_market_dag_v2.py for tasks to queue
[2025-10-04T18:17:49.402+0000] {logging_mixin.py:190} INFO - [2025-10-04T18:17:49.402+0000] {dagbag.py:587} INFO - Filling up the DagBag from /opt/airflow/dags/stock_market_dag_v2.py
[2025-10-04T18:17:49.547+0000] {processor.py:925} INFO - DAG(s) '180DayStockDataPlainPython' retrieved from /opt/airflow/dags/stock_market_dag_v2.py
[2025-10-04T18:17:49.641+0000] {logging_mixin.py:190} INFO - [2025-10-04T18:17:49.640+0000] {dag.py:3229} INFO - Sync 1 DAGs
[2025-10-04T18:17:49.651+0000] {logging_mixin.py:190} INFO - [2025-10-04T18:17:49.651+0000] {dag.py:4156} INFO - Setting next_dagrun for 180DayStockDataPlainPython to 2025-10-03 00:00:00+00:00, run_after=2025-10-04 00:00:00+00:00
[2025-10-04T18:17:49.658+0000] {processor.py:208} INFO - Processing /opt/airflow/dags/stock_market_dag_v2.py took 0.261 seconds
[2025-10-04T18:18:19.962+0000] {processor.py:186} INFO - Started process (PID=426) to work on /opt/airflow/dags/stock_market_dag_v2.py
[2025-10-04T18:18:19.963+0000] {processor.py:914} INFO - Processing file /opt/airflow/dags/stock_market_dag_v2.py for tasks to queue
[2025-10-04T18:18:19.964+0000] {logging_mixin.py:190} INFO - [2025-10-04T18:18:19.964+0000] {dagbag.py:587} INFO - Filling up the DagBag from /opt/airflow/dags/stock_market_dag_v2.py
[2025-10-04T18:18:20.103+0000] {processor.py:925} INFO - DAG(s) '180DayStockDataPlainPython' retrieved from /opt/airflow/dags/stock_market_dag_v2.py
[2025-10-04T18:18:20.116+0000] {logging_mixin.py:190} INFO - [2025-10-04T18:18:20.116+0000] {dag.py:3229} INFO - Sync 1 DAGs
[2025-10-04T18:18:20.123+0000] {logging_mixin.py:190} INFO - [2025-10-04T18:18:20.123+0000] {dag.py:4156} INFO - Setting next_dagrun for 180DayStockDataPlainPython to 2025-10-03 00:00:00+00:00, run_after=2025-10-04 00:00:00+00:00
[2025-10-04T18:18:20.130+0000] {processor.py:208} INFO - Processing /opt/airflow/dags/stock_market_dag_v2.py took 0.171 seconds
[2025-10-04T18:18:50.526+0000] {processor.py:186} INFO - Started process (PID=447) to work on /opt/airflow/dags/stock_market_dag_v2.py
[2025-10-04T18:18:50.527+0000] {processor.py:914} INFO - Processing file /opt/airflow/dags/stock_market_dag_v2.py for tasks to queue
[2025-10-04T18:18:50.528+0000] {logging_mixin.py:190} INFO - [2025-10-04T18:18:50.528+0000] {dagbag.py:587} INFO - Filling up the DagBag from /opt/airflow/dags/stock_market_dag_v2.py
[2025-10-04T18:18:50.673+0000] {processor.py:925} INFO - DAG(s) '180DayStockDataPlainPython' retrieved from /opt/airflow/dags/stock_market_dag_v2.py
[2025-10-04T18:18:50.684+0000] {logging_mixin.py:190} INFO - [2025-10-04T18:18:50.684+0000] {dag.py:3229} INFO - Sync 1 DAGs
[2025-10-04T18:18:50.694+0000] {logging_mixin.py:190} INFO - [2025-10-04T18:18:50.694+0000] {dag.py:4156} INFO - Setting next_dagrun for 180DayStockDataPlainPython to 2025-10-03 00:00:00+00:00, run_after=2025-10-04 00:00:00+00:00
[2025-10-04T18:18:50.783+0000] {processor.py:208} INFO - Processing /opt/airflow/dags/stock_market_dag_v2.py took 0.260 seconds
[2025-10-04T18:19:21.109+0000] {processor.py:186} INFO - Started process (PID=468) to work on /opt/airflow/dags/stock_market_dag_v2.py
[2025-10-04T18:19:21.110+0000] {processor.py:914} INFO - Processing file /opt/airflow/dags/stock_market_dag_v2.py for tasks to queue
[2025-10-04T18:19:21.112+0000] {logging_mixin.py:190} INFO - [2025-10-04T18:19:21.112+0000] {dagbag.py:587} INFO - Filling up the DagBag from /opt/airflow/dags/stock_market_dag_v2.py
[2025-10-04T18:19:21.253+0000] {processor.py:925} INFO - DAG(s) '180DayStockDataPlainPython' retrieved from /opt/airflow/dags/stock_market_dag_v2.py
[2025-10-04T18:19:21.263+0000] {logging_mixin.py:190} INFO - [2025-10-04T18:19:21.263+0000] {dag.py:3229} INFO - Sync 1 DAGs
[2025-10-04T18:19:21.271+0000] {logging_mixin.py:190} INFO - [2025-10-04T18:19:21.271+0000] {dag.py:4156} INFO - Setting next_dagrun for 180DayStockDataPlainPython to 2025-10-03 00:00:00+00:00, run_after=2025-10-04 00:00:00+00:00
[2025-10-04T18:19:21.278+0000] {processor.py:208} INFO - Processing /opt/airflow/dags/stock_market_dag_v2.py took 0.174 seconds
[2025-10-04T18:19:51.644+0000] {processor.py:186} INFO - Started process (PID=489) to work on /opt/airflow/dags/stock_market_dag_v2.py
[2025-10-04T18:19:51.645+0000] {processor.py:914} INFO - Processing file /opt/airflow/dags/stock_market_dag_v2.py for tasks to queue
[2025-10-04T18:19:51.646+0000] {logging_mixin.py:190} INFO - [2025-10-04T18:19:51.646+0000] {dagbag.py:587} INFO - Filling up the DagBag from /opt/airflow/dags/stock_market_dag_v2.py
[2025-10-04T18:19:51.792+0000] {processor.py:925} INFO - DAG(s) '180DayStockDataPlainPython' retrieved from /opt/airflow/dags/stock_market_dag_v2.py
[2025-10-04T18:19:51.889+0000] {logging_mixin.py:190} INFO - [2025-10-04T18:19:51.889+0000] {dag.py:3229} INFO - Sync 1 DAGs
[2025-10-04T18:19:51.896+0000] {logging_mixin.py:190} INFO - [2025-10-04T18:19:51.896+0000] {dag.py:4156} INFO - Setting next_dagrun for 180DayStockDataPlainPython to 2025-10-03 00:00:00+00:00, run_after=2025-10-04 00:00:00+00:00
[2025-10-04T18:19:51.902+0000] {processor.py:208} INFO - Processing /opt/airflow/dags/stock_market_dag_v2.py took 0.262 seconds
[2025-10-04T18:20:22.224+0000] {processor.py:186} INFO - Started process (PID=510) to work on /opt/airflow/dags/stock_market_dag_v2.py
[2025-10-04T18:20:22.225+0000] {processor.py:914} INFO - Processing file /opt/airflow/dags/stock_market_dag_v2.py for tasks to queue
[2025-10-04T18:20:22.227+0000] {logging_mixin.py:190} INFO - [2025-10-04T18:20:22.226+0000] {dagbag.py:587} INFO - Filling up the DagBag from /opt/airflow/dags/stock_market_dag_v2.py
[2025-10-04T18:20:22.458+0000] {processor.py:925} INFO - DAG(s) '180DayStockDataPlainPython' retrieved from /opt/airflow/dags/stock_market_dag_v2.py
[2025-10-04T18:20:22.467+0000] {logging_mixin.py:190} INFO - [2025-10-04T18:20:22.467+0000] {dag.py:3229} INFO - Sync 1 DAGs
[2025-10-04T18:20:22.475+0000] {logging_mixin.py:190} INFO - [2025-10-04T18:20:22.475+0000] {dag.py:4156} INFO - Setting next_dagrun for 180DayStockDataPlainPython to 2025-10-03 00:00:00+00:00, run_after=2025-10-04 00:00:00+00:00
[2025-10-04T18:20:22.481+0000] {processor.py:208} INFO - Processing /opt/airflow/dags/stock_market_dag_v2.py took 0.261 seconds
[2025-10-04T18:20:52.850+0000] {processor.py:186} INFO - Started process (PID=531) to work on /opt/airflow/dags/stock_market_dag_v2.py
[2025-10-04T18:20:52.851+0000] {processor.py:914} INFO - Processing file /opt/airflow/dags/stock_market_dag_v2.py for tasks to queue
[2025-10-04T18:20:52.852+0000] {logging_mixin.py:190} INFO - [2025-10-04T18:20:52.852+0000] {dagbag.py:587} INFO - Filling up the DagBag from /opt/airflow/dags/stock_market_dag_v2.py
[2025-10-04T18:20:52.991+0000] {processor.py:925} INFO - DAG(s) '180DayStockDataPlainPython' retrieved from /opt/airflow/dags/stock_market_dag_v2.py
[2025-10-04T18:20:53.001+0000] {logging_mixin.py:190} INFO - [2025-10-04T18:20:53.000+0000] {dag.py:3229} INFO - Sync 1 DAGs
[2025-10-04T18:20:53.008+0000] {logging_mixin.py:190} INFO - [2025-10-04T18:20:53.008+0000] {dag.py:4156} INFO - Setting next_dagrun for 180DayStockDataPlainPython to 2025-10-03 00:00:00+00:00, run_after=2025-10-04 00:00:00+00:00
[2025-10-04T18:20:53.102+0000] {processor.py:208} INFO - Processing /opt/airflow/dags/stock_market_dag_v2.py took 0.256 seconds
[2025-10-04T18:21:23.483+0000] {processor.py:186} INFO - Started process (PID=552) to work on /opt/airflow/dags/stock_market_dag_v2.py
[2025-10-04T18:21:23.484+0000] {processor.py:914} INFO - Processing file /opt/airflow/dags/stock_market_dag_v2.py for tasks to queue
[2025-10-04T18:21:23.486+0000] {logging_mixin.py:190} INFO - [2025-10-04T18:21:23.486+0000] {dagbag.py:587} INFO - Filling up the DagBag from /opt/airflow/dags/stock_market_dag_v2.py
[2025-10-04T18:21:23.640+0000] {processor.py:925} INFO - DAG(s) '180DayStockDataPlainPython' retrieved from /opt/airflow/dags/stock_market_dag_v2.py
[2025-10-04T18:21:23.652+0000] {logging_mixin.py:190} INFO - [2025-10-04T18:21:23.652+0000] {dag.py:3229} INFO - Sync 1 DAGs
[2025-10-04T18:21:23.752+0000] {logging_mixin.py:190} INFO - [2025-10-04T18:21:23.752+0000] {dag.py:4156} INFO - Setting next_dagrun for 180DayStockDataPlainPython to 2025-10-03 00:00:00+00:00, run_after=2025-10-04 00:00:00+00:00
[2025-10-04T18:21:23.758+0000] {processor.py:208} INFO - Processing /opt/airflow/dags/stock_market_dag_v2.py took 0.281 seconds
[2025-10-04T18:21:54.085+0000] {processor.py:186} INFO - Started process (PID=573) to work on /opt/airflow/dags/stock_market_dag_v2.py
[2025-10-04T18:21:54.085+0000] {processor.py:914} INFO - Processing file /opt/airflow/dags/stock_market_dag_v2.py for tasks to queue
[2025-10-04T18:21:54.086+0000] {logging_mixin.py:190} INFO - [2025-10-04T18:21:54.086+0000] {dagbag.py:587} INFO - Filling up the DagBag from /opt/airflow/dags/stock_market_dag_v2.py
[2025-10-04T18:21:54.265+0000] {processor.py:925} INFO - DAG(s) '180DayStockDataPlainPython' retrieved from /opt/airflow/dags/stock_market_dag_v2.py
[2025-10-04T18:21:54.383+0000] {logging_mixin.py:190} INFO - [2025-10-04T18:21:54.383+0000] {dag.py:3229} INFO - Sync 1 DAGs
[2025-10-04T18:21:54.393+0000] {logging_mixin.py:190} INFO - [2025-10-04T18:21:54.393+0000] {dag.py:4156} INFO - Setting next_dagrun for 180DayStockDataPlainPython to 2025-10-03 00:00:00+00:00, run_after=2025-10-04 00:00:00+00:00
[2025-10-04T18:21:54.402+0000] {processor.py:208} INFO - Processing /opt/airflow/dags/stock_market_dag_v2.py took 0.321 seconds
[2025-10-04T18:22:24.769+0000] {processor.py:186} INFO - Started process (PID=600) to work on /opt/airflow/dags/stock_market_dag_v2.py
[2025-10-04T18:22:24.770+0000] {processor.py:914} INFO - Processing file /opt/airflow/dags/stock_market_dag_v2.py for tasks to queue
[2025-10-04T18:22:24.772+0000] {logging_mixin.py:190} INFO - [2025-10-04T18:22:24.772+0000] {dagbag.py:587} INFO - Filling up the DagBag from /opt/airflow/dags/stock_market_dag_v2.py
[2025-10-04T18:22:25.003+0000] {processor.py:925} INFO - DAG(s) '180DayStockDataPlainPython' retrieved from /opt/airflow/dags/stock_market_dag_v2.py
[2025-10-04T18:22:25.011+0000] {logging_mixin.py:190} INFO - [2025-10-04T18:22:25.010+0000] {dag.py:3229} INFO - Sync 1 DAGs
[2025-10-04T18:22:25.018+0000] {logging_mixin.py:190} INFO - [2025-10-04T18:22:25.018+0000] {dag.py:4156} INFO - Setting next_dagrun for 180DayStockDataPlainPython to 2025-10-03 00:00:00+00:00, run_after=2025-10-04 00:00:00+00:00
[2025-10-04T18:22:25.025+0000] {processor.py:208} INFO - Processing /opt/airflow/dags/stock_market_dag_v2.py took 0.260 seconds
