[2025-10-04T17:48:29.491+0000] {local_task_job_runner.py:123} INFO - ::group::Pre task execution logs
[2025-10-04T17:48:29.496+0000] {taskinstance.py:2612} INFO - Dependencies all met for dep_context=non-requeueable deps ti=<TaskInstance: 180DayStockData.transform manual__2025-10-04T17:48:27.630920+00:00 [queued]>
[2025-10-04T17:48:29.498+0000] {taskinstance.py:2612} INFO - Dependencies all met for dep_context=requeueable deps ti=<TaskInstance: 180DayStockData.transform manual__2025-10-04T17:48:27.630920+00:00 [queued]>
[2025-10-04T17:48:29.499+0000] {taskinstance.py:2865} INFO - Starting attempt 1 of 1
[2025-10-04T17:48:29.502+0000] {taskinstance.py:2888} INFO - Executing <Task(_PythonDecoratedOperator): transform> on 2025-10-04 17:48:27.630920+00:00
[2025-10-04T17:48:29.505+0000] {logging_mixin.py:190} WARNING - /home/***/.local/lib/python3.12/site-packages/***/task/task_runner/standard_task_runner.py:70 DeprecationWarning: This process (pid=379) is multi-threaded, use of fork() may lead to deadlocks in the child.
[2025-10-04T17:48:29.505+0000] {standard_task_runner.py:72} INFO - Started process 382 to run task
[2025-10-04T17:48:29.505+0000] {standard_task_runner.py:104} INFO - Running: ['***', 'tasks', 'run', '180DayStockData', 'transform', 'manual__2025-10-04T17:48:27.630920+00:00', '--job-id', '6', '--raw', '--subdir', 'DAGS_FOLDER/stock_market_dag.py', '--cfg-path', '/tmp/tmpw3c_an04']
[2025-10-04T17:48:29.506+0000] {standard_task_runner.py:105} INFO - Job 6: Subtask transform
[2025-10-04T17:48:29.521+0000] {task_command.py:467} INFO - Running <TaskInstance: 180DayStockData.transform manual__2025-10-04T17:48:27.630920+00:00 [running]> on host bdddc24df2ca
[2025-10-04T17:48:29.572+0000] {taskinstance.py:3131} INFO - Exporting env vars: AIRFLOW_CTX_DAG_OWNER='***' AIRFLOW_CTX_DAG_ID='180DayStockData' AIRFLOW_CTX_TASK_ID='transform' AIRFLOW_CTX_EXECUTION_DATE='2025-10-04T17:48:27.630920+00:00' AIRFLOW_CTX_TRY_NUMBER='1' AIRFLOW_CTX_DAG_RUN_ID='manual__2025-10-04T17:48:27.630920+00:00'
[2025-10-04T17:48:29.572+0000] {taskinstance.py:731} INFO - ::endgroup::
[2025-10-04T17:48:29.576+0000] {python.py:240} INFO - Done. Returned value was: Price       Date Ticker       Close  ...         Low        Open     Volume
0     2025-01-16   AVGO  227.790558  ...  227.591973  233.559542   23471900
1     2025-01-16   NVDA  133.540909  ...  133.460924  138.609796  209235600
2     2025-01-17   AVGO  235.763870  ...  231.017614  235.406411   31196600
3     2025-01-17   NVDA  137.680008  ...  135.430498  136.660226  201188800
4     2025-01-21   AVGO  238.613617  ...  235.724155  239.795219   30903200
..           ...    ...         ...  ...         ...         ...        ...
355   2025-10-01   NVDA  187.240005  ...  183.899994  185.240005  173844900
356   2025-10-02   AVGO  338.179993  ...  335.250000  347.609985   19917600
357   2025-10-02   NVDA  188.889999  ...  188.059998  189.600006  136805800
358   2025-10-03   AVGO  338.369995  ...  335.739990  341.500000   14723500
359   2025-10-03   NVDA  187.619995  ...  185.380005  189.190002  137340500

[360 rows x 7 columns]
[2025-10-04T17:48:29.586+0000] {taskinstance.py:340} INFO - ::group::Post task execution logs
[2025-10-04T17:48:29.587+0000] {taskinstance.py:352} INFO - Marking task as SUCCESS. dag_id=180DayStockData, task_id=transform, run_id=manual__2025-10-04T17:48:27.630920+00:00, execution_date=20251004T174827, start_date=20251004T174829, end_date=20251004T174829
[2025-10-04T17:48:29.604+0000] {local_task_job_runner.py:266} INFO - Task exited with return code 0
[2025-10-04T17:48:29.610+0000] {taskinstance.py:3900} INFO - 1 downstream tasks scheduled from follow-on schedule check
[2025-10-04T17:48:29.611+0000] {local_task_job_runner.py:245} INFO - ::endgroup::
