[2025-10-05T17:59:51.701+0000] {local_task_job_runner.py:123} INFO - ::group::Pre task execution logs
[2025-10-05T17:59:51.706+0000] {taskinstance.py:2612} INFO - Dependencies all met for dep_context=non-requeueable deps ti=<TaskInstance: Stock_ETL_Snowflake.extract scheduled__2025-10-04T00:00:00+00:00 [queued]>
[2025-10-05T17:59:51.708+0000] {taskinstance.py:2612} INFO - Dependencies all met for dep_context=requeueable deps ti=<TaskInstance: Stock_ETL_Snowflake.extract scheduled__2025-10-04T00:00:00+00:00 [queued]>
[2025-10-05T17:59:51.708+0000] {taskinstance.py:2865} INFO - Starting attempt 1 of 1
[2025-10-05T17:59:51.711+0000] {taskinstance.py:2888} INFO - Executing <Task(_PythonDecoratedOperator): extract> on 2025-10-04 00:00:00+00:00
[2025-10-05T17:59:51.714+0000] {logging_mixin.py:190} WARNING - /home/***/.local/lib/python3.12/site-packages/***/task/task_runner/standard_task_runner.py:70 DeprecationWarning: This process (pid=757) is multi-threaded, use of fork() may lead to deadlocks in the child.
[2025-10-05T17:59:51.714+0000] {standard_task_runner.py:72} INFO - Started process 760 to run task
[2025-10-05T17:59:51.714+0000] {standard_task_runner.py:104} INFO - Running: ['***', 'tasks', 'run', 'Stock_ETL_Snowflake', 'extract', 'scheduled__2025-10-04T00:00:00+00:00', '--job-id', '9', '--raw', '--subdir', 'DAGS_FOLDER/stock_market_dag_v2.py', '--cfg-path', '/tmp/tmp24p_pgp8']
[2025-10-05T17:59:51.716+0000] {standard_task_runner.py:105} INFO - Job 9: Subtask extract
[2025-10-05T17:59:51.731+0000] {task_command.py:467} INFO - Running <TaskInstance: Stock_ETL_Snowflake.extract scheduled__2025-10-04T00:00:00+00:00 [running]> on host 83b0efe769ad
[2025-10-05T17:59:51.753+0000] {taskinstance.py:3131} INFO - Exporting env vars: AIRFLOW_CTX_DAG_OWNER='***' AIRFLOW_CTX_DAG_ID='Stock_ETL_Snowflake' AIRFLOW_CTX_TASK_ID='extract' AIRFLOW_CTX_EXECUTION_DATE='2025-10-04T00:00:00+00:00' AIRFLOW_CTX_TRY_NUMBER='1' AIRFLOW_CTX_DAG_RUN_ID='scheduled__2025-10-04T00:00:00+00:00'
[2025-10-05T17:59:51.753+0000] {taskinstance.py:731} INFO - ::endgroup::
[2025-10-05T17:59:51.754+0000] {logging_mixin.py:190} WARNING - /opt/***/dags/stock_market_dag_v2.py:24 FutureWarning: YF.download() has changed argument auto_adjust default to True
[2025-10-05T17:59:52.147+0000] {logging_mixin.py:190} WARNING - [                       0%                       ]
[2025-10-05T17:59:52.159+0000] {logging_mixin.py:190} WARNING - [*********************100%***********************]  2 of 2 completed
[2025-10-05T17:59:52.166+0000] {python.py:240} INFO - Done. Returned value was: /tmp/raw_stock_data.csv
[2025-10-05T17:59:52.175+0000] {taskinstance.py:340} INFO - ::group::Post task execution logs
[2025-10-05T17:59:52.176+0000] {taskinstance.py:352} INFO - Marking task as SUCCESS. dag_id=Stock_ETL_Snowflake, task_id=extract, run_id=scheduled__2025-10-04T00:00:00+00:00, execution_date=20251004T000000, start_date=20251005T175951, end_date=20251005T175952
[2025-10-05T17:59:52.187+0000] {local_task_job_runner.py:266} INFO - Task exited with return code 0
[2025-10-05T17:59:52.198+0000] {taskinstance.py:3900} INFO - 1 downstream tasks scheduled from follow-on schedule check
[2025-10-05T17:59:52.198+0000] {local_task_job_runner.py:245} INFO - ::endgroup::
