[2025-10-05T17:45:08.119+0000] {processor.py:186} INFO - Started process (PID=190) to work on /opt/airflow/dags/stock_market_ml_forecasting_dag.py
[2025-10-05T17:45:08.120+0000] {processor.py:914} INFO - Processing file /opt/airflow/dags/stock_market_ml_forecasting_dag.py for tasks to queue
[2025-10-05T17:45:08.120+0000] {logging_mixin.py:190} INFO - [2025-10-05T17:45:08.120+0000] {dagbag.py:587} INFO - Filling up the DagBag from /opt/airflow/dags/stock_market_ml_forecasting_dag.py
[2025-10-05T17:45:08.131+0000] {processor.py:925} INFO - DAG(s) 'TrainPredict' retrieved from /opt/airflow/dags/stock_market_ml_forecasting_dag.py
[2025-10-05T17:45:08.208+0000] {logging_mixin.py:190} INFO - [2025-10-05T17:45:08.208+0000] {override.py:1900} INFO - Created Permission View: can edit on DAG:TrainPredict
[2025-10-05T17:45:08.213+0000] {logging_mixin.py:190} INFO - [2025-10-05T17:45:08.213+0000] {override.py:1900} INFO - Created Permission View: can delete on DAG:TrainPredict
[2025-10-05T17:45:08.216+0000] {logging_mixin.py:190} INFO - [2025-10-05T17:45:08.216+0000] {override.py:1900} INFO - Created Permission View: can read on DAG:TrainPredict
[2025-10-05T17:45:08.218+0000] {logging_mixin.py:190} INFO - [2025-10-05T17:45:08.218+0000] {override.py:1900} INFO - Created Permission View: can create on DAG Run:TrainPredict
[2025-10-05T17:45:08.221+0000] {logging_mixin.py:190} INFO - [2025-10-05T17:45:08.221+0000] {override.py:1900} INFO - Created Permission View: menu access on DAG Run:TrainPredict
[2025-10-05T17:45:08.224+0000] {logging_mixin.py:190} INFO - [2025-10-05T17:45:08.224+0000] {override.py:1900} INFO - Created Permission View: can delete on DAG Run:TrainPredict
[2025-10-05T17:45:08.226+0000] {logging_mixin.py:190} INFO - [2025-10-05T17:45:08.226+0000] {override.py:1900} INFO - Created Permission View: can read on DAG Run:TrainPredict
[2025-10-05T17:45:08.227+0000] {logging_mixin.py:190} INFO - [2025-10-05T17:45:08.227+0000] {dag.py:3229} INFO - Sync 1 DAGs
[2025-10-05T17:45:08.232+0000] {logging_mixin.py:190} INFO - [2025-10-05T17:45:08.232+0000] {dag.py:3252} INFO - Creating ORM DAG for TrainPredict
[2025-10-05T17:45:08.236+0000] {logging_mixin.py:190} INFO - [2025-10-05T17:45:08.236+0000] {dag.py:4156} INFO - Setting next_dagrun for TrainPredict to 2025-10-04 00:00:00+00:00, run_after=2025-10-05 00:00:00+00:00
[2025-10-05T17:45:08.248+0000] {processor.py:208} INFO - Processing /opt/airflow/dags/stock_market_ml_forecasting_dag.py took 0.132 seconds
[2025-10-05T17:45:38.764+0000] {processor.py:186} INFO - Started process (PID=253) to work on /opt/airflow/dags/stock_market_ml_forecasting_dag.py
[2025-10-05T17:45:38.765+0000] {processor.py:914} INFO - Processing file /opt/airflow/dags/stock_market_ml_forecasting_dag.py for tasks to queue
[2025-10-05T17:45:38.767+0000] {logging_mixin.py:190} INFO - [2025-10-05T17:45:38.767+0000] {dagbag.py:587} INFO - Filling up the DagBag from /opt/airflow/dags/stock_market_ml_forecasting_dag.py
[2025-10-05T17:45:38.774+0000] {processor.py:925} INFO - DAG(s) 'TrainPredict' retrieved from /opt/airflow/dags/stock_market_ml_forecasting_dag.py
[2025-10-05T17:45:38.787+0000] {logging_mixin.py:190} INFO - [2025-10-05T17:45:38.787+0000] {dag.py:3229} INFO - Sync 1 DAGs
[2025-10-05T17:45:38.797+0000] {logging_mixin.py:190} INFO - [2025-10-05T17:45:38.797+0000] {dag.py:4156} INFO - Setting next_dagrun for TrainPredict to 2025-10-04 00:00:00+00:00, run_after=2025-10-05 00:00:00+00:00
[2025-10-05T17:45:38.803+0000] {processor.py:208} INFO - Processing /opt/airflow/dags/stock_market_ml_forecasting_dag.py took 0.043 seconds
[2025-10-05T17:46:09.239+0000] {processor.py:186} INFO - Started process (PID=274) to work on /opt/airflow/dags/stock_market_ml_forecasting_dag.py
[2025-10-05T17:46:09.240+0000] {processor.py:914} INFO - Processing file /opt/airflow/dags/stock_market_ml_forecasting_dag.py for tasks to queue
[2025-10-05T17:46:09.241+0000] {logging_mixin.py:190} INFO - [2025-10-05T17:46:09.241+0000] {dagbag.py:587} INFO - Filling up the DagBag from /opt/airflow/dags/stock_market_ml_forecasting_dag.py
[2025-10-05T17:46:09.248+0000] {processor.py:925} INFO - DAG(s) 'TrainPredict' retrieved from /opt/airflow/dags/stock_market_ml_forecasting_dag.py
[2025-10-05T17:46:09.263+0000] {logging_mixin.py:190} INFO - [2025-10-05T17:46:09.263+0000] {dag.py:3229} INFO - Sync 1 DAGs
[2025-10-05T17:46:09.276+0000] {logging_mixin.py:190} INFO - [2025-10-05T17:46:09.276+0000] {dag.py:4156} INFO - Setting next_dagrun for TrainPredict to 2025-10-04 00:00:00+00:00, run_after=2025-10-05 00:00:00+00:00
[2025-10-05T17:46:09.286+0000] {processor.py:208} INFO - Processing /opt/airflow/dags/stock_market_ml_forecasting_dag.py took 0.051 seconds
[2025-10-05T17:46:39.835+0000] {processor.py:186} INFO - Started process (PID=295) to work on /opt/airflow/dags/stock_market_ml_forecasting_dag.py
[2025-10-05T17:46:39.836+0000] {processor.py:914} INFO - Processing file /opt/airflow/dags/stock_market_ml_forecasting_dag.py for tasks to queue
[2025-10-05T17:46:39.837+0000] {logging_mixin.py:190} INFO - [2025-10-05T17:46:39.837+0000] {dagbag.py:587} INFO - Filling up the DagBag from /opt/airflow/dags/stock_market_ml_forecasting_dag.py
[2025-10-05T17:46:39.843+0000] {processor.py:925} INFO - DAG(s) 'TrainPredict' retrieved from /opt/airflow/dags/stock_market_ml_forecasting_dag.py
[2025-10-05T17:46:39.858+0000] {logging_mixin.py:190} INFO - [2025-10-05T17:46:39.858+0000] {dag.py:3229} INFO - Sync 1 DAGs
[2025-10-05T17:46:39.869+0000] {logging_mixin.py:190} INFO - [2025-10-05T17:46:39.869+0000] {dag.py:4156} INFO - Setting next_dagrun for TrainPredict to 2025-10-04 00:00:00+00:00, run_after=2025-10-05 00:00:00+00:00
[2025-10-05T17:46:39.879+0000] {processor.py:208} INFO - Processing /opt/airflow/dags/stock_market_ml_forecasting_dag.py took 0.046 seconds
[2025-10-05T17:48:12.656+0000] {processor.py:186} INFO - Started process (PID=190) to work on /opt/airflow/dags/stock_market_ml_forecasting_dag.py
[2025-10-05T17:48:12.656+0000] {processor.py:914} INFO - Processing file /opt/airflow/dags/stock_market_ml_forecasting_dag.py for tasks to queue
[2025-10-05T17:48:12.658+0000] {logging_mixin.py:190} INFO - [2025-10-05T17:48:12.658+0000] {dagbag.py:587} INFO - Filling up the DagBag from /opt/airflow/dags/stock_market_ml_forecasting_dag.py
[2025-10-05T17:48:12.664+0000] {processor.py:925} INFO - DAG(s) 'TrainPredict' retrieved from /opt/airflow/dags/stock_market_ml_forecasting_dag.py
[2025-10-05T17:48:12.678+0000] {logging_mixin.py:190} INFO - [2025-10-05T17:48:12.678+0000] {dag.py:3229} INFO - Sync 1 DAGs
[2025-10-05T17:48:12.690+0000] {logging_mixin.py:190} INFO - [2025-10-05T17:48:12.690+0000] {dag.py:4156} INFO - Setting next_dagrun for TrainPredict to 2025-10-04 00:00:00+00:00, run_after=2025-10-05 00:00:00+00:00
[2025-10-05T17:48:12.699+0000] {processor.py:208} INFO - Processing /opt/airflow/dags/stock_market_ml_forecasting_dag.py took 0.045 seconds
[2025-10-05T17:48:40.555+0000] {processor.py:186} INFO - Started process (PID=190) to work on /opt/airflow/dags/stock_market_ml_forecasting_dag.py
[2025-10-05T17:48:40.555+0000] {processor.py:914} INFO - Processing file /opt/airflow/dags/stock_market_ml_forecasting_dag.py for tasks to queue
[2025-10-05T17:48:40.556+0000] {logging_mixin.py:190} INFO - [2025-10-05T17:48:40.556+0000] {dagbag.py:587} INFO - Filling up the DagBag from /opt/airflow/dags/stock_market_ml_forecasting_dag.py
[2025-10-05T17:48:40.565+0000] {processor.py:925} INFO - DAG(s) 'TrainPredict' retrieved from /opt/airflow/dags/stock_market_ml_forecasting_dag.py
[2025-10-05T17:48:40.585+0000] {logging_mixin.py:190} INFO - [2025-10-05T17:48:40.585+0000] {dag.py:3229} INFO - Sync 1 DAGs
[2025-10-05T17:48:40.594+0000] {logging_mixin.py:190} INFO - [2025-10-05T17:48:40.594+0000] {dag.py:4156} INFO - Setting next_dagrun for TrainPredict to 2025-10-04 00:00:00+00:00, run_after=2025-10-05 00:00:00+00:00
[2025-10-05T17:48:40.601+0000] {processor.py:208} INFO - Processing /opt/airflow/dags/stock_market_ml_forecasting_dag.py took 0.048 seconds
[2025-10-05T17:49:11.097+0000] {processor.py:186} INFO - Started process (PID=253) to work on /opt/airflow/dags/stock_market_ml_forecasting_dag.py
[2025-10-05T17:49:11.097+0000] {processor.py:914} INFO - Processing file /opt/airflow/dags/stock_market_ml_forecasting_dag.py for tasks to queue
[2025-10-05T17:49:11.099+0000] {logging_mixin.py:190} INFO - [2025-10-05T17:49:11.099+0000] {dagbag.py:587} INFO - Filling up the DagBag from /opt/airflow/dags/stock_market_ml_forecasting_dag.py
[2025-10-05T17:49:11.105+0000] {processor.py:925} INFO - DAG(s) 'TrainPredict' retrieved from /opt/airflow/dags/stock_market_ml_forecasting_dag.py
[2025-10-05T17:49:11.117+0000] {logging_mixin.py:190} INFO - [2025-10-05T17:49:11.116+0000] {dag.py:3229} INFO - Sync 1 DAGs
[2025-10-05T17:49:11.126+0000] {logging_mixin.py:190} INFO - [2025-10-05T17:49:11.126+0000] {dag.py:4156} INFO - Setting next_dagrun for TrainPredict to 2025-10-04 00:00:00+00:00, run_after=2025-10-05 00:00:00+00:00
[2025-10-05T17:49:11.133+0000] {processor.py:208} INFO - Processing /opt/airflow/dags/stock_market_ml_forecasting_dag.py took 0.039 seconds
[2025-10-05T17:49:41.588+0000] {processor.py:186} INFO - Started process (PID=273) to work on /opt/airflow/dags/stock_market_ml_forecasting_dag.py
[2025-10-05T17:49:41.590+0000] {processor.py:914} INFO - Processing file /opt/airflow/dags/stock_market_ml_forecasting_dag.py for tasks to queue
[2025-10-05T17:49:41.592+0000] {logging_mixin.py:190} INFO - [2025-10-05T17:49:41.592+0000] {dagbag.py:587} INFO - Filling up the DagBag from /opt/airflow/dags/stock_market_ml_forecasting_dag.py
[2025-10-05T17:49:41.600+0000] {processor.py:925} INFO - DAG(s) 'TrainPredict' retrieved from /opt/airflow/dags/stock_market_ml_forecasting_dag.py
[2025-10-05T17:49:41.615+0000] {logging_mixin.py:190} INFO - [2025-10-05T17:49:41.614+0000] {dag.py:3229} INFO - Sync 1 DAGs
[2025-10-05T17:49:41.626+0000] {logging_mixin.py:190} INFO - [2025-10-05T17:49:41.625+0000] {dag.py:4156} INFO - Setting next_dagrun for TrainPredict to 2025-10-04 00:00:00+00:00, run_after=2025-10-05 00:00:00+00:00
[2025-10-05T17:49:41.634+0000] {processor.py:208} INFO - Processing /opt/airflow/dags/stock_market_ml_forecasting_dag.py took 0.050 seconds
[2025-10-05T17:50:12.213+0000] {processor.py:186} INFO - Started process (PID=294) to work on /opt/airflow/dags/stock_market_ml_forecasting_dag.py
[2025-10-05T17:50:12.214+0000] {processor.py:914} INFO - Processing file /opt/airflow/dags/stock_market_ml_forecasting_dag.py for tasks to queue
[2025-10-05T17:50:12.217+0000] {logging_mixin.py:190} INFO - [2025-10-05T17:50:12.217+0000] {dagbag.py:587} INFO - Filling up the DagBag from /opt/airflow/dags/stock_market_ml_forecasting_dag.py
[2025-10-05T17:50:12.227+0000] {processor.py:925} INFO - DAG(s) 'TrainPredict' retrieved from /opt/airflow/dags/stock_market_ml_forecasting_dag.py
[2025-10-05T17:50:12.246+0000] {logging_mixin.py:190} INFO - [2025-10-05T17:50:12.246+0000] {dag.py:3229} INFO - Sync 1 DAGs
[2025-10-05T17:50:12.258+0000] {logging_mixin.py:190} INFO - [2025-10-05T17:50:12.257+0000] {dag.py:4156} INFO - Setting next_dagrun for TrainPredict to 2025-10-04 00:00:00+00:00, run_after=2025-10-05 00:00:00+00:00
[2025-10-05T17:50:12.265+0000] {processor.py:208} INFO - Processing /opt/airflow/dags/stock_market_ml_forecasting_dag.py took 0.058 seconds
[2025-10-05T17:51:09.240+0000] {processor.py:186} INFO - Started process (PID=260) to work on /opt/airflow/dags/stock_market_ml_forecasting_dag.py
[2025-10-05T17:51:09.242+0000] {processor.py:914} INFO - Processing file /opt/airflow/dags/stock_market_ml_forecasting_dag.py for tasks to queue
[2025-10-05T17:51:09.243+0000] {logging_mixin.py:190} INFO - [2025-10-05T17:51:09.243+0000] {dagbag.py:587} INFO - Filling up the DagBag from /opt/airflow/dags/stock_market_ml_forecasting_dag.py
[2025-10-05T17:51:09.249+0000] {processor.py:925} INFO - DAG(s) 'TrainPredict' retrieved from /opt/airflow/dags/stock_market_ml_forecasting_dag.py
[2025-10-05T17:51:09.312+0000] {logging_mixin.py:190} INFO - [2025-10-05T17:51:09.311+0000] {override.py:1900} INFO - Created Permission View: can edit on DAG:TrainPredict
[2025-10-05T17:51:09.317+0000] {logging_mixin.py:190} INFO - [2025-10-05T17:51:09.317+0000] {override.py:1900} INFO - Created Permission View: can read on DAG:TrainPredict
[2025-10-05T17:51:09.323+0000] {logging_mixin.py:190} INFO - [2025-10-05T17:51:09.323+0000] {override.py:1900} INFO - Created Permission View: can delete on DAG:TrainPredict
[2025-10-05T17:51:09.326+0000] {logging_mixin.py:190} INFO - [2025-10-05T17:51:09.326+0000] {override.py:1900} INFO - Created Permission View: menu access on DAG Run:TrainPredict
[2025-10-05T17:51:09.329+0000] {logging_mixin.py:190} INFO - [2025-10-05T17:51:09.329+0000] {override.py:1900} INFO - Created Permission View: can create on DAG Run:TrainPredict
[2025-10-05T17:51:09.332+0000] {logging_mixin.py:190} INFO - [2025-10-05T17:51:09.331+0000] {override.py:1900} INFO - Created Permission View: can read on DAG Run:TrainPredict
[2025-10-05T17:51:09.334+0000] {logging_mixin.py:190} INFO - [2025-10-05T17:51:09.334+0000] {override.py:1900} INFO - Created Permission View: can delete on DAG Run:TrainPredict
[2025-10-05T17:51:09.334+0000] {logging_mixin.py:190} INFO - [2025-10-05T17:51:09.334+0000] {dag.py:3229} INFO - Sync 1 DAGs
[2025-10-05T17:51:09.340+0000] {logging_mixin.py:190} INFO - [2025-10-05T17:51:09.340+0000] {dag.py:3252} INFO - Creating ORM DAG for TrainPredict
[2025-10-05T17:51:09.344+0000] {logging_mixin.py:190} INFO - [2025-10-05T17:51:09.344+0000] {dag.py:4156} INFO - Setting next_dagrun for TrainPredict to 2025-10-04 00:00:00+00:00, run_after=2025-10-05 00:00:00+00:00
[2025-10-05T17:51:09.357+0000] {processor.py:208} INFO - Processing /opt/airflow/dags/stock_market_ml_forecasting_dag.py took 0.120 seconds
[2025-10-05T17:51:39.640+0000] {processor.py:186} INFO - Started process (PID=299) to work on /opt/airflow/dags/stock_market_ml_forecasting_dag.py
[2025-10-05T17:51:39.641+0000] {processor.py:914} INFO - Processing file /opt/airflow/dags/stock_market_ml_forecasting_dag.py for tasks to queue
[2025-10-05T17:51:39.644+0000] {logging_mixin.py:190} INFO - [2025-10-05T17:51:39.644+0000] {dagbag.py:587} INFO - Filling up the DagBag from /opt/airflow/dags/stock_market_ml_forecasting_dag.py
[2025-10-05T17:51:39.654+0000] {processor.py:925} INFO - DAG(s) 'TrainPredict' retrieved from /opt/airflow/dags/stock_market_ml_forecasting_dag.py
[2025-10-05T17:51:39.673+0000] {logging_mixin.py:190} INFO - [2025-10-05T17:51:39.673+0000] {dag.py:3229} INFO - Sync 1 DAGs
[2025-10-05T17:51:39.685+0000] {logging_mixin.py:190} INFO - [2025-10-05T17:51:39.685+0000] {dag.py:4156} INFO - Setting next_dagrun for TrainPredict to 2025-10-04 00:00:00+00:00, run_after=2025-10-05 00:00:00+00:00
[2025-10-05T17:51:39.692+0000] {processor.py:208} INFO - Processing /opt/airflow/dags/stock_market_ml_forecasting_dag.py took 0.057 seconds
[2025-10-05T17:52:10.197+0000] {processor.py:186} INFO - Started process (PID=363) to work on /opt/airflow/dags/stock_market_ml_forecasting_dag.py
[2025-10-05T17:52:10.198+0000] {processor.py:914} INFO - Processing file /opt/airflow/dags/stock_market_ml_forecasting_dag.py for tasks to queue
[2025-10-05T17:52:10.200+0000] {logging_mixin.py:190} INFO - [2025-10-05T17:52:10.199+0000] {dagbag.py:587} INFO - Filling up the DagBag from /opt/airflow/dags/stock_market_ml_forecasting_dag.py
[2025-10-05T17:52:10.208+0000] {processor.py:925} INFO - DAG(s) 'TrainPredict' retrieved from /opt/airflow/dags/stock_market_ml_forecasting_dag.py
[2025-10-05T17:52:10.222+0000] {logging_mixin.py:190} INFO - [2025-10-05T17:52:10.222+0000] {dag.py:3229} INFO - Sync 1 DAGs
[2025-10-05T17:52:10.232+0000] {logging_mixin.py:190} INFO - [2025-10-05T17:52:10.232+0000] {dag.py:4156} INFO - Setting next_dagrun for TrainPredict to 2025-10-04 00:00:00+00:00, run_after=2025-10-05 00:00:00+00:00
[2025-10-05T17:52:10.238+0000] {processor.py:208} INFO - Processing /opt/airflow/dags/stock_market_ml_forecasting_dag.py took 0.045 seconds
[2025-10-05T17:52:40.590+0000] {processor.py:186} INFO - Started process (PID=384) to work on /opt/airflow/dags/stock_market_ml_forecasting_dag.py
[2025-10-05T17:52:40.591+0000] {processor.py:914} INFO - Processing file /opt/airflow/dags/stock_market_ml_forecasting_dag.py for tasks to queue
[2025-10-05T17:52:40.593+0000] {logging_mixin.py:190} INFO - [2025-10-05T17:52:40.592+0000] {dagbag.py:587} INFO - Filling up the DagBag from /opt/airflow/dags/stock_market_ml_forecasting_dag.py
[2025-10-05T17:52:40.602+0000] {processor.py:925} INFO - DAG(s) 'TrainPredict' retrieved from /opt/airflow/dags/stock_market_ml_forecasting_dag.py
[2025-10-05T17:52:40.617+0000] {logging_mixin.py:190} INFO - [2025-10-05T17:52:40.617+0000] {dag.py:3229} INFO - Sync 1 DAGs
[2025-10-05T17:52:40.627+0000] {logging_mixin.py:190} INFO - [2025-10-05T17:52:40.627+0000] {dag.py:4156} INFO - Setting next_dagrun for TrainPredict to 2025-10-04 00:00:00+00:00, run_after=2025-10-05 00:00:00+00:00
[2025-10-05T17:52:40.633+0000] {processor.py:208} INFO - Processing /opt/airflow/dags/stock_market_ml_forecasting_dag.py took 0.048 seconds
[2025-10-05T17:53:10.972+0000] {processor.py:186} INFO - Started process (PID=405) to work on /opt/airflow/dags/stock_market_ml_forecasting_dag.py
[2025-10-05T17:53:10.973+0000] {processor.py:914} INFO - Processing file /opt/airflow/dags/stock_market_ml_forecasting_dag.py for tasks to queue
[2025-10-05T17:53:10.975+0000] {logging_mixin.py:190} INFO - [2025-10-05T17:53:10.974+0000] {dagbag.py:587} INFO - Filling up the DagBag from /opt/airflow/dags/stock_market_ml_forecasting_dag.py
[2025-10-05T17:53:10.983+0000] {processor.py:925} INFO - DAG(s) 'TrainPredict' retrieved from /opt/airflow/dags/stock_market_ml_forecasting_dag.py
[2025-10-05T17:53:10.999+0000] {logging_mixin.py:190} INFO - [2025-10-05T17:53:10.998+0000] {dag.py:3229} INFO - Sync 1 DAGs
[2025-10-05T17:53:11.009+0000] {logging_mixin.py:190} INFO - [2025-10-05T17:53:11.009+0000] {dag.py:4156} INFO - Setting next_dagrun for TrainPredict to 2025-10-04 00:00:00+00:00, run_after=2025-10-05 00:00:00+00:00
[2025-10-05T17:53:11.015+0000] {processor.py:208} INFO - Processing /opt/airflow/dags/stock_market_ml_forecasting_dag.py took 0.047 seconds
[2025-10-05T17:53:41.379+0000] {processor.py:186} INFO - Started process (PID=427) to work on /opt/airflow/dags/stock_market_ml_forecasting_dag.py
[2025-10-05T17:53:41.380+0000] {processor.py:914} INFO - Processing file /opt/airflow/dags/stock_market_ml_forecasting_dag.py for tasks to queue
[2025-10-05T17:53:41.382+0000] {logging_mixin.py:190} INFO - [2025-10-05T17:53:41.382+0000] {dagbag.py:587} INFO - Filling up the DagBag from /opt/airflow/dags/stock_market_ml_forecasting_dag.py
[2025-10-05T17:53:41.391+0000] {processor.py:925} INFO - DAG(s) 'TrainPredict' retrieved from /opt/airflow/dags/stock_market_ml_forecasting_dag.py
[2025-10-05T17:53:41.408+0000] {logging_mixin.py:190} INFO - [2025-10-05T17:53:41.407+0000] {dag.py:3229} INFO - Sync 1 DAGs
[2025-10-05T17:53:41.418+0000] {logging_mixin.py:190} INFO - [2025-10-05T17:53:41.417+0000] {dag.py:4156} INFO - Setting next_dagrun for TrainPredict to 2025-10-04 00:00:00+00:00, run_after=2025-10-05 00:00:00+00:00
[2025-10-05T17:53:41.424+0000] {processor.py:208} INFO - Processing /opt/airflow/dags/stock_market_ml_forecasting_dag.py took 0.050 seconds
[2025-10-05T17:54:11.915+0000] {processor.py:186} INFO - Started process (PID=448) to work on /opt/airflow/dags/stock_market_ml_forecasting_dag.py
[2025-10-05T17:54:11.915+0000] {processor.py:914} INFO - Processing file /opt/airflow/dags/stock_market_ml_forecasting_dag.py for tasks to queue
[2025-10-05T17:54:11.917+0000] {logging_mixin.py:190} INFO - [2025-10-05T17:54:11.916+0000] {dagbag.py:587} INFO - Filling up the DagBag from /opt/airflow/dags/stock_market_ml_forecasting_dag.py
[2025-10-05T17:54:11.923+0000] {processor.py:925} INFO - DAG(s) 'TrainPredict' retrieved from /opt/airflow/dags/stock_market_ml_forecasting_dag.py
[2025-10-05T17:54:11.936+0000] {logging_mixin.py:190} INFO - [2025-10-05T17:54:11.936+0000] {dag.py:3229} INFO - Sync 1 DAGs
[2025-10-05T17:54:11.947+0000] {logging_mixin.py:190} INFO - [2025-10-05T17:54:11.947+0000] {dag.py:4156} INFO - Setting next_dagrun for TrainPredict to 2025-10-04 00:00:00+00:00, run_after=2025-10-05 00:00:00+00:00
[2025-10-05T17:54:11.954+0000] {processor.py:208} INFO - Processing /opt/airflow/dags/stock_market_ml_forecasting_dag.py took 0.043 seconds
[2025-10-05T17:54:42.555+0000] {processor.py:186} INFO - Started process (PID=469) to work on /opt/airflow/dags/stock_market_ml_forecasting_dag.py
[2025-10-05T17:54:42.556+0000] {processor.py:914} INFO - Processing file /opt/airflow/dags/stock_market_ml_forecasting_dag.py for tasks to queue
[2025-10-05T17:54:42.557+0000] {logging_mixin.py:190} INFO - [2025-10-05T17:54:42.557+0000] {dagbag.py:587} INFO - Filling up the DagBag from /opt/airflow/dags/stock_market_ml_forecasting_dag.py
[2025-10-05T17:54:42.565+0000] {processor.py:925} INFO - DAG(s) 'TrainPredict' retrieved from /opt/airflow/dags/stock_market_ml_forecasting_dag.py
[2025-10-05T17:54:42.581+0000] {logging_mixin.py:190} INFO - [2025-10-05T17:54:42.581+0000] {dag.py:3229} INFO - Sync 1 DAGs
[2025-10-05T17:54:42.591+0000] {logging_mixin.py:190} INFO - [2025-10-05T17:54:42.591+0000] {dag.py:4156} INFO - Setting next_dagrun for TrainPredict to 2025-10-04 00:00:00+00:00, run_after=2025-10-05 00:00:00+00:00
[2025-10-05T17:54:42.598+0000] {processor.py:208} INFO - Processing /opt/airflow/dags/stock_market_ml_forecasting_dag.py took 0.048 seconds
[2025-10-05T17:55:12.941+0000] {processor.py:186} INFO - Started process (PID=518) to work on /opt/airflow/dags/stock_market_ml_forecasting_dag.py
[2025-10-05T17:55:12.941+0000] {processor.py:914} INFO - Processing file /opt/airflow/dags/stock_market_ml_forecasting_dag.py for tasks to queue
[2025-10-05T17:55:12.943+0000] {logging_mixin.py:190} INFO - [2025-10-05T17:55:12.943+0000] {dagbag.py:587} INFO - Filling up the DagBag from /opt/airflow/dags/stock_market_ml_forecasting_dag.py
[2025-10-05T17:55:12.949+0000] {processor.py:925} INFO - DAG(s) 'TrainPredict' retrieved from /opt/airflow/dags/stock_market_ml_forecasting_dag.py
[2025-10-05T17:55:12.961+0000] {logging_mixin.py:190} INFO - [2025-10-05T17:55:12.961+0000] {dag.py:3229} INFO - Sync 1 DAGs
[2025-10-05T17:55:12.970+0000] {logging_mixin.py:190} INFO - [2025-10-05T17:55:12.970+0000] {dag.py:4156} INFO - Setting next_dagrun for TrainPredict to 2025-10-04 00:00:00+00:00, run_after=2025-10-05 00:00:00+00:00
[2025-10-05T17:55:12.977+0000] {processor.py:208} INFO - Processing /opt/airflow/dags/stock_market_ml_forecasting_dag.py took 0.039 seconds
[2025-10-05T17:55:43.350+0000] {processor.py:186} INFO - Started process (PID=553) to work on /opt/airflow/dags/stock_market_ml_forecasting_dag.py
[2025-10-05T17:55:43.351+0000] {processor.py:914} INFO - Processing file /opt/airflow/dags/stock_market_ml_forecasting_dag.py for tasks to queue
[2025-10-05T17:55:43.353+0000] {logging_mixin.py:190} INFO - [2025-10-05T17:55:43.352+0000] {dagbag.py:587} INFO - Filling up the DagBag from /opt/airflow/dags/stock_market_ml_forecasting_dag.py
[2025-10-05T17:55:43.362+0000] {processor.py:925} INFO - DAG(s) 'TrainPredict' retrieved from /opt/airflow/dags/stock_market_ml_forecasting_dag.py
[2025-10-05T17:55:43.378+0000] {logging_mixin.py:190} INFO - [2025-10-05T17:55:43.378+0000] {dag.py:3229} INFO - Sync 1 DAGs
[2025-10-05T17:55:43.388+0000] {logging_mixin.py:190} INFO - [2025-10-05T17:55:43.388+0000] {dag.py:4156} INFO - Setting next_dagrun for TrainPredict to 2025-10-04 00:00:00+00:00, run_after=2025-10-05 00:00:00+00:00
[2025-10-05T17:55:43.396+0000] {processor.py:208} INFO - Processing /opt/airflow/dags/stock_market_ml_forecasting_dag.py took 0.051 seconds
[2025-10-05T17:56:14.059+0000] {processor.py:186} INFO - Started process (PID=584) to work on /opt/airflow/dags/stock_market_ml_forecasting_dag.py
[2025-10-05T17:56:14.059+0000] {processor.py:914} INFO - Processing file /opt/airflow/dags/stock_market_ml_forecasting_dag.py for tasks to queue
[2025-10-05T17:56:14.061+0000] {logging_mixin.py:190} INFO - [2025-10-05T17:56:14.061+0000] {dagbag.py:587} INFO - Filling up the DagBag from /opt/airflow/dags/stock_market_ml_forecasting_dag.py
[2025-10-05T17:56:14.070+0000] {processor.py:925} INFO - DAG(s) 'TrainPredict' retrieved from /opt/airflow/dags/stock_market_ml_forecasting_dag.py
[2025-10-05T17:56:14.085+0000] {logging_mixin.py:190} INFO - [2025-10-05T17:56:14.085+0000] {dag.py:3229} INFO - Sync 1 DAGs
[2025-10-05T17:56:14.095+0000] {logging_mixin.py:190} INFO - [2025-10-05T17:56:14.094+0000] {dag.py:4156} INFO - Setting next_dagrun for TrainPredict to 2025-10-04 00:00:00+00:00, run_after=2025-10-05 00:00:00+00:00
[2025-10-05T17:56:14.101+0000] {processor.py:208} INFO - Processing /opt/airflow/dags/stock_market_ml_forecasting_dag.py took 0.047 seconds
[2025-10-05T17:56:44.482+0000] {processor.py:186} INFO - Started process (PID=605) to work on /opt/airflow/dags/stock_market_ml_forecasting_dag.py
[2025-10-05T17:56:44.482+0000] {processor.py:914} INFO - Processing file /opt/airflow/dags/stock_market_ml_forecasting_dag.py for tasks to queue
[2025-10-05T17:56:44.484+0000] {logging_mixin.py:190} INFO - [2025-10-05T17:56:44.484+0000] {dagbag.py:587} INFO - Filling up the DagBag from /opt/airflow/dags/stock_market_ml_forecasting_dag.py
[2025-10-05T17:56:44.493+0000] {processor.py:925} INFO - DAG(s) 'TrainPredict' retrieved from /opt/airflow/dags/stock_market_ml_forecasting_dag.py
[2025-10-05T17:56:44.508+0000] {logging_mixin.py:190} INFO - [2025-10-05T17:56:44.508+0000] {dag.py:3229} INFO - Sync 1 DAGs
[2025-10-05T17:56:44.519+0000] {logging_mixin.py:190} INFO - [2025-10-05T17:56:44.518+0000] {dag.py:4156} INFO - Setting next_dagrun for TrainPredict to 2025-10-04 00:00:00+00:00, run_after=2025-10-05 00:00:00+00:00
[2025-10-05T17:56:44.525+0000] {processor.py:208} INFO - Processing /opt/airflow/dags/stock_market_ml_forecasting_dag.py took 0.049 seconds
[2025-10-05T17:57:14.879+0000] {processor.py:186} INFO - Started process (PID=626) to work on /opt/airflow/dags/stock_market_ml_forecasting_dag.py
[2025-10-05T17:57:14.880+0000] {processor.py:914} INFO - Processing file /opt/airflow/dags/stock_market_ml_forecasting_dag.py for tasks to queue
[2025-10-05T17:57:14.882+0000] {logging_mixin.py:190} INFO - [2025-10-05T17:57:14.881+0000] {dagbag.py:587} INFO - Filling up the DagBag from /opt/airflow/dags/stock_market_ml_forecasting_dag.py
[2025-10-05T17:57:14.890+0000] {processor.py:925} INFO - DAG(s) 'TrainPredict' retrieved from /opt/airflow/dags/stock_market_ml_forecasting_dag.py
[2025-10-05T17:57:14.906+0000] {logging_mixin.py:190} INFO - [2025-10-05T17:57:14.905+0000] {dag.py:3229} INFO - Sync 1 DAGs
[2025-10-05T17:57:14.916+0000] {logging_mixin.py:190} INFO - [2025-10-05T17:57:14.916+0000] {dag.py:4156} INFO - Setting next_dagrun for TrainPredict to 2025-10-04 00:00:00+00:00, run_after=2025-10-05 00:00:00+00:00
[2025-10-05T17:57:14.922+0000] {processor.py:208} INFO - Processing /opt/airflow/dags/stock_market_ml_forecasting_dag.py took 0.047 seconds
[2025-10-05T17:57:45.430+0000] {processor.py:186} INFO - Started process (PID=647) to work on /opt/airflow/dags/stock_market_ml_forecasting_dag.py
[2025-10-05T17:57:45.430+0000] {processor.py:914} INFO - Processing file /opt/airflow/dags/stock_market_ml_forecasting_dag.py for tasks to queue
[2025-10-05T17:57:45.432+0000] {logging_mixin.py:190} INFO - [2025-10-05T17:57:45.431+0000] {dagbag.py:587} INFO - Filling up the DagBag from /opt/airflow/dags/stock_market_ml_forecasting_dag.py
[2025-10-05T17:57:45.438+0000] {processor.py:925} INFO - DAG(s) 'TrainPredict' retrieved from /opt/airflow/dags/stock_market_ml_forecasting_dag.py
[2025-10-05T17:57:45.451+0000] {logging_mixin.py:190} INFO - [2025-10-05T17:57:45.450+0000] {dag.py:3229} INFO - Sync 1 DAGs
[2025-10-05T17:57:45.460+0000] {logging_mixin.py:190} INFO - [2025-10-05T17:57:45.460+0000] {dag.py:4156} INFO - Setting next_dagrun for TrainPredict to 2025-10-04 00:00:00+00:00, run_after=2025-10-05 00:00:00+00:00
[2025-10-05T17:57:45.466+0000] {processor.py:208} INFO - Processing /opt/airflow/dags/stock_market_ml_forecasting_dag.py took 0.040 seconds
[2025-10-05T17:58:15.833+0000] {processor.py:186} INFO - Started process (PID=668) to work on /opt/airflow/dags/stock_market_ml_forecasting_dag.py
[2025-10-05T17:58:15.834+0000] {processor.py:914} INFO - Processing file /opt/airflow/dags/stock_market_ml_forecasting_dag.py for tasks to queue
[2025-10-05T17:58:15.835+0000] {logging_mixin.py:190} INFO - [2025-10-05T17:58:15.835+0000] {dagbag.py:587} INFO - Filling up the DagBag from /opt/airflow/dags/stock_market_ml_forecasting_dag.py
[2025-10-05T17:58:15.844+0000] {processor.py:925} INFO - DAG(s) 'TrainPredict' retrieved from /opt/airflow/dags/stock_market_ml_forecasting_dag.py
[2025-10-05T17:58:15.865+0000] {logging_mixin.py:190} INFO - [2025-10-05T17:58:15.864+0000] {dag.py:3229} INFO - Sync 1 DAGs
[2025-10-05T17:58:15.874+0000] {logging_mixin.py:190} INFO - [2025-10-05T17:58:15.874+0000] {dag.py:4156} INFO - Setting next_dagrun for TrainPredict to 2025-10-04 00:00:00+00:00, run_after=2025-10-05 00:00:00+00:00
[2025-10-05T17:58:15.881+0000] {processor.py:208} INFO - Processing /opt/airflow/dags/stock_market_ml_forecasting_dag.py took 0.052 seconds
[2025-10-05T17:58:46.478+0000] {processor.py:186} INFO - Started process (PID=694) to work on /opt/airflow/dags/stock_market_ml_forecasting_dag.py
[2025-10-05T17:58:46.478+0000] {processor.py:914} INFO - Processing file /opt/airflow/dags/stock_market_ml_forecasting_dag.py for tasks to queue
[2025-10-05T17:58:46.479+0000] {logging_mixin.py:190} INFO - [2025-10-05T17:58:46.479+0000] {dagbag.py:587} INFO - Filling up the DagBag from /opt/airflow/dags/stock_market_ml_forecasting_dag.py
[2025-10-05T17:58:46.484+0000] {processor.py:925} INFO - DAG(s) 'TrainPredict' retrieved from /opt/airflow/dags/stock_market_ml_forecasting_dag.py
[2025-10-05T17:58:46.494+0000] {logging_mixin.py:190} INFO - [2025-10-05T17:58:46.494+0000] {dag.py:3229} INFO - Sync 1 DAGs
[2025-10-05T17:58:46.502+0000] {logging_mixin.py:190} INFO - [2025-10-05T17:58:46.501+0000] {dag.py:4156} INFO - Setting next_dagrun for TrainPredict to 2025-10-04 00:00:00+00:00, run_after=2025-10-05 00:00:00+00:00
[2025-10-05T17:58:46.507+0000] {processor.py:208} INFO - Processing /opt/airflow/dags/stock_market_ml_forecasting_dag.py took 0.032 seconds
[2025-10-05T17:59:17.110+0000] {processor.py:186} INFO - Started process (PID=720) to work on /opt/airflow/dags/stock_market_ml_forecasting_dag.py
[2025-10-05T17:59:17.110+0000] {processor.py:914} INFO - Processing file /opt/airflow/dags/stock_market_ml_forecasting_dag.py for tasks to queue
[2025-10-05T17:59:17.111+0000] {logging_mixin.py:190} INFO - [2025-10-05T17:59:17.111+0000] {dagbag.py:587} INFO - Filling up the DagBag from /opt/airflow/dags/stock_market_ml_forecasting_dag.py
[2025-10-05T17:59:17.120+0000] {processor.py:925} INFO - DAG(s) 'TrainPredict' retrieved from /opt/airflow/dags/stock_market_ml_forecasting_dag.py
[2025-10-05T17:59:17.135+0000] {logging_mixin.py:190} INFO - [2025-10-05T17:59:17.135+0000] {dag.py:3229} INFO - Sync 1 DAGs
[2025-10-05T17:59:17.145+0000] {logging_mixin.py:190} INFO - [2025-10-05T17:59:17.145+0000] {dag.py:4156} INFO - Setting next_dagrun for TrainPredict to 2025-10-04 00:00:00+00:00, run_after=2025-10-05 00:00:00+00:00
[2025-10-05T17:59:17.152+0000] {processor.py:208} INFO - Processing /opt/airflow/dags/stock_market_ml_forecasting_dag.py took 0.047 seconds
[2025-10-05T17:59:47.659+0000] {processor.py:186} INFO - Started process (PID=741) to work on /opt/airflow/dags/stock_market_ml_forecasting_dag.py
[2025-10-05T17:59:47.659+0000] {processor.py:914} INFO - Processing file /opt/airflow/dags/stock_market_ml_forecasting_dag.py for tasks to queue
[2025-10-05T17:59:47.660+0000] {logging_mixin.py:190} INFO - [2025-10-05T17:59:47.660+0000] {dagbag.py:587} INFO - Filling up the DagBag from /opt/airflow/dags/stock_market_ml_forecasting_dag.py
[2025-10-05T17:59:47.667+0000] {processor.py:925} INFO - DAG(s) 'TrainPredict' retrieved from /opt/airflow/dags/stock_market_ml_forecasting_dag.py
[2025-10-05T17:59:47.681+0000] {logging_mixin.py:190} INFO - [2025-10-05T17:59:47.681+0000] {dag.py:3229} INFO - Sync 1 DAGs
[2025-10-05T17:59:47.691+0000] {logging_mixin.py:190} INFO - [2025-10-05T17:59:47.691+0000] {dag.py:4156} INFO - Setting next_dagrun for TrainPredict to 2025-10-04 00:00:00+00:00, run_after=2025-10-05 00:00:00+00:00
[2025-10-05T17:59:47.699+0000] {processor.py:208} INFO - Processing /opt/airflow/dags/stock_market_ml_forecasting_dag.py took 0.044 seconds
[2025-10-05T18:00:18.203+0000] {processor.py:186} INFO - Started process (PID=777) to work on /opt/airflow/dags/stock_market_ml_forecasting_dag.py
[2025-10-05T18:00:18.204+0000] {processor.py:914} INFO - Processing file /opt/airflow/dags/stock_market_ml_forecasting_dag.py for tasks to queue
[2025-10-05T18:00:18.205+0000] {logging_mixin.py:190} INFO - [2025-10-05T18:00:18.204+0000] {dagbag.py:587} INFO - Filling up the DagBag from /opt/airflow/dags/stock_market_ml_forecasting_dag.py
[2025-10-05T18:00:18.213+0000] {processor.py:925} INFO - DAG(s) 'TrainPredict' retrieved from /opt/airflow/dags/stock_market_ml_forecasting_dag.py
[2025-10-05T18:00:18.228+0000] {logging_mixin.py:190} INFO - [2025-10-05T18:00:18.228+0000] {dag.py:3229} INFO - Sync 1 DAGs
[2025-10-05T18:00:18.238+0000] {logging_mixin.py:190} INFO - [2025-10-05T18:00:18.238+0000] {dag.py:4156} INFO - Setting next_dagrun for TrainPredict to 2025-10-04 00:00:00+00:00, run_after=2025-10-05 00:00:00+00:00
[2025-10-05T18:00:18.244+0000] {processor.py:208} INFO - Processing /opt/airflow/dags/stock_market_ml_forecasting_dag.py took 0.046 seconds
[2025-10-05T18:00:48.680+0000] {processor.py:186} INFO - Started process (PID=804) to work on /opt/airflow/dags/stock_market_ml_forecasting_dag.py
[2025-10-05T18:00:48.680+0000] {processor.py:914} INFO - Processing file /opt/airflow/dags/stock_market_ml_forecasting_dag.py for tasks to queue
[2025-10-05T18:00:48.681+0000] {logging_mixin.py:190} INFO - [2025-10-05T18:00:48.680+0000] {dagbag.py:587} INFO - Filling up the DagBag from /opt/airflow/dags/stock_market_ml_forecasting_dag.py
[2025-10-05T18:00:48.686+0000] {processor.py:925} INFO - DAG(s) 'TrainPredict' retrieved from /opt/airflow/dags/stock_market_ml_forecasting_dag.py
[2025-10-05T18:00:48.698+0000] {logging_mixin.py:190} INFO - [2025-10-05T18:00:48.698+0000] {dag.py:3229} INFO - Sync 1 DAGs
[2025-10-05T18:00:48.707+0000] {logging_mixin.py:190} INFO - [2025-10-05T18:00:48.707+0000] {dag.py:4156} INFO - Setting next_dagrun for TrainPredict to 2025-10-04 00:00:00+00:00, run_after=2025-10-05 00:00:00+00:00
[2025-10-05T18:00:48.713+0000] {processor.py:208} INFO - Processing /opt/airflow/dags/stock_market_ml_forecasting_dag.py took 0.036 seconds
[2025-10-05T18:01:19.184+0000] {processor.py:186} INFO - Started process (PID=825) to work on /opt/airflow/dags/stock_market_ml_forecasting_dag.py
[2025-10-05T18:01:19.184+0000] {processor.py:914} INFO - Processing file /opt/airflow/dags/stock_market_ml_forecasting_dag.py for tasks to queue
[2025-10-05T18:01:19.185+0000] {logging_mixin.py:190} INFO - [2025-10-05T18:01:19.185+0000] {dagbag.py:587} INFO - Filling up the DagBag from /opt/airflow/dags/stock_market_ml_forecasting_dag.py
[2025-10-05T18:01:19.194+0000] {processor.py:925} INFO - DAG(s) 'TrainPredict' retrieved from /opt/airflow/dags/stock_market_ml_forecasting_dag.py
[2025-10-05T18:01:19.210+0000] {logging_mixin.py:190} INFO - [2025-10-05T18:01:19.210+0000] {dag.py:3229} INFO - Sync 1 DAGs
[2025-10-05T18:01:19.221+0000] {logging_mixin.py:190} INFO - [2025-10-05T18:01:19.221+0000] {dag.py:4156} INFO - Setting next_dagrun for TrainPredict to 2025-10-04 00:00:00+00:00, run_after=2025-10-05 00:00:00+00:00
[2025-10-05T18:01:19.227+0000] {processor.py:208} INFO - Processing /opt/airflow/dags/stock_market_ml_forecasting_dag.py took 0.048 seconds
[2025-10-05T18:01:49.786+0000] {processor.py:186} INFO - Started process (PID=846) to work on /opt/airflow/dags/stock_market_ml_forecasting_dag.py
[2025-10-05T18:01:49.786+0000] {processor.py:914} INFO - Processing file /opt/airflow/dags/stock_market_ml_forecasting_dag.py for tasks to queue
[2025-10-05T18:01:49.787+0000] {logging_mixin.py:190} INFO - [2025-10-05T18:01:49.787+0000] {dagbag.py:587} INFO - Filling up the DagBag from /opt/airflow/dags/stock_market_ml_forecasting_dag.py
[2025-10-05T18:01:49.795+0000] {processor.py:925} INFO - DAG(s) 'TrainPredict' retrieved from /opt/airflow/dags/stock_market_ml_forecasting_dag.py
[2025-10-05T18:01:49.812+0000] {logging_mixin.py:190} INFO - [2025-10-05T18:01:49.812+0000] {dag.py:3229} INFO - Sync 1 DAGs
[2025-10-05T18:01:49.822+0000] {logging_mixin.py:190} INFO - [2025-10-05T18:01:49.822+0000] {dag.py:4156} INFO - Setting next_dagrun for TrainPredict to 2025-10-04 00:00:00+00:00, run_after=2025-10-05 00:00:00+00:00
[2025-10-05T18:01:49.829+0000] {processor.py:208} INFO - Processing /opt/airflow/dags/stock_market_ml_forecasting_dag.py took 0.048 seconds
[2025-10-05T18:02:20.400+0000] {processor.py:186} INFO - Started process (PID=867) to work on /opt/airflow/dags/stock_market_ml_forecasting_dag.py
[2025-10-05T18:02:20.401+0000] {processor.py:914} INFO - Processing file /opt/airflow/dags/stock_market_ml_forecasting_dag.py for tasks to queue
[2025-10-05T18:02:20.402+0000] {logging_mixin.py:190} INFO - [2025-10-05T18:02:20.402+0000] {dagbag.py:587} INFO - Filling up the DagBag from /opt/airflow/dags/stock_market_ml_forecasting_dag.py
[2025-10-05T18:02:20.411+0000] {processor.py:925} INFO - DAG(s) 'TrainPredict' retrieved from /opt/airflow/dags/stock_market_ml_forecasting_dag.py
[2025-10-05T18:02:20.426+0000] {logging_mixin.py:190} INFO - [2025-10-05T18:02:20.426+0000] {dag.py:3229} INFO - Sync 1 DAGs
[2025-10-05T18:02:20.436+0000] {logging_mixin.py:190} INFO - [2025-10-05T18:02:20.435+0000] {dag.py:4156} INFO - Setting next_dagrun for TrainPredict to 2025-10-04 00:00:00+00:00, run_after=2025-10-05 00:00:00+00:00
[2025-10-05T18:02:20.442+0000] {processor.py:208} INFO - Processing /opt/airflow/dags/stock_market_ml_forecasting_dag.py took 0.046 seconds
[2025-10-05T18:02:50.723+0000] {processor.py:186} INFO - Started process (PID=887) to work on /opt/airflow/dags/stock_market_ml_forecasting_dag.py
[2025-10-05T18:02:50.724+0000] {processor.py:914} INFO - Processing file /opt/airflow/dags/stock_market_ml_forecasting_dag.py for tasks to queue
[2025-10-05T18:02:50.725+0000] {logging_mixin.py:190} INFO - [2025-10-05T18:02:50.724+0000] {dagbag.py:587} INFO - Filling up the DagBag from /opt/airflow/dags/stock_market_ml_forecasting_dag.py
[2025-10-05T18:02:50.733+0000] {processor.py:925} INFO - DAG(s) 'TrainPredict' retrieved from /opt/airflow/dags/stock_market_ml_forecasting_dag.py
[2025-10-05T18:02:50.748+0000] {logging_mixin.py:190} INFO - [2025-10-05T18:02:50.748+0000] {dag.py:3229} INFO - Sync 1 DAGs
[2025-10-05T18:02:50.757+0000] {logging_mixin.py:190} INFO - [2025-10-05T18:02:50.757+0000] {dag.py:4156} INFO - Setting next_dagrun for TrainPredict to 2025-10-04 00:00:00+00:00, run_after=2025-10-05 00:00:00+00:00
[2025-10-05T18:02:50.764+0000] {processor.py:208} INFO - Processing /opt/airflow/dags/stock_market_ml_forecasting_dag.py took 0.046 seconds
[2025-10-05T18:03:21.233+0000] {processor.py:186} INFO - Started process (PID=908) to work on /opt/airflow/dags/stock_market_ml_forecasting_dag.py
[2025-10-05T18:03:21.234+0000] {processor.py:914} INFO - Processing file /opt/airflow/dags/stock_market_ml_forecasting_dag.py for tasks to queue
[2025-10-05T18:03:21.235+0000] {logging_mixin.py:190} INFO - [2025-10-05T18:03:21.235+0000] {dagbag.py:587} INFO - Filling up the DagBag from /opt/airflow/dags/stock_market_ml_forecasting_dag.py
[2025-10-05T18:03:21.244+0000] {processor.py:925} INFO - DAG(s) 'TrainPredict' retrieved from /opt/airflow/dags/stock_market_ml_forecasting_dag.py
[2025-10-05T18:03:21.259+0000] {logging_mixin.py:190} INFO - [2025-10-05T18:03:21.259+0000] {dag.py:3229} INFO - Sync 1 DAGs
[2025-10-05T18:03:21.269+0000] {logging_mixin.py:190} INFO - [2025-10-05T18:03:21.269+0000] {dag.py:4156} INFO - Setting next_dagrun for TrainPredict to 2025-10-04 00:00:00+00:00, run_after=2025-10-05 00:00:00+00:00
[2025-10-05T18:03:21.276+0000] {processor.py:208} INFO - Processing /opt/airflow/dags/stock_market_ml_forecasting_dag.py took 0.048 seconds
[2025-10-05T18:03:51.775+0000] {processor.py:186} INFO - Started process (PID=929) to work on /opt/airflow/dags/stock_market_ml_forecasting_dag.py
[2025-10-05T18:03:51.775+0000] {processor.py:914} INFO - Processing file /opt/airflow/dags/stock_market_ml_forecasting_dag.py for tasks to queue
[2025-10-05T18:03:51.776+0000] {logging_mixin.py:190} INFO - [2025-10-05T18:03:51.776+0000] {dagbag.py:587} INFO - Filling up the DagBag from /opt/airflow/dags/stock_market_ml_forecasting_dag.py
[2025-10-05T18:03:51.784+0000] {processor.py:925} INFO - DAG(s) 'TrainPredict' retrieved from /opt/airflow/dags/stock_market_ml_forecasting_dag.py
[2025-10-05T18:03:51.798+0000] {logging_mixin.py:190} INFO - [2025-10-05T18:03:51.797+0000] {dag.py:3229} INFO - Sync 1 DAGs
[2025-10-05T18:03:51.808+0000] {logging_mixin.py:190} INFO - [2025-10-05T18:03:51.808+0000] {dag.py:4156} INFO - Setting next_dagrun for TrainPredict to 2025-10-04 00:00:00+00:00, run_after=2025-10-05 00:00:00+00:00
[2025-10-05T18:03:51.815+0000] {processor.py:208} INFO - Processing /opt/airflow/dags/stock_market_ml_forecasting_dag.py took 0.045 seconds
