[2025-10-05T17:45:08.119+0000] {processor.py:186} INFO - Started process (PID=193) to work on /opt/airflow/dags/stock_market_dag_v2.py
[2025-10-05T17:45:08.120+0000] {processor.py:914} INFO - Processing file /opt/airflow/dags/stock_market_dag_v2.py for tasks to queue
[2025-10-05T17:45:08.121+0000] {logging_mixin.py:190} INFO - [2025-10-05T17:45:08.121+0000] {dagbag.py:587} INFO - Filling up the DagBag from /opt/airflow/dags/stock_market_dag_v2.py
[2025-10-05T17:45:08.368+0000] {processor.py:925} INFO - DAG(s) '180DayStockDataPlainPython' retrieved from /opt/airflow/dags/stock_market_dag_v2.py
[2025-10-05T17:45:08.379+0000] {logging_mixin.py:190} INFO - [2025-10-05T17:45:08.379+0000] {dag.py:3229} INFO - Sync 1 DAGs
[2025-10-05T17:45:08.388+0000] {logging_mixin.py:190} INFO - [2025-10-05T17:45:08.388+0000] {dag.py:4156} INFO - Setting next_dagrun for 180DayStockDataPlainPython to 2025-10-04 00:00:00+00:00, run_after=2025-10-05 00:00:00+00:00
[2025-10-05T17:45:08.394+0000] {processor.py:208} INFO - Processing /opt/airflow/dags/stock_market_dag_v2.py took 0.278 seconds
[2025-10-05T17:45:38.765+0000] {processor.py:186} INFO - Started process (PID=256) to work on /opt/airflow/dags/stock_market_dag_v2.py
[2025-10-05T17:45:38.766+0000] {processor.py:914} INFO - Processing file /opt/airflow/dags/stock_market_dag_v2.py for tasks to queue
[2025-10-05T17:45:38.767+0000] {logging_mixin.py:190} INFO - [2025-10-05T17:45:38.767+0000] {dagbag.py:587} INFO - Filling up the DagBag from /opt/airflow/dags/stock_market_dag_v2.py
[2025-10-05T17:45:38.909+0000] {processor.py:925} INFO - DAG(s) '180DayStockDataPlainPython' retrieved from /opt/airflow/dags/stock_market_dag_v2.py
[2025-10-05T17:45:38.919+0000] {logging_mixin.py:190} INFO - [2025-10-05T17:45:38.919+0000] {dag.py:3229} INFO - Sync 1 DAGs
[2025-10-05T17:45:38.928+0000] {logging_mixin.py:190} INFO - [2025-10-05T17:45:38.928+0000] {dag.py:4156} INFO - Setting next_dagrun for 180DayStockDataPlainPython to 2025-10-04 00:00:00+00:00, run_after=2025-10-05 00:00:00+00:00
[2025-10-05T17:45:38.934+0000] {processor.py:208} INFO - Processing /opt/airflow/dags/stock_market_dag_v2.py took 0.172 seconds
[2025-10-05T17:46:09.242+0000] {processor.py:186} INFO - Started process (PID=277) to work on /opt/airflow/dags/stock_market_dag_v2.py
[2025-10-05T17:46:09.243+0000] {processor.py:914} INFO - Processing file /opt/airflow/dags/stock_market_dag_v2.py for tasks to queue
[2025-10-05T17:46:09.244+0000] {logging_mixin.py:190} INFO - [2025-10-05T17:46:09.244+0000] {dagbag.py:587} INFO - Filling up the DagBag from /opt/airflow/dags/stock_market_dag_v2.py
[2025-10-05T17:46:09.386+0000] {processor.py:925} INFO - DAG(s) '180DayStockDataPlainPython' retrieved from /opt/airflow/dags/stock_market_dag_v2.py
[2025-10-05T17:46:09.475+0000] {logging_mixin.py:190} INFO - [2025-10-05T17:46:09.475+0000] {dag.py:3229} INFO - Sync 1 DAGs
[2025-10-05T17:46:09.482+0000] {logging_mixin.py:190} INFO - [2025-10-05T17:46:09.482+0000] {dag.py:4156} INFO - Setting next_dagrun for 180DayStockDataPlainPython to 2025-10-04 00:00:00+00:00, run_after=2025-10-05 00:00:00+00:00
[2025-10-05T17:46:09.488+0000] {processor.py:208} INFO - Processing /opt/airflow/dags/stock_market_dag_v2.py took 0.249 seconds
[2025-10-05T17:46:39.838+0000] {processor.py:186} INFO - Started process (PID=298) to work on /opt/airflow/dags/stock_market_dag_v2.py
[2025-10-05T17:46:39.838+0000] {processor.py:914} INFO - Processing file /opt/airflow/dags/stock_market_dag_v2.py for tasks to queue
[2025-10-05T17:46:39.839+0000] {logging_mixin.py:190} INFO - [2025-10-05T17:46:39.839+0000] {dagbag.py:587} INFO - Filling up the DagBag from /opt/airflow/dags/stock_market_dag_v2.py
[2025-10-05T17:46:39.995+0000] {processor.py:925} INFO - DAG(s) '180DayStockDataPlainPython' retrieved from /opt/airflow/dags/stock_market_dag_v2.py
[2025-10-05T17:46:40.005+0000] {logging_mixin.py:190} INFO - [2025-10-05T17:46:40.005+0000] {dag.py:3229} INFO - Sync 1 DAGs
[2025-10-05T17:46:40.013+0000] {logging_mixin.py:190} INFO - [2025-10-05T17:46:40.013+0000] {dag.py:4156} INFO - Setting next_dagrun for 180DayStockDataPlainPython to 2025-10-04 00:00:00+00:00, run_after=2025-10-05 00:00:00+00:00
[2025-10-05T17:46:40.019+0000] {processor.py:208} INFO - Processing /opt/airflow/dags/stock_market_dag_v2.py took 0.183 seconds
[2025-10-05T17:48:12.656+0000] {processor.py:186} INFO - Started process (PID=193) to work on /opt/airflow/dags/stock_market_dag_v2.py
[2025-10-05T17:48:12.657+0000] {processor.py:914} INFO - Processing file /opt/airflow/dags/stock_market_dag_v2.py for tasks to queue
[2025-10-05T17:48:12.658+0000] {logging_mixin.py:190} INFO - [2025-10-05T17:48:12.658+0000] {dagbag.py:587} INFO - Filling up the DagBag from /opt/airflow/dags/stock_market_dag_v2.py
[2025-10-05T17:48:12.874+0000] {processor.py:925} INFO - DAG(s) '180DayStockDataPlainPython' retrieved from /opt/airflow/dags/stock_market_dag_v2.py
[2025-10-05T17:48:12.885+0000] {logging_mixin.py:190} INFO - [2025-10-05T17:48:12.884+0000] {dag.py:3229} INFO - Sync 1 DAGs
[2025-10-05T17:48:12.893+0000] {logging_mixin.py:190} INFO - [2025-10-05T17:48:12.893+0000] {dag.py:4156} INFO - Setting next_dagrun for 180DayStockDataPlainPython to 2025-10-04 00:00:00+00:00, run_after=2025-10-05 00:00:00+00:00
[2025-10-05T17:48:12.903+0000] {processor.py:208} INFO - Processing /opt/airflow/dags/stock_market_dag_v2.py took 0.249 seconds
[2025-10-05T17:48:40.555+0000] {processor.py:186} INFO - Started process (PID=193) to work on /opt/airflow/dags/stock_market_dag_v2.py
[2025-10-05T17:48:40.556+0000] {processor.py:914} INFO - Processing file /opt/airflow/dags/stock_market_dag_v2.py for tasks to queue
[2025-10-05T17:48:40.557+0000] {logging_mixin.py:190} INFO - [2025-10-05T17:48:40.557+0000] {dagbag.py:587} INFO - Filling up the DagBag from /opt/airflow/dags/stock_market_dag_v2.py
[2025-10-05T17:48:40.706+0000] {processor.py:925} INFO - DAG(s) '180DayStockDataPlainPython' retrieved from /opt/airflow/dags/stock_market_dag_v2.py
[2025-10-05T17:48:40.716+0000] {logging_mixin.py:190} INFO - [2025-10-05T17:48:40.716+0000] {dag.py:3229} INFO - Sync 1 DAGs
[2025-10-05T17:48:40.725+0000] {logging_mixin.py:190} INFO - [2025-10-05T17:48:40.724+0000] {dag.py:4156} INFO - Setting next_dagrun for 180DayStockDataPlainPython to 2025-10-04 00:00:00+00:00, run_after=2025-10-05 00:00:00+00:00
[2025-10-05T17:48:40.732+0000] {processor.py:208} INFO - Processing /opt/airflow/dags/stock_market_dag_v2.py took 0.179 seconds
[2025-10-05T17:49:11.097+0000] {processor.py:186} INFO - Started process (PID=256) to work on /opt/airflow/dags/stock_market_dag_v2.py
[2025-10-05T17:49:11.097+0000] {processor.py:914} INFO - Processing file /opt/airflow/dags/stock_market_dag_v2.py for tasks to queue
[2025-10-05T17:49:11.098+0000] {logging_mixin.py:190} INFO - [2025-10-05T17:49:11.098+0000] {dagbag.py:587} INFO - Filling up the DagBag from /opt/airflow/dags/stock_market_dag_v2.py
[2025-10-05T17:49:11.230+0000] {processor.py:925} INFO - DAG(s) '180DayStockDataPlainPython' retrieved from /opt/airflow/dags/stock_market_dag_v2.py
[2025-10-05T17:49:11.239+0000] {logging_mixin.py:190} INFO - [2025-10-05T17:49:11.239+0000] {dag.py:3229} INFO - Sync 1 DAGs
[2025-10-05T17:49:11.248+0000] {logging_mixin.py:190} INFO - [2025-10-05T17:49:11.247+0000] {dag.py:4156} INFO - Setting next_dagrun for 180DayStockDataPlainPython to 2025-10-04 00:00:00+00:00, run_after=2025-10-05 00:00:00+00:00
[2025-10-05T17:49:11.255+0000] {processor.py:208} INFO - Processing /opt/airflow/dags/stock_market_dag_v2.py took 0.161 seconds
[2025-10-05T17:49:41.589+0000] {processor.py:186} INFO - Started process (PID=276) to work on /opt/airflow/dags/stock_market_dag_v2.py
[2025-10-05T17:49:41.590+0000] {processor.py:914} INFO - Processing file /opt/airflow/dags/stock_market_dag_v2.py for tasks to queue
[2025-10-05T17:49:41.591+0000] {logging_mixin.py:190} INFO - [2025-10-05T17:49:41.591+0000] {dagbag.py:587} INFO - Filling up the DagBag from /opt/airflow/dags/stock_market_dag_v2.py
[2025-10-05T17:49:41.751+0000] {processor.py:925} INFO - DAG(s) '180DayStockDataPlainPython' retrieved from /opt/airflow/dags/stock_market_dag_v2.py
[2025-10-05T17:49:41.867+0000] {logging_mixin.py:190} INFO - [2025-10-05T17:49:41.867+0000] {dag.py:3229} INFO - Sync 1 DAGs
[2025-10-05T17:49:41.881+0000] {logging_mixin.py:190} INFO - [2025-10-05T17:49:41.881+0000] {dag.py:4156} INFO - Setting next_dagrun for 180DayStockDataPlainPython to 2025-10-04 00:00:00+00:00, run_after=2025-10-05 00:00:00+00:00
[2025-10-05T17:49:41.890+0000] {processor.py:208} INFO - Processing /opt/airflow/dags/stock_market_dag_v2.py took 0.304 seconds
[2025-10-05T17:50:12.218+0000] {processor.py:186} INFO - Started process (PID=297) to work on /opt/airflow/dags/stock_market_dag_v2.py
[2025-10-05T17:50:12.219+0000] {processor.py:914} INFO - Processing file /opt/airflow/dags/stock_market_dag_v2.py for tasks to queue
[2025-10-05T17:50:12.221+0000] {logging_mixin.py:190} INFO - [2025-10-05T17:50:12.221+0000] {dagbag.py:587} INFO - Filling up the DagBag from /opt/airflow/dags/stock_market_dag_v2.py
[2025-10-05T17:50:12.364+0000] {processor.py:925} INFO - DAG(s) '180DayStockDataPlainPython' retrieved from /opt/airflow/dags/stock_market_dag_v2.py
[2025-10-05T17:50:12.374+0000] {logging_mixin.py:190} INFO - [2025-10-05T17:50:12.374+0000] {dag.py:3229} INFO - Sync 1 DAGs
[2025-10-05T17:50:12.383+0000] {logging_mixin.py:190} INFO - [2025-10-05T17:50:12.383+0000] {dag.py:4156} INFO - Setting next_dagrun for 180DayStockDataPlainPython to 2025-10-04 00:00:00+00:00, run_after=2025-10-05 00:00:00+00:00
[2025-10-05T17:50:12.389+0000] {processor.py:208} INFO - Processing /opt/airflow/dags/stock_market_dag_v2.py took 0.175 seconds
[2025-10-05T17:51:09.240+0000] {processor.py:186} INFO - Started process (PID=263) to work on /opt/airflow/dags/stock_market_dag_v2.py
[2025-10-05T17:51:09.241+0000] {processor.py:914} INFO - Processing file /opt/airflow/dags/stock_market_dag_v2.py for tasks to queue
[2025-10-05T17:51:09.243+0000] {logging_mixin.py:190} INFO - [2025-10-05T17:51:09.243+0000] {dagbag.py:587} INFO - Filling up the DagBag from /opt/airflow/dags/stock_market_dag_v2.py
[2025-10-05T17:51:09.623+0000] {processor.py:925} INFO - DAG(s) '180DayStockDataPlainPython' retrieved from /opt/airflow/dags/stock_market_dag_v2.py
[2025-10-05T17:51:09.674+0000] {logging_mixin.py:190} INFO - [2025-10-05T17:51:09.673+0000] {override.py:1900} INFO - Created Permission View: can edit on DAG:180DayStockDataPlainPython
[2025-10-05T17:51:09.678+0000] {logging_mixin.py:190} INFO - [2025-10-05T17:51:09.678+0000] {override.py:1900} INFO - Created Permission View: can read on DAG:180DayStockDataPlainPython
[2025-10-05T17:51:09.680+0000] {logging_mixin.py:190} INFO - [2025-10-05T17:51:09.680+0000] {override.py:1900} INFO - Created Permission View: can delete on DAG:180DayStockDataPlainPython
[2025-10-05T17:51:09.682+0000] {logging_mixin.py:190} INFO - [2025-10-05T17:51:09.682+0000] {override.py:1900} INFO - Created Permission View: menu access on DAG Run:180DayStockDataPlainPython
[2025-10-05T17:51:09.684+0000] {logging_mixin.py:190} INFO - [2025-10-05T17:51:09.684+0000] {override.py:1900} INFO - Created Permission View: can create on DAG Run:180DayStockDataPlainPython
[2025-10-05T17:51:09.686+0000] {logging_mixin.py:190} INFO - [2025-10-05T17:51:09.686+0000] {override.py:1900} INFO - Created Permission View: can read on DAG Run:180DayStockDataPlainPython
[2025-10-05T17:51:09.688+0000] {logging_mixin.py:190} INFO - [2025-10-05T17:51:09.688+0000] {override.py:1900} INFO - Created Permission View: can delete on DAG Run:180DayStockDataPlainPython
[2025-10-05T17:51:09.688+0000] {logging_mixin.py:190} INFO - [2025-10-05T17:51:09.688+0000] {dag.py:3229} INFO - Sync 1 DAGs
[2025-10-05T17:51:09.697+0000] {logging_mixin.py:190} INFO - [2025-10-05T17:51:09.696+0000] {dag.py:3252} INFO - Creating ORM DAG for 180DayStockDataPlainPython
[2025-10-05T17:51:09.809+0000] {logging_mixin.py:190} INFO - [2025-10-05T17:51:09.809+0000] {dag.py:4156} INFO - Setting next_dagrun for 180DayStockDataPlainPython to 2025-10-04 00:00:00+00:00, run_after=2025-10-05 00:00:00+00:00
[2025-10-05T17:51:09.817+0000] {processor.py:208} INFO - Processing /opt/airflow/dags/stock_market_dag_v2.py took 0.580 seconds
[2025-10-05T17:51:40.663+0000] {processor.py:186} INFO - Started process (PID=304) to work on /opt/airflow/dags/stock_market_dag_v2.py
[2025-10-05T17:51:40.663+0000] {processor.py:914} INFO - Processing file /opt/airflow/dags/stock_market_dag_v2.py for tasks to queue
[2025-10-05T17:51:40.665+0000] {logging_mixin.py:190} INFO - [2025-10-05T17:51:40.665+0000] {dagbag.py:587} INFO - Filling up the DagBag from /opt/airflow/dags/stock_market_dag_v2.py
[2025-10-05T17:51:40.823+0000] {processor.py:925} INFO - DAG(s) '180DayStockDataPlainPython' retrieved from /opt/airflow/dags/stock_market_dag_v2.py
[2025-10-05T17:51:40.842+0000] {logging_mixin.py:190} INFO - [2025-10-05T17:51:40.841+0000] {dag.py:3229} INFO - Sync 1 DAGs
[2025-10-05T17:51:40.853+0000] {logging_mixin.py:190} INFO - [2025-10-05T17:51:40.853+0000] {dag.py:4156} INFO - Setting next_dagrun for 180DayStockDataPlainPython to 2025-10-04 00:00:00+00:00, run_after=2025-10-05 00:00:00+00:00
[2025-10-05T17:51:40.864+0000] {processor.py:208} INFO - Processing /opt/airflow/dags/stock_market_dag_v2.py took 0.207 seconds
[2025-10-05T17:52:11.207+0000] {processor.py:186} INFO - Started process (PID=368) to work on /opt/airflow/dags/stock_market_dag_v2.py
[2025-10-05T17:52:11.208+0000] {processor.py:914} INFO - Processing file /opt/airflow/dags/stock_market_dag_v2.py for tasks to queue
[2025-10-05T17:52:11.209+0000] {logging_mixin.py:190} INFO - [2025-10-05T17:52:11.209+0000] {dagbag.py:587} INFO - Filling up the DagBag from /opt/airflow/dags/stock_market_dag_v2.py
[2025-10-05T17:52:11.345+0000] {processor.py:925} INFO - DAG(s) '180DayStockDataPlainPython' retrieved from /opt/airflow/dags/stock_market_dag_v2.py
[2025-10-05T17:52:11.442+0000] {logging_mixin.py:190} INFO - [2025-10-05T17:52:11.441+0000] {dag.py:3229} INFO - Sync 1 DAGs
[2025-10-05T17:52:11.449+0000] {logging_mixin.py:190} INFO - [2025-10-05T17:52:11.449+0000] {dag.py:4156} INFO - Setting next_dagrun for 180DayStockDataPlainPython to 2025-10-04 00:00:00+00:00, run_after=2025-10-05 00:00:00+00:00
[2025-10-05T17:52:11.456+0000] {processor.py:208} INFO - Processing /opt/airflow/dags/stock_market_dag_v2.py took 0.252 seconds
[2025-10-05T17:52:41.615+0000] {processor.py:186} INFO - Started process (PID=389) to work on /opt/airflow/dags/stock_market_dag_v2.py
[2025-10-05T17:52:41.616+0000] {processor.py:914} INFO - Processing file /opt/airflow/dags/stock_market_dag_v2.py for tasks to queue
[2025-10-05T17:52:41.617+0000] {logging_mixin.py:190} INFO - [2025-10-05T17:52:41.617+0000] {dagbag.py:587} INFO - Filling up the DagBag from /opt/airflow/dags/stock_market_dag_v2.py
[2025-10-05T17:52:41.840+0000] {processor.py:925} INFO - DAG(s) '180DayStockDataPlainPython' retrieved from /opt/airflow/dags/stock_market_dag_v2.py
[2025-10-05T17:52:41.850+0000] {logging_mixin.py:190} INFO - [2025-10-05T17:52:41.849+0000] {dag.py:3229} INFO - Sync 1 DAGs
[2025-10-05T17:52:41.856+0000] {logging_mixin.py:190} INFO - [2025-10-05T17:52:41.856+0000] {dag.py:4156} INFO - Setting next_dagrun for 180DayStockDataPlainPython to 2025-10-04 00:00:00+00:00, run_after=2025-10-05 00:00:00+00:00
[2025-10-05T17:52:41.865+0000] {processor.py:208} INFO - Processing /opt/airflow/dags/stock_market_dag_v2.py took 0.255 seconds
[2025-10-05T17:53:11.987+0000] {processor.py:186} INFO - Started process (PID=410) to work on /opt/airflow/dags/stock_market_dag_v2.py
[2025-10-05T17:53:11.988+0000] {processor.py:914} INFO - Processing file /opt/airflow/dags/stock_market_dag_v2.py for tasks to queue
[2025-10-05T17:53:11.989+0000] {logging_mixin.py:190} INFO - [2025-10-05T17:53:11.989+0000] {dagbag.py:587} INFO - Filling up the DagBag from /opt/airflow/dags/stock_market_dag_v2.py
[2025-10-05T17:53:12.127+0000] {processor.py:925} INFO - DAG(s) '180DayStockDataPlainPython' retrieved from /opt/airflow/dags/stock_market_dag_v2.py
[2025-10-05T17:53:12.139+0000] {logging_mixin.py:190} INFO - [2025-10-05T17:53:12.139+0000] {dag.py:3229} INFO - Sync 1 DAGs
[2025-10-05T17:53:12.148+0000] {logging_mixin.py:190} INFO - [2025-10-05T17:53:12.148+0000] {dag.py:4156} INFO - Setting next_dagrun for 180DayStockDataPlainPython to 2025-10-04 00:00:00+00:00, run_after=2025-10-05 00:00:00+00:00
[2025-10-05T17:53:12.241+0000] {processor.py:208} INFO - Processing /opt/airflow/dags/stock_market_dag_v2.py took 0.257 seconds
[2025-10-05T17:53:42.397+0000] {processor.py:186} INFO - Started process (PID=432) to work on /opt/airflow/dags/stock_market_dag_v2.py
[2025-10-05T17:53:42.400+0000] {processor.py:914} INFO - Processing file /opt/airflow/dags/stock_market_dag_v2.py for tasks to queue
[2025-10-05T17:53:42.402+0000] {logging_mixin.py:190} INFO - [2025-10-05T17:53:42.402+0000] {dagbag.py:587} INFO - Filling up the DagBag from /opt/airflow/dags/stock_market_dag_v2.py
[2025-10-05T17:53:42.545+0000] {processor.py:925} INFO - DAG(s) '180DayStockDataPlainPython' retrieved from /opt/airflow/dags/stock_market_dag_v2.py
[2025-10-05T17:53:42.556+0000] {logging_mixin.py:190} INFO - [2025-10-05T17:53:42.556+0000] {dag.py:3229} INFO - Sync 1 DAGs
[2025-10-05T17:53:42.564+0000] {logging_mixin.py:190} INFO - [2025-10-05T17:53:42.564+0000] {dag.py:4156} INFO - Setting next_dagrun for 180DayStockDataPlainPython to 2025-10-04 00:00:00+00:00, run_after=2025-10-05 00:00:00+00:00
[2025-10-05T17:53:42.572+0000] {processor.py:208} INFO - Processing /opt/airflow/dags/stock_market_dag_v2.py took 0.179 seconds
[2025-10-05T17:54:12.944+0000] {processor.py:186} INFO - Started process (PID=453) to work on /opt/airflow/dags/stock_market_dag_v2.py
[2025-10-05T17:54:12.947+0000] {processor.py:914} INFO - Processing file /opt/airflow/dags/stock_market_dag_v2.py for tasks to queue
[2025-10-05T17:54:12.949+0000] {logging_mixin.py:190} INFO - [2025-10-05T17:54:12.949+0000] {dagbag.py:587} INFO - Filling up the DagBag from /opt/airflow/dags/stock_market_dag_v2.py
[2025-10-05T17:54:13.089+0000] {processor.py:925} INFO - DAG(s) '180DayStockDataPlainPython' retrieved from /opt/airflow/dags/stock_market_dag_v2.py
[2025-10-05T17:54:13.102+0000] {logging_mixin.py:190} INFO - [2025-10-05T17:54:13.102+0000] {dag.py:3229} INFO - Sync 1 DAGs
[2025-10-05T17:54:13.189+0000] {logging_mixin.py:190} INFO - [2025-10-05T17:54:13.189+0000] {dag.py:4156} INFO - Setting next_dagrun for 180DayStockDataPlainPython to 2025-10-04 00:00:00+00:00, run_after=2025-10-05 00:00:00+00:00
[2025-10-05T17:54:13.198+0000] {processor.py:208} INFO - Processing /opt/airflow/dags/stock_market_dag_v2.py took 0.258 seconds
[2025-10-05T17:54:43.582+0000] {processor.py:186} INFO - Started process (PID=474) to work on /opt/airflow/dags/stock_market_dag_v2.py
[2025-10-05T17:54:43.582+0000] {processor.py:914} INFO - Processing file /opt/airflow/dags/stock_market_dag_v2.py for tasks to queue
[2025-10-05T17:54:43.584+0000] {logging_mixin.py:190} INFO - [2025-10-05T17:54:43.584+0000] {dagbag.py:587} INFO - Filling up the DagBag from /opt/airflow/dags/stock_market_dag_v2.py
[2025-10-05T17:54:43.725+0000] {processor.py:925} INFO - DAG(s) '180DayStockDataPlainPython' retrieved from /opt/airflow/dags/stock_market_dag_v2.py
[2025-10-05T17:54:43.815+0000] {logging_mixin.py:190} INFO - [2025-10-05T17:54:43.815+0000] {dag.py:3229} INFO - Sync 1 DAGs
[2025-10-05T17:54:43.823+0000] {logging_mixin.py:190} INFO - [2025-10-05T17:54:43.823+0000] {dag.py:4156} INFO - Setting next_dagrun for 180DayStockDataPlainPython to 2025-10-04 00:00:00+00:00, run_after=2025-10-05 00:00:00+00:00
[2025-10-05T17:54:43.829+0000] {processor.py:208} INFO - Processing /opt/airflow/dags/stock_market_dag_v2.py took 0.252 seconds
[2025-10-05T17:55:13.949+0000] {processor.py:186} INFO - Started process (PID=537) to work on /opt/airflow/dags/stock_market_dag_v2.py
[2025-10-05T17:55:13.949+0000] {processor.py:914} INFO - Processing file /opt/airflow/dags/stock_market_dag_v2.py for tasks to queue
[2025-10-05T17:55:13.951+0000] {logging_mixin.py:190} INFO - [2025-10-05T17:55:13.950+0000] {dagbag.py:587} INFO - Filling up the DagBag from /opt/airflow/dags/stock_market_dag_v2.py
[2025-10-05T17:55:14.095+0000] {processor.py:925} INFO - DAG(s) '180DayStockDataPlainPython' retrieved from /opt/airflow/dags/stock_market_dag_v2.py
[2025-10-05T17:55:14.105+0000] {logging_mixin.py:190} INFO - [2025-10-05T17:55:14.105+0000] {dag.py:3229} INFO - Sync 1 DAGs
[2025-10-05T17:55:14.113+0000] {logging_mixin.py:190} INFO - [2025-10-05T17:55:14.113+0000] {dag.py:4156} INFO - Setting next_dagrun for 180DayStockDataPlainPython to 2025-10-04 00:00:00+00:00, run_after=2025-10-05 00:00:00+00:00
[2025-10-05T17:55:14.122+0000] {processor.py:208} INFO - Processing /opt/airflow/dags/stock_market_dag_v2.py took 0.176 seconds
[2025-10-05T17:55:44.429+0000] {processor.py:186} INFO - Started process (PID=558) to work on /opt/airflow/dags/stock_market_dag_v2.py
[2025-10-05T17:55:44.430+0000] {processor.py:914} INFO - Processing file /opt/airflow/dags/stock_market_dag_v2.py for tasks to queue
[2025-10-05T17:55:44.432+0000] {logging_mixin.py:190} INFO - [2025-10-05T17:55:44.431+0000] {dagbag.py:587} INFO - Filling up the DagBag from /opt/airflow/dags/stock_market_dag_v2.py
[2025-10-05T17:55:44.574+0000] {processor.py:925} INFO - DAG(s) '180DayStockDataPlainPython' retrieved from /opt/airflow/dags/stock_market_dag_v2.py
[2025-10-05T17:55:44.586+0000] {logging_mixin.py:190} INFO - [2025-10-05T17:55:44.586+0000] {dag.py:3229} INFO - Sync 1 DAGs
[2025-10-05T17:55:44.597+0000] {logging_mixin.py:190} INFO - [2025-10-05T17:55:44.597+0000] {dag.py:4156} INFO - Setting next_dagrun for 180DayStockDataPlainPython to 2025-10-04 00:00:00+00:00, run_after=2025-10-05 00:00:00+00:00
[2025-10-05T17:55:44.691+0000] {processor.py:208} INFO - Processing /opt/airflow/dags/stock_market_dag_v2.py took 0.267 seconds
[2025-10-05T17:56:15.088+0000] {processor.py:186} INFO - Started process (PID=589) to work on /opt/airflow/dags/stock_market_dag_v2.py
[2025-10-05T17:56:15.089+0000] {processor.py:914} INFO - Processing file /opt/airflow/dags/stock_market_dag_v2.py for tasks to queue
[2025-10-05T17:56:15.090+0000] {logging_mixin.py:190} INFO - [2025-10-05T17:56:15.090+0000] {dagbag.py:587} INFO - Filling up the DagBag from /opt/airflow/dags/stock_market_dag_v2.py
[2025-10-05T17:56:15.231+0000] {processor.py:925} INFO - DAG(s) '180DayStockDataPlainPython' retrieved from /opt/airflow/dags/stock_market_dag_v2.py
[2025-10-05T17:56:15.241+0000] {logging_mixin.py:190} INFO - [2025-10-05T17:56:15.241+0000] {dag.py:3229} INFO - Sync 1 DAGs
[2025-10-05T17:56:15.249+0000] {logging_mixin.py:190} INFO - [2025-10-05T17:56:15.249+0000] {dag.py:4156} INFO - Setting next_dagrun for 180DayStockDataPlainPython to 2025-10-05 00:00:00+00:00, run_after=2025-10-06 00:00:00+00:00
[2025-10-05T17:56:15.257+0000] {processor.py:208} INFO - Processing /opt/airflow/dags/stock_market_dag_v2.py took 0.173 seconds
[2025-10-05T17:56:45.509+0000] {processor.py:186} INFO - Started process (PID=610) to work on /opt/airflow/dags/stock_market_dag_v2.py
[2025-10-05T17:56:45.512+0000] {processor.py:914} INFO - Processing file /opt/airflow/dags/stock_market_dag_v2.py for tasks to queue
[2025-10-05T17:56:45.513+0000] {logging_mixin.py:190} INFO - [2025-10-05T17:56:45.513+0000] {dagbag.py:587} INFO - Filling up the DagBag from /opt/airflow/dags/stock_market_dag_v2.py
[2025-10-05T17:56:45.658+0000] {processor.py:925} INFO - DAG(s) '180DayStockDataPlainPython' retrieved from /opt/airflow/dags/stock_market_dag_v2.py
[2025-10-05T17:56:45.755+0000] {logging_mixin.py:190} INFO - [2025-10-05T17:56:45.755+0000] {dag.py:3229} INFO - Sync 1 DAGs
[2025-10-05T17:56:45.763+0000] {logging_mixin.py:190} INFO - [2025-10-05T17:56:45.763+0000] {dag.py:4156} INFO - Setting next_dagrun for 180DayStockDataPlainPython to 2025-10-05 00:00:00+00:00, run_after=2025-10-06 00:00:00+00:00
[2025-10-05T17:56:45.771+0000] {processor.py:208} INFO - Processing /opt/airflow/dags/stock_market_dag_v2.py took 0.266 seconds
[2025-10-05T17:57:15.885+0000] {processor.py:186} INFO - Started process (PID=631) to work on /opt/airflow/dags/stock_market_dag_v2.py
[2025-10-05T17:57:15.885+0000] {processor.py:914} INFO - Processing file /opt/airflow/dags/stock_market_dag_v2.py for tasks to queue
[2025-10-05T17:57:15.887+0000] {logging_mixin.py:190} INFO - [2025-10-05T17:57:15.886+0000] {dagbag.py:587} INFO - Filling up the DagBag from /opt/airflow/dags/stock_market_dag_v2.py
[2025-10-05T17:57:16.106+0000] {processor.py:925} INFO - DAG(s) '180DayStockDataPlainPython' retrieved from /opt/airflow/dags/stock_market_dag_v2.py
[2025-10-05T17:57:16.115+0000] {logging_mixin.py:190} INFO - [2025-10-05T17:57:16.115+0000] {dag.py:3229} INFO - Sync 1 DAGs
[2025-10-05T17:57:16.122+0000] {logging_mixin.py:190} INFO - [2025-10-05T17:57:16.122+0000] {dag.py:4156} INFO - Setting next_dagrun for 180DayStockDataPlainPython to 2025-10-05 00:00:00+00:00, run_after=2025-10-06 00:00:00+00:00
[2025-10-05T17:57:16.131+0000] {processor.py:208} INFO - Processing /opt/airflow/dags/stock_market_dag_v2.py took 0.249 seconds
[2025-10-05T17:57:46.440+0000] {processor.py:186} INFO - Started process (PID=652) to work on /opt/airflow/dags/stock_market_dag_v2.py
[2025-10-05T17:57:46.440+0000] {processor.py:914} INFO - Processing file /opt/airflow/dags/stock_market_dag_v2.py for tasks to queue
[2025-10-05T17:57:46.442+0000] {logging_mixin.py:190} INFO - [2025-10-05T17:57:46.441+0000] {dagbag.py:587} INFO - Filling up the DagBag from /opt/airflow/dags/stock_market_dag_v2.py
[2025-10-05T17:57:46.572+0000] {processor.py:925} INFO - DAG(s) '180DayStockDataPlainPython' retrieved from /opt/airflow/dags/stock_market_dag_v2.py
[2025-10-05T17:57:46.582+0000] {logging_mixin.py:190} INFO - [2025-10-05T17:57:46.582+0000] {dag.py:3229} INFO - Sync 1 DAGs
[2025-10-05T17:57:46.591+0000] {logging_mixin.py:190} INFO - [2025-10-05T17:57:46.591+0000] {dag.py:4156} INFO - Setting next_dagrun for 180DayStockDataPlainPython to 2025-10-05 00:00:00+00:00, run_after=2025-10-06 00:00:00+00:00
[2025-10-05T17:57:46.601+0000] {processor.py:208} INFO - Processing /opt/airflow/dags/stock_market_dag_v2.py took 0.163 seconds
[2025-10-05T17:58:16.858+0000] {processor.py:186} INFO - Started process (PID=673) to work on /opt/airflow/dags/stock_market_dag_v2.py
[2025-10-05T17:58:16.858+0000] {processor.py:914} INFO - Processing file /opt/airflow/dags/stock_market_dag_v2.py for tasks to queue
[2025-10-05T17:58:16.860+0000] {logging_mixin.py:190} INFO - [2025-10-05T17:58:16.860+0000] {dagbag.py:587} INFO - Filling up the DagBag from /opt/airflow/dags/stock_market_dag_v2.py
[2025-10-05T17:58:17.003+0000] {processor.py:925} INFO - DAG(s) '180DayStockDataPlainPython' retrieved from /opt/airflow/dags/stock_market_dag_v2.py
[2025-10-05T17:58:17.013+0000] {logging_mixin.py:190} INFO - [2025-10-05T17:58:17.013+0000] {dag.py:3229} INFO - Sync 1 DAGs
[2025-10-05T17:58:17.021+0000] {logging_mixin.py:190} INFO - [2025-10-05T17:58:17.021+0000] {dag.py:4156} INFO - Setting next_dagrun for 180DayStockDataPlainPython to 2025-10-05 00:00:00+00:00, run_after=2025-10-06 00:00:00+00:00
[2025-10-05T17:58:17.111+0000] {processor.py:208} INFO - Processing /opt/airflow/dags/stock_market_dag_v2.py took 0.259 seconds
[2025-10-05T17:58:40.422+0000] {processor.py:186} INFO - Started process (PID=689) to work on /opt/airflow/dags/stock_market_dag_v2.py
[2025-10-05T17:58:40.422+0000] {processor.py:914} INFO - Processing file /opt/airflow/dags/stock_market_dag_v2.py for tasks to queue
[2025-10-05T17:58:40.425+0000] {logging_mixin.py:190} INFO - [2025-10-05T17:58:40.425+0000] {dagbag.py:587} INFO - Filling up the DagBag from /opt/airflow/dags/stock_market_dag_v2.py
[2025-10-05T17:58:40.580+0000] {processor.py:925} INFO - DAG(s) 'Stock_ETL_Snowflake' retrieved from /opt/airflow/dags/stock_market_dag_v2.py
[2025-10-05T17:58:40.617+0000] {logging_mixin.py:190} INFO - [2025-10-05T17:58:40.616+0000] {override.py:1900} INFO - Created Permission View: can edit on DAG:Stock_ETL_Snowflake
[2025-10-05T17:58:40.620+0000] {logging_mixin.py:190} INFO - [2025-10-05T17:58:40.620+0000] {override.py:1900} INFO - Created Permission View: can read on DAG:Stock_ETL_Snowflake
[2025-10-05T17:58:40.621+0000] {logging_mixin.py:190} INFO - [2025-10-05T17:58:40.621+0000] {override.py:1900} INFO - Created Permission View: can delete on DAG:Stock_ETL_Snowflake
[2025-10-05T17:58:40.623+0000] {logging_mixin.py:190} INFO - [2025-10-05T17:58:40.623+0000] {override.py:1900} INFO - Created Permission View: menu access on DAG Run:Stock_ETL_Snowflake
[2025-10-05T17:58:40.624+0000] {logging_mixin.py:190} INFO - [2025-10-05T17:58:40.624+0000] {override.py:1900} INFO - Created Permission View: can create on DAG Run:Stock_ETL_Snowflake
[2025-10-05T17:58:40.625+0000] {logging_mixin.py:190} INFO - [2025-10-05T17:58:40.625+0000] {override.py:1900} INFO - Created Permission View: can read on DAG Run:Stock_ETL_Snowflake
[2025-10-05T17:58:40.627+0000] {logging_mixin.py:190} INFO - [2025-10-05T17:58:40.627+0000] {override.py:1900} INFO - Created Permission View: can delete on DAG Run:Stock_ETL_Snowflake
[2025-10-05T17:58:40.627+0000] {logging_mixin.py:190} INFO - [2025-10-05T17:58:40.627+0000] {dag.py:3229} INFO - Sync 1 DAGs
[2025-10-05T17:58:40.713+0000] {logging_mixin.py:190} INFO - [2025-10-05T17:58:40.712+0000] {dag.py:3252} INFO - Creating ORM DAG for Stock_ETL_Snowflake
[2025-10-05T17:58:40.716+0000] {logging_mixin.py:190} INFO - [2025-10-05T17:58:40.716+0000] {dag.py:4156} INFO - Setting next_dagrun for Stock_ETL_Snowflake to 2025-10-04 00:00:00+00:00, run_after=2025-10-05 00:00:00+00:00
[2025-10-05T17:58:40.722+0000] {processor.py:208} INFO - Processing /opt/airflow/dags/stock_market_dag_v2.py took 0.306 seconds
[2025-10-05T17:59:10.787+0000] {processor.py:186} INFO - Started process (PID=710) to work on /opt/airflow/dags/stock_market_dag_v2.py
[2025-10-05T17:59:10.788+0000] {processor.py:914} INFO - Processing file /opt/airflow/dags/stock_market_dag_v2.py for tasks to queue
[2025-10-05T17:59:10.790+0000] {logging_mixin.py:190} INFO - [2025-10-05T17:59:10.790+0000] {dagbag.py:587} INFO - Filling up the DagBag from /opt/airflow/dags/stock_market_dag_v2.py
[2025-10-05T17:59:10.929+0000] {processor.py:925} INFO - DAG(s) 'Stock_ETL_Snowflake' retrieved from /opt/airflow/dags/stock_market_dag_v2.py
[2025-10-05T17:59:11.009+0000] {logging_mixin.py:190} INFO - [2025-10-05T17:59:11.009+0000] {dag.py:3229} INFO - Sync 1 DAGs
[2025-10-05T17:59:11.016+0000] {logging_mixin.py:190} INFO - [2025-10-05T17:59:11.016+0000] {dag.py:4156} INFO - Setting next_dagrun for Stock_ETL_Snowflake to 2025-10-04 00:00:00+00:00, run_after=2025-10-05 00:00:00+00:00
[2025-10-05T17:59:11.021+0000] {processor.py:208} INFO - Processing /opt/airflow/dags/stock_market_dag_v2.py took 0.239 seconds
[2025-10-05T17:59:14.065+0000] {processor.py:186} INFO - Started process (PID=715) to work on /opt/airflow/dags/stock_market_dag_v2.py
[2025-10-05T17:59:14.066+0000] {processor.py:914} INFO - Processing file /opt/airflow/dags/stock_market_dag_v2.py for tasks to queue
[2025-10-05T17:59:14.067+0000] {logging_mixin.py:190} INFO - [2025-10-05T17:59:14.067+0000] {dagbag.py:587} INFO - Filling up the DagBag from /opt/airflow/dags/stock_market_dag_v2.py
[2025-10-05T17:59:14.209+0000] {processor.py:925} INFO - DAG(s) 'Stock_ETL_Snowflake' retrieved from /opt/airflow/dags/stock_market_dag_v2.py
[2025-10-05T17:59:14.304+0000] {logging_mixin.py:190} INFO - [2025-10-05T17:59:14.304+0000] {dag.py:3229} INFO - Sync 1 DAGs
[2025-10-05T17:59:14.311+0000] {logging_mixin.py:190} INFO - [2025-10-05T17:59:14.311+0000] {dag.py:4156} INFO - Setting next_dagrun for Stock_ETL_Snowflake to 2025-10-04 00:00:00+00:00, run_after=2025-10-05 00:00:00+00:00
[2025-10-05T17:59:14.317+0000] {processor.py:208} INFO - Processing /opt/airflow/dags/stock_market_dag_v2.py took 0.254 seconds
[2025-10-05T17:59:44.471+0000] {processor.py:186} INFO - Started process (PID=736) to work on /opt/airflow/dags/stock_market_dag_v2.py
[2025-10-05T17:59:44.472+0000] {processor.py:914} INFO - Processing file /opt/airflow/dags/stock_market_dag_v2.py for tasks to queue
[2025-10-05T17:59:44.473+0000] {logging_mixin.py:190} INFO - [2025-10-05T17:59:44.472+0000] {dagbag.py:587} INFO - Filling up the DagBag from /opt/airflow/dags/stock_market_dag_v2.py
[2025-10-05T17:59:44.684+0000] {processor.py:925} INFO - DAG(s) 'Stock_ETL_Snowflake' retrieved from /opt/airflow/dags/stock_market_dag_v2.py
[2025-10-05T17:59:44.692+0000] {logging_mixin.py:190} INFO - [2025-10-05T17:59:44.692+0000] {dag.py:3229} INFO - Sync 1 DAGs
[2025-10-05T17:59:44.698+0000] {logging_mixin.py:190} INFO - [2025-10-05T17:59:44.698+0000] {dag.py:4156} INFO - Setting next_dagrun for Stock_ETL_Snowflake to 2025-10-04 00:00:00+00:00, run_after=2025-10-05 00:00:00+00:00
[2025-10-05T17:59:44.703+0000] {processor.py:208} INFO - Processing /opt/airflow/dags/stock_market_dag_v2.py took 0.238 seconds
[2025-10-05T18:00:15.013+0000] {processor.py:186} INFO - Started process (PID=772) to work on /opt/airflow/dags/stock_market_dag_v2.py
[2025-10-05T18:00:15.014+0000] {processor.py:914} INFO - Processing file /opt/airflow/dags/stock_market_dag_v2.py for tasks to queue
[2025-10-05T18:00:15.015+0000] {logging_mixin.py:190} INFO - [2025-10-05T18:00:15.015+0000] {dagbag.py:587} INFO - Filling up the DagBag from /opt/airflow/dags/stock_market_dag_v2.py
[2025-10-05T18:00:15.153+0000] {processor.py:925} INFO - DAG(s) 'Stock_ETL_Snowflake' retrieved from /opt/airflow/dags/stock_market_dag_v2.py
[2025-10-05T18:00:15.162+0000] {logging_mixin.py:190} INFO - [2025-10-05T18:00:15.162+0000] {dag.py:3229} INFO - Sync 1 DAGs
[2025-10-05T18:00:15.241+0000] {logging_mixin.py:190} INFO - [2025-10-05T18:00:15.241+0000] {dag.py:4156} INFO - Setting next_dagrun for Stock_ETL_Snowflake to 2025-10-05 00:00:00+00:00, run_after=2025-10-06 00:00:00+00:00
[2025-10-05T18:00:15.247+0000] {processor.py:208} INFO - Processing /opt/airflow/dags/stock_market_dag_v2.py took 0.239 seconds
[2025-10-05T18:00:45.541+0000] {processor.py:186} INFO - Started process (PID=793) to work on /opt/airflow/dags/stock_market_dag_v2.py
[2025-10-05T18:00:45.542+0000] {processor.py:914} INFO - Processing file /opt/airflow/dags/stock_market_dag_v2.py for tasks to queue
[2025-10-05T18:00:45.543+0000] {logging_mixin.py:190} INFO - [2025-10-05T18:00:45.543+0000] {dagbag.py:587} INFO - Filling up the DagBag from /opt/airflow/dags/stock_market_dag_v2.py
[2025-10-05T18:00:45.681+0000] {processor.py:925} INFO - DAG(s) 'Stock_ETL_Snowflake' retrieved from /opt/airflow/dags/stock_market_dag_v2.py
[2025-10-05T18:00:45.689+0000] {logging_mixin.py:190} INFO - [2025-10-05T18:00:45.689+0000] {dag.py:3229} INFO - Sync 1 DAGs
[2025-10-05T18:00:45.696+0000] {logging_mixin.py:190} INFO - [2025-10-05T18:00:45.696+0000] {dag.py:4156} INFO - Setting next_dagrun for Stock_ETL_Snowflake to 2025-10-05 00:00:00+00:00, run_after=2025-10-06 00:00:00+00:00
[2025-10-05T18:00:45.702+0000] {processor.py:208} INFO - Processing /opt/airflow/dags/stock_market_dag_v2.py took 0.167 seconds
[2025-10-05T18:01:15.969+0000] {processor.py:186} INFO - Started process (PID=814) to work on /opt/airflow/dags/stock_market_dag_v2.py
[2025-10-05T18:01:15.970+0000] {processor.py:914} INFO - Processing file /opt/airflow/dags/stock_market_dag_v2.py for tasks to queue
[2025-10-05T18:01:15.970+0000] {logging_mixin.py:190} INFO - [2025-10-05T18:01:15.970+0000] {dagbag.py:587} INFO - Filling up the DagBag from /opt/airflow/dags/stock_market_dag_v2.py
[2025-10-05T18:01:16.093+0000] {processor.py:925} INFO - DAG(s) 'Stock_ETL_Snowflake' retrieved from /opt/airflow/dags/stock_market_dag_v2.py
[2025-10-05T18:01:16.180+0000] {logging_mixin.py:190} INFO - [2025-10-05T18:01:16.180+0000] {dag.py:3229} INFO - Sync 1 DAGs
[2025-10-05T18:01:16.187+0000] {logging_mixin.py:190} INFO - [2025-10-05T18:01:16.187+0000] {dag.py:4156} INFO - Setting next_dagrun for Stock_ETL_Snowflake to 2025-10-05 00:00:00+00:00, run_after=2025-10-06 00:00:00+00:00
[2025-10-05T18:01:16.193+0000] {processor.py:208} INFO - Processing /opt/airflow/dags/stock_market_dag_v2.py took 0.226 seconds
[2025-10-05T18:01:46.552+0000] {processor.py:186} INFO - Started process (PID=835) to work on /opt/airflow/dags/stock_market_dag_v2.py
[2025-10-05T18:01:46.553+0000] {processor.py:914} INFO - Processing file /opt/airflow/dags/stock_market_dag_v2.py for tasks to queue
[2025-10-05T18:01:46.553+0000] {logging_mixin.py:190} INFO - [2025-10-05T18:01:46.553+0000] {dagbag.py:587} INFO - Filling up the DagBag from /opt/airflow/dags/stock_market_dag_v2.py
[2025-10-05T18:01:46.767+0000] {processor.py:925} INFO - DAG(s) 'Stock_ETL_Snowflake' retrieved from /opt/airflow/dags/stock_market_dag_v2.py
[2025-10-05T18:01:46.775+0000] {logging_mixin.py:190} INFO - [2025-10-05T18:01:46.775+0000] {dag.py:3229} INFO - Sync 1 DAGs
[2025-10-05T18:01:46.781+0000] {logging_mixin.py:190} INFO - [2025-10-05T18:01:46.781+0000] {dag.py:4156} INFO - Setting next_dagrun for Stock_ETL_Snowflake to 2025-10-05 00:00:00+00:00, run_after=2025-10-06 00:00:00+00:00
[2025-10-05T18:01:46.786+0000] {processor.py:208} INFO - Processing /opt/airflow/dags/stock_market_dag_v2.py took 0.237 seconds
[2025-10-05T18:02:17.119+0000] {processor.py:186} INFO - Started process (PID=856) to work on /opt/airflow/dags/stock_market_dag_v2.py
[2025-10-05T18:02:17.119+0000] {processor.py:914} INFO - Processing file /opt/airflow/dags/stock_market_dag_v2.py for tasks to queue
[2025-10-05T18:02:17.120+0000] {logging_mixin.py:190} INFO - [2025-10-05T18:02:17.120+0000] {dagbag.py:587} INFO - Filling up the DagBag from /opt/airflow/dags/stock_market_dag_v2.py
[2025-10-05T18:02:17.259+0000] {processor.py:925} INFO - DAG(s) 'Stock_ETL_Snowflake' retrieved from /opt/airflow/dags/stock_market_dag_v2.py
[2025-10-05T18:02:17.268+0000] {logging_mixin.py:190} INFO - [2025-10-05T18:02:17.268+0000] {dag.py:3229} INFO - Sync 1 DAGs
[2025-10-05T18:02:17.354+0000] {logging_mixin.py:190} INFO - [2025-10-05T18:02:17.354+0000] {dag.py:4156} INFO - Setting next_dagrun for Stock_ETL_Snowflake to 2025-10-05 00:00:00+00:00, run_after=2025-10-06 00:00:00+00:00
[2025-10-05T18:02:17.360+0000] {processor.py:208} INFO - Processing /opt/airflow/dags/stock_market_dag_v2.py took 0.246 seconds
[2025-10-05T18:02:47.703+0000] {processor.py:186} INFO - Started process (PID=877) to work on /opt/airflow/dags/stock_market_dag_v2.py
[2025-10-05T18:02:47.704+0000] {processor.py:914} INFO - Processing file /opt/airflow/dags/stock_market_dag_v2.py for tasks to queue
[2025-10-05T18:02:47.705+0000] {logging_mixin.py:190} INFO - [2025-10-05T18:02:47.705+0000] {dagbag.py:587} INFO - Filling up the DagBag from /opt/airflow/dags/stock_market_dag_v2.py
[2025-10-05T18:02:47.842+0000] {processor.py:925} INFO - DAG(s) 'Stock_ETL_Snowflake' retrieved from /opt/airflow/dags/stock_market_dag_v2.py
[2025-10-05T18:02:47.851+0000] {logging_mixin.py:190} INFO - [2025-10-05T18:02:47.851+0000] {dag.py:3229} INFO - Sync 1 DAGs
[2025-10-05T18:02:47.858+0000] {logging_mixin.py:190} INFO - [2025-10-05T18:02:47.858+0000] {dag.py:4156} INFO - Setting next_dagrun for Stock_ETL_Snowflake to 2025-10-05 00:00:00+00:00, run_after=2025-10-06 00:00:00+00:00
[2025-10-05T18:02:47.864+0000] {processor.py:208} INFO - Processing /opt/airflow/dags/stock_market_dag_v2.py took 0.166 seconds
[2025-10-05T18:03:18.046+0000] {processor.py:186} INFO - Started process (PID=897) to work on /opt/airflow/dags/stock_market_dag_v2.py
[2025-10-05T18:03:18.047+0000] {processor.py:914} INFO - Processing file /opt/airflow/dags/stock_market_dag_v2.py for tasks to queue
[2025-10-05T18:03:18.047+0000] {logging_mixin.py:190} INFO - [2025-10-05T18:03:18.047+0000] {dagbag.py:587} INFO - Filling up the DagBag from /opt/airflow/dags/stock_market_dag_v2.py
[2025-10-05T18:03:18.184+0000] {processor.py:925} INFO - DAG(s) 'Stock_ETL_Snowflake' retrieved from /opt/airflow/dags/stock_market_dag_v2.py
[2025-10-05T18:03:18.263+0000] {logging_mixin.py:190} INFO - [2025-10-05T18:03:18.263+0000] {dag.py:3229} INFO - Sync 1 DAGs
[2025-10-05T18:03:18.270+0000] {logging_mixin.py:190} INFO - [2025-10-05T18:03:18.270+0000] {dag.py:4156} INFO - Setting next_dagrun for Stock_ETL_Snowflake to 2025-10-05 00:00:00+00:00, run_after=2025-10-06 00:00:00+00:00
[2025-10-05T18:03:18.275+0000] {processor.py:208} INFO - Processing /opt/airflow/dags/stock_market_dag_v2.py took 0.232 seconds
[2025-10-05T18:03:48.578+0000] {processor.py:186} INFO - Started process (PID=918) to work on /opt/airflow/dags/stock_market_dag_v2.py
[2025-10-05T18:03:48.579+0000] {processor.py:914} INFO - Processing file /opt/airflow/dags/stock_market_dag_v2.py for tasks to queue
[2025-10-05T18:03:48.580+0000] {logging_mixin.py:190} INFO - [2025-10-05T18:03:48.579+0000] {dagbag.py:587} INFO - Filling up the DagBag from /opt/airflow/dags/stock_market_dag_v2.py
[2025-10-05T18:03:48.796+0000] {processor.py:925} INFO - DAG(s) 'Stock_ETL_Snowflake' retrieved from /opt/airflow/dags/stock_market_dag_v2.py
[2025-10-05T18:03:48.804+0000] {logging_mixin.py:190} INFO - [2025-10-05T18:03:48.803+0000] {dag.py:3229} INFO - Sync 1 DAGs
[2025-10-05T18:03:48.810+0000] {logging_mixin.py:190} INFO - [2025-10-05T18:03:48.810+0000] {dag.py:4156} INFO - Setting next_dagrun for Stock_ETL_Snowflake to 2025-10-05 00:00:00+00:00, run_after=2025-10-06 00:00:00+00:00
[2025-10-05T18:03:48.815+0000] {processor.py:208} INFO - Processing /opt/airflow/dags/stock_market_dag_v2.py took 0.241 seconds
