[2025-10-05T17:45:08.261+0000] {processor.py:186} INFO - Started process (PID=198) to work on /opt/airflow/dags/stock_market_dag.py
[2025-10-05T17:45:08.261+0000] {processor.py:914} INFO - Processing file /opt/airflow/dags/stock_market_dag.py for tasks to queue
[2025-10-05T17:45:08.262+0000] {logging_mixin.py:190} INFO - [2025-10-05T17:45:08.262+0000] {dagbag.py:587} INFO - Filling up the DagBag from /opt/airflow/dags/stock_market_dag.py
[2025-10-05T17:45:08.403+0000] {processor.py:925} INFO - DAG(s) '180DayStockData' retrieved from /opt/airflow/dags/stock_market_dag.py
[2025-10-05T17:45:08.412+0000] {logging_mixin.py:190} INFO - [2025-10-05T17:45:08.412+0000] {dag.py:3229} INFO - Sync 1 DAGs
[2025-10-05T17:45:08.420+0000] {logging_mixin.py:190} INFO - [2025-10-05T17:45:08.420+0000] {dag.py:4156} INFO - Setting next_dagrun for 180DayStockData to 2025-10-04 00:00:00+00:00, run_after=2025-10-05 00:00:00+00:00
[2025-10-05T17:45:08.504+0000] {processor.py:208} INFO - Processing /opt/airflow/dags/stock_market_dag.py took 0.246 seconds
[2025-10-05T17:45:38.815+0000] {processor.py:186} INFO - Started process (PID=261) to work on /opt/airflow/dags/stock_market_dag.py
[2025-10-05T17:45:38.815+0000] {processor.py:914} INFO - Processing file /opt/airflow/dags/stock_market_dag.py for tasks to queue
[2025-10-05T17:45:38.816+0000] {logging_mixin.py:190} INFO - [2025-10-05T17:45:38.816+0000] {dagbag.py:587} INFO - Filling up the DagBag from /opt/airflow/dags/stock_market_dag.py
[2025-10-05T17:45:38.946+0000] {processor.py:925} INFO - DAG(s) '180DayStockData' retrieved from /opt/airflow/dags/stock_market_dag.py
[2025-10-05T17:45:38.956+0000] {logging_mixin.py:190} INFO - [2025-10-05T17:45:38.956+0000] {dag.py:3229} INFO - Sync 1 DAGs
[2025-10-05T17:45:38.964+0000] {logging_mixin.py:190} INFO - [2025-10-05T17:45:38.964+0000] {dag.py:4156} INFO - Setting next_dagrun for 180DayStockData to 2025-10-04 00:00:00+00:00, run_after=2025-10-05 00:00:00+00:00
[2025-10-05T17:45:38.969+0000] {processor.py:208} INFO - Processing /opt/airflow/dags/stock_market_dag.py took 0.156 seconds
[2025-10-05T17:46:09.301+0000] {processor.py:186} INFO - Started process (PID=282) to work on /opt/airflow/dags/stock_market_dag.py
[2025-10-05T17:46:09.302+0000] {processor.py:914} INFO - Processing file /opt/airflow/dags/stock_market_dag.py for tasks to queue
[2025-10-05T17:46:09.303+0000] {logging_mixin.py:190} INFO - [2025-10-05T17:46:09.303+0000] {dagbag.py:587} INFO - Filling up the DagBag from /opt/airflow/dags/stock_market_dag.py
[2025-10-05T17:46:09.434+0000] {processor.py:925} INFO - DAG(s) '180DayStockData' retrieved from /opt/airflow/dags/stock_market_dag.py
[2025-10-05T17:46:09.520+0000] {logging_mixin.py:190} INFO - [2025-10-05T17:46:09.520+0000] {dag.py:3229} INFO - Sync 1 DAGs
[2025-10-05T17:46:09.526+0000] {logging_mixin.py:190} INFO - [2025-10-05T17:46:09.526+0000] {dag.py:4156} INFO - Setting next_dagrun for 180DayStockData to 2025-10-04 00:00:00+00:00, run_after=2025-10-05 00:00:00+00:00
[2025-10-05T17:46:09.531+0000] {processor.py:208} INFO - Processing /opt/airflow/dags/stock_market_dag.py took 0.232 seconds
[2025-10-05T17:46:39.893+0000] {processor.py:186} INFO - Started process (PID=303) to work on /opt/airflow/dags/stock_market_dag.py
[2025-10-05T17:46:39.893+0000] {processor.py:914} INFO - Processing file /opt/airflow/dags/stock_market_dag.py for tasks to queue
[2025-10-05T17:46:39.895+0000] {logging_mixin.py:190} INFO - [2025-10-05T17:46:39.894+0000] {dagbag.py:587} INFO - Filling up the DagBag from /opt/airflow/dags/stock_market_dag.py
[2025-10-05T17:46:40.036+0000] {processor.py:925} INFO - DAG(s) '180DayStockData' retrieved from /opt/airflow/dags/stock_market_dag.py
[2025-10-05T17:46:40.045+0000] {logging_mixin.py:190} INFO - [2025-10-05T17:46:40.045+0000] {dag.py:3229} INFO - Sync 1 DAGs
[2025-10-05T17:46:40.052+0000] {logging_mixin.py:190} INFO - [2025-10-05T17:46:40.052+0000] {dag.py:4156} INFO - Setting next_dagrun for 180DayStockData to 2025-10-04 00:00:00+00:00, run_after=2025-10-05 00:00:00+00:00
[2025-10-05T17:46:40.058+0000] {processor.py:208} INFO - Processing /opt/airflow/dags/stock_market_dag.py took 0.167 seconds
[2025-10-05T17:48:12.713+0000] {processor.py:186} INFO - Started process (PID=198) to work on /opt/airflow/dags/stock_market_dag.py
[2025-10-05T17:48:12.713+0000] {processor.py:914} INFO - Processing file /opt/airflow/dags/stock_market_dag.py for tasks to queue
[2025-10-05T17:48:12.714+0000] {logging_mixin.py:190} INFO - [2025-10-05T17:48:12.714+0000] {dagbag.py:587} INFO - Filling up the DagBag from /opt/airflow/dags/stock_market_dag.py
[2025-10-05T17:48:12.874+0000] {processor.py:925} INFO - DAG(s) '180DayStockData' retrieved from /opt/airflow/dags/stock_market_dag.py
[2025-10-05T17:48:12.886+0000] {logging_mixin.py:190} INFO - [2025-10-05T17:48:12.886+0000] {dag.py:3229} INFO - Sync 1 DAGs
[2025-10-05T17:48:12.896+0000] {logging_mixin.py:190} INFO - [2025-10-05T17:48:12.896+0000] {dag.py:4156} INFO - Setting next_dagrun for 180DayStockData to 2025-10-04 00:00:00+00:00, run_after=2025-10-05 00:00:00+00:00
[2025-10-05T17:48:12.982+0000] {processor.py:208} INFO - Processing /opt/airflow/dags/stock_market_dag.py took 0.271 seconds
[2025-10-05T17:48:40.612+0000] {processor.py:186} INFO - Started process (PID=198) to work on /opt/airflow/dags/stock_market_dag.py
[2025-10-05T17:48:40.612+0000] {processor.py:914} INFO - Processing file /opt/airflow/dags/stock_market_dag.py for tasks to queue
[2025-10-05T17:48:40.613+0000] {logging_mixin.py:190} INFO - [2025-10-05T17:48:40.613+0000] {dagbag.py:587} INFO - Filling up the DagBag from /opt/airflow/dags/stock_market_dag.py
[2025-10-05T17:48:40.751+0000] {processor.py:925} INFO - DAG(s) '180DayStockData' retrieved from /opt/airflow/dags/stock_market_dag.py
[2025-10-05T17:48:40.760+0000] {logging_mixin.py:190} INFO - [2025-10-05T17:48:40.760+0000] {dag.py:3229} INFO - Sync 1 DAGs
[2025-10-05T17:48:40.769+0000] {logging_mixin.py:190} INFO - [2025-10-05T17:48:40.769+0000] {dag.py:4156} INFO - Setting next_dagrun for 180DayStockData to 2025-10-04 00:00:00+00:00, run_after=2025-10-05 00:00:00+00:00
[2025-10-05T17:48:40.861+0000] {processor.py:208} INFO - Processing /opt/airflow/dags/stock_market_dag.py took 0.251 seconds
[2025-10-05T17:49:11.144+0000] {processor.py:186} INFO - Started process (PID=261) to work on /opt/airflow/dags/stock_market_dag.py
[2025-10-05T17:49:11.144+0000] {processor.py:914} INFO - Processing file /opt/airflow/dags/stock_market_dag.py for tasks to queue
[2025-10-05T17:49:11.145+0000] {logging_mixin.py:190} INFO - [2025-10-05T17:49:11.145+0000] {dagbag.py:587} INFO - Filling up the DagBag from /opt/airflow/dags/stock_market_dag.py
[2025-10-05T17:49:11.270+0000] {processor.py:925} INFO - DAG(s) '180DayStockData' retrieved from /opt/airflow/dags/stock_market_dag.py
[2025-10-05T17:49:11.279+0000] {logging_mixin.py:190} INFO - [2025-10-05T17:49:11.279+0000] {dag.py:3229} INFO - Sync 1 DAGs
[2025-10-05T17:49:11.287+0000] {logging_mixin.py:190} INFO - [2025-10-05T17:49:11.287+0000] {dag.py:4156} INFO - Setting next_dagrun for 180DayStockData to 2025-10-04 00:00:00+00:00, run_after=2025-10-05 00:00:00+00:00
[2025-10-05T17:49:11.293+0000] {processor.py:208} INFO - Processing /opt/airflow/dags/stock_market_dag.py took 0.151 seconds
[2025-10-05T17:49:41.647+0000] {processor.py:186} INFO - Started process (PID=281) to work on /opt/airflow/dags/stock_market_dag.py
[2025-10-05T17:49:41.647+0000] {processor.py:914} INFO - Processing file /opt/airflow/dags/stock_market_dag.py for tasks to queue
[2025-10-05T17:49:41.648+0000] {logging_mixin.py:190} INFO - [2025-10-05T17:49:41.648+0000] {dagbag.py:587} INFO - Filling up the DagBag from /opt/airflow/dags/stock_market_dag.py
[2025-10-05T17:49:41.811+0000] {processor.py:925} INFO - DAG(s) '180DayStockData' retrieved from /opt/airflow/dags/stock_market_dag.py
[2025-10-05T17:49:41.920+0000] {logging_mixin.py:190} INFO - [2025-10-05T17:49:41.920+0000] {dag.py:3229} INFO - Sync 1 DAGs
[2025-10-05T17:49:41.928+0000] {logging_mixin.py:190} INFO - [2025-10-05T17:49:41.928+0000] {dag.py:4156} INFO - Setting next_dagrun for 180DayStockData to 2025-10-04 00:00:00+00:00, run_after=2025-10-05 00:00:00+00:00
[2025-10-05T17:49:41.935+0000] {processor.py:208} INFO - Processing /opt/airflow/dags/stock_market_dag.py took 0.291 seconds
[2025-10-05T17:50:12.277+0000] {processor.py:186} INFO - Started process (PID=302) to work on /opt/airflow/dags/stock_market_dag.py
[2025-10-05T17:50:12.277+0000] {processor.py:914} INFO - Processing file /opt/airflow/dags/stock_market_dag.py for tasks to queue
[2025-10-05T17:50:12.278+0000] {logging_mixin.py:190} INFO - [2025-10-05T17:50:12.278+0000] {dagbag.py:587} INFO - Filling up the DagBag from /opt/airflow/dags/stock_market_dag.py
[2025-10-05T17:50:12.404+0000] {processor.py:925} INFO - DAG(s) '180DayStockData' retrieved from /opt/airflow/dags/stock_market_dag.py
[2025-10-05T17:50:12.412+0000] {logging_mixin.py:190} INFO - [2025-10-05T17:50:12.412+0000] {dag.py:3229} INFO - Sync 1 DAGs
[2025-10-05T17:50:12.420+0000] {logging_mixin.py:190} INFO - [2025-10-05T17:50:12.419+0000] {dag.py:4156} INFO - Setting next_dagrun for 180DayStockData to 2025-10-04 00:00:00+00:00, run_after=2025-10-05 00:00:00+00:00
[2025-10-05T17:50:12.425+0000] {processor.py:208} INFO - Processing /opt/airflow/dags/stock_market_dag.py took 0.150 seconds
[2025-10-05T17:51:09.374+0000] {processor.py:186} INFO - Started process (PID=268) to work on /opt/airflow/dags/stock_market_dag.py
[2025-10-05T17:51:09.374+0000] {processor.py:914} INFO - Processing file /opt/airflow/dags/stock_market_dag.py for tasks to queue
[2025-10-05T17:51:09.375+0000] {logging_mixin.py:190} INFO - [2025-10-05T17:51:09.375+0000] {dagbag.py:587} INFO - Filling up the DagBag from /opt/airflow/dags/stock_market_dag.py
[2025-10-05T17:51:09.623+0000] {processor.py:925} INFO - DAG(s) '180DayStockData' retrieved from /opt/airflow/dags/stock_market_dag.py
[2025-10-05T17:51:09.783+0000] {logging_mixin.py:190} INFO - [2025-10-05T17:51:09.783+0000] {override.py:1900} INFO - Created Permission View: can edit on DAG:180DayStockData
[2025-10-05T17:51:09.786+0000] {logging_mixin.py:190} INFO - [2025-10-05T17:51:09.786+0000] {override.py:1900} INFO - Created Permission View: can read on DAG:180DayStockData
[2025-10-05T17:51:09.788+0000] {logging_mixin.py:190} INFO - [2025-10-05T17:51:09.788+0000] {override.py:1900} INFO - Created Permission View: can delete on DAG:180DayStockData
[2025-10-05T17:51:09.793+0000] {logging_mixin.py:190} INFO - [2025-10-05T17:51:09.793+0000] {override.py:1900} INFO - Created Permission View: menu access on DAG Run:180DayStockData
[2025-10-05T17:51:09.795+0000] {logging_mixin.py:190} INFO - [2025-10-05T17:51:09.795+0000] {override.py:1900} INFO - Created Permission View: can create on DAG Run:180DayStockData
[2025-10-05T17:51:09.797+0000] {logging_mixin.py:190} INFO - [2025-10-05T17:51:09.797+0000] {override.py:1900} INFO - Created Permission View: can read on DAG Run:180DayStockData
[2025-10-05T17:51:09.799+0000] {logging_mixin.py:190} INFO - [2025-10-05T17:51:09.799+0000] {override.py:1900} INFO - Created Permission View: can delete on DAG Run:180DayStockData
[2025-10-05T17:51:09.801+0000] {logging_mixin.py:190} INFO - [2025-10-05T17:51:09.801+0000] {dag.py:3229} INFO - Sync 1 DAGs
[2025-10-05T17:51:09.806+0000] {logging_mixin.py:190} INFO - [2025-10-05T17:51:09.805+0000] {dag.py:3252} INFO - Creating ORM DAG for 180DayStockData
[2025-10-05T17:51:09.809+0000] {logging_mixin.py:190} INFO - [2025-10-05T17:51:09.809+0000] {dag.py:4156} INFO - Setting next_dagrun for 180DayStockData to 2025-10-04 00:00:00+00:00, run_after=2025-10-05 00:00:00+00:00
[2025-10-05T17:51:09.817+0000] {processor.py:208} INFO - Processing /opt/airflow/dags/stock_market_dag.py took 0.446 seconds
[2025-10-05T17:51:40.666+0000] {processor.py:186} INFO - Started process (PID=307) to work on /opt/airflow/dags/stock_market_dag.py
[2025-10-05T17:51:40.667+0000] {processor.py:914} INFO - Processing file /opt/airflow/dags/stock_market_dag.py for tasks to queue
[2025-10-05T17:51:40.669+0000] {logging_mixin.py:190} INFO - [2025-10-05T17:51:40.668+0000] {dagbag.py:587} INFO - Filling up the DagBag from /opt/airflow/dags/stock_market_dag.py
[2025-10-05T17:51:40.824+0000] {processor.py:925} INFO - DAG(s) '180DayStockData' retrieved from /opt/airflow/dags/stock_market_dag.py
[2025-10-05T17:51:40.841+0000] {logging_mixin.py:190} INFO - [2025-10-05T17:51:40.841+0000] {dag.py:3229} INFO - Sync 1 DAGs
[2025-10-05T17:51:40.850+0000] {logging_mixin.py:190} INFO - [2025-10-05T17:51:40.850+0000] {dag.py:4156} INFO - Setting next_dagrun for 180DayStockData to 2025-10-04 00:00:00+00:00, run_after=2025-10-05 00:00:00+00:00
[2025-10-05T17:51:40.861+0000] {processor.py:208} INFO - Processing /opt/airflow/dags/stock_market_dag.py took 0.199 seconds
[2025-10-05T17:52:11.209+0000] {processor.py:186} INFO - Started process (PID=371) to work on /opt/airflow/dags/stock_market_dag.py
[2025-10-05T17:52:11.210+0000] {processor.py:914} INFO - Processing file /opt/airflow/dags/stock_market_dag.py for tasks to queue
[2025-10-05T17:52:11.211+0000] {logging_mixin.py:190} INFO - [2025-10-05T17:52:11.211+0000] {dagbag.py:587} INFO - Filling up the DagBag from /opt/airflow/dags/stock_market_dag.py
[2025-10-05T17:52:11.346+0000] {processor.py:925} INFO - DAG(s) '180DayStockData' retrieved from /opt/airflow/dags/stock_market_dag.py
[2025-10-05T17:52:11.442+0000] {logging_mixin.py:190} INFO - [2025-10-05T17:52:11.442+0000] {dag.py:3229} INFO - Sync 1 DAGs
[2025-10-05T17:52:11.449+0000] {logging_mixin.py:190} INFO - [2025-10-05T17:52:11.449+0000] {dag.py:4156} INFO - Setting next_dagrun for 180DayStockData to 2025-10-05 00:00:00+00:00, run_after=2025-10-06 00:00:00+00:00
[2025-10-05T17:52:11.456+0000] {processor.py:208} INFO - Processing /opt/airflow/dags/stock_market_dag.py took 0.249 seconds
[2025-10-05T17:52:41.616+0000] {processor.py:186} INFO - Started process (PID=392) to work on /opt/airflow/dags/stock_market_dag.py
[2025-10-05T17:52:41.617+0000] {processor.py:914} INFO - Processing file /opt/airflow/dags/stock_market_dag.py for tasks to queue
[2025-10-05T17:52:41.619+0000] {logging_mixin.py:190} INFO - [2025-10-05T17:52:41.619+0000] {dagbag.py:587} INFO - Filling up the DagBag from /opt/airflow/dags/stock_market_dag.py
[2025-10-05T17:52:41.840+0000] {processor.py:925} INFO - DAG(s) '180DayStockData' retrieved from /opt/airflow/dags/stock_market_dag.py
[2025-10-05T17:52:41.849+0000] {logging_mixin.py:190} INFO - [2025-10-05T17:52:41.849+0000] {dag.py:3229} INFO - Sync 1 DAGs
[2025-10-05T17:52:41.857+0000] {logging_mixin.py:190} INFO - [2025-10-05T17:52:41.857+0000] {dag.py:4156} INFO - Setting next_dagrun for 180DayStockData to 2025-10-05 00:00:00+00:00, run_after=2025-10-06 00:00:00+00:00
[2025-10-05T17:52:41.864+0000] {processor.py:208} INFO - Processing /opt/airflow/dags/stock_market_dag.py took 0.252 seconds
[2025-10-05T17:53:11.992+0000] {processor.py:186} INFO - Started process (PID=413) to work on /opt/airflow/dags/stock_market_dag.py
[2025-10-05T17:53:11.994+0000] {processor.py:914} INFO - Processing file /opt/airflow/dags/stock_market_dag.py for tasks to queue
[2025-10-05T17:53:11.996+0000] {logging_mixin.py:190} INFO - [2025-10-05T17:53:11.996+0000] {dagbag.py:587} INFO - Filling up the DagBag from /opt/airflow/dags/stock_market_dag.py
[2025-10-05T17:53:12.129+0000] {processor.py:925} INFO - DAG(s) '180DayStockData' retrieved from /opt/airflow/dags/stock_market_dag.py
[2025-10-05T17:53:12.140+0000] {logging_mixin.py:190} INFO - [2025-10-05T17:53:12.140+0000] {dag.py:3229} INFO - Sync 1 DAGs
[2025-10-05T17:53:12.152+0000] {logging_mixin.py:190} INFO - [2025-10-05T17:53:12.152+0000] {dag.py:4156} INFO - Setting next_dagrun for 180DayStockData to 2025-10-05 00:00:00+00:00, run_after=2025-10-06 00:00:00+00:00
[2025-10-05T17:53:12.240+0000] {processor.py:208} INFO - Processing /opt/airflow/dags/stock_market_dag.py took 0.252 seconds
[2025-10-05T17:53:42.400+0000] {processor.py:186} INFO - Started process (PID=435) to work on /opt/airflow/dags/stock_market_dag.py
[2025-10-05T17:53:42.401+0000] {processor.py:914} INFO - Processing file /opt/airflow/dags/stock_market_dag.py for tasks to queue
[2025-10-05T17:53:42.403+0000] {logging_mixin.py:190} INFO - [2025-10-05T17:53:42.403+0000] {dagbag.py:587} INFO - Filling up the DagBag from /opt/airflow/dags/stock_market_dag.py
[2025-10-05T17:53:42.547+0000] {processor.py:925} INFO - DAG(s) '180DayStockData' retrieved from /opt/airflow/dags/stock_market_dag.py
[2025-10-05T17:53:42.556+0000] {logging_mixin.py:190} INFO - [2025-10-05T17:53:42.556+0000] {dag.py:3229} INFO - Sync 1 DAGs
[2025-10-05T17:53:42.567+0000] {logging_mixin.py:190} INFO - [2025-10-05T17:53:42.567+0000] {dag.py:4156} INFO - Setting next_dagrun for 180DayStockData to 2025-10-05 00:00:00+00:00, run_after=2025-10-06 00:00:00+00:00
[2025-10-05T17:53:42.576+0000] {processor.py:208} INFO - Processing /opt/airflow/dags/stock_market_dag.py took 0.180 seconds
[2025-10-05T17:54:12.947+0000] {processor.py:186} INFO - Started process (PID=456) to work on /opt/airflow/dags/stock_market_dag.py
[2025-10-05T17:54:12.948+0000] {processor.py:914} INFO - Processing file /opt/airflow/dags/stock_market_dag.py for tasks to queue
[2025-10-05T17:54:12.950+0000] {logging_mixin.py:190} INFO - [2025-10-05T17:54:12.950+0000] {dagbag.py:587} INFO - Filling up the DagBag from /opt/airflow/dags/stock_market_dag.py
[2025-10-05T17:54:13.089+0000] {processor.py:925} INFO - DAG(s) '180DayStockData' retrieved from /opt/airflow/dags/stock_market_dag.py
[2025-10-05T17:54:13.103+0000] {logging_mixin.py:190} INFO - [2025-10-05T17:54:13.103+0000] {dag.py:3229} INFO - Sync 1 DAGs
[2025-10-05T17:54:13.189+0000] {logging_mixin.py:190} INFO - [2025-10-05T17:54:13.189+0000] {dag.py:4156} INFO - Setting next_dagrun for 180DayStockData to 2025-10-05 00:00:00+00:00, run_after=2025-10-06 00:00:00+00:00
[2025-10-05T17:54:13.198+0000] {processor.py:208} INFO - Processing /opt/airflow/dags/stock_market_dag.py took 0.254 seconds
[2025-10-05T17:54:43.583+0000] {processor.py:186} INFO - Started process (PID=477) to work on /opt/airflow/dags/stock_market_dag.py
[2025-10-05T17:54:43.584+0000] {processor.py:914} INFO - Processing file /opt/airflow/dags/stock_market_dag.py for tasks to queue
[2025-10-05T17:54:43.586+0000] {logging_mixin.py:190} INFO - [2025-10-05T17:54:43.586+0000] {dagbag.py:587} INFO - Filling up the DagBag from /opt/airflow/dags/stock_market_dag.py
[2025-10-05T17:54:43.726+0000] {processor.py:925} INFO - DAG(s) '180DayStockData' retrieved from /opt/airflow/dags/stock_market_dag.py
[2025-10-05T17:54:43.814+0000] {logging_mixin.py:190} INFO - [2025-10-05T17:54:43.814+0000] {dag.py:3229} INFO - Sync 1 DAGs
[2025-10-05T17:54:43.821+0000] {logging_mixin.py:190} INFO - [2025-10-05T17:54:43.821+0000] {dag.py:4156} INFO - Setting next_dagrun for 180DayStockData to 2025-10-05 00:00:00+00:00, run_after=2025-10-06 00:00:00+00:00
[2025-10-05T17:54:43.829+0000] {processor.py:208} INFO - Processing /opt/airflow/dags/stock_market_dag.py took 0.248 seconds
[2025-10-05T17:55:13.950+0000] {processor.py:186} INFO - Started process (PID=540) to work on /opt/airflow/dags/stock_market_dag.py
[2025-10-05T17:55:13.951+0000] {processor.py:914} INFO - Processing file /opt/airflow/dags/stock_market_dag.py for tasks to queue
[2025-10-05T17:55:13.953+0000] {logging_mixin.py:190} INFO - [2025-10-05T17:55:13.952+0000] {dagbag.py:587} INFO - Filling up the DagBag from /opt/airflow/dags/stock_market_dag.py
[2025-10-05T17:55:14.094+0000] {processor.py:925} INFO - DAG(s) '180DayStockData' retrieved from /opt/airflow/dags/stock_market_dag.py
[2025-10-05T17:55:14.105+0000] {logging_mixin.py:190} INFO - [2025-10-05T17:55:14.104+0000] {dag.py:3229} INFO - Sync 1 DAGs
[2025-10-05T17:55:14.113+0000] {logging_mixin.py:190} INFO - [2025-10-05T17:55:14.113+0000] {dag.py:4156} INFO - Setting next_dagrun for 180DayStockData to 2025-10-05 00:00:00+00:00, run_after=2025-10-06 00:00:00+00:00
[2025-10-05T17:55:14.122+0000] {processor.py:208} INFO - Processing /opt/airflow/dags/stock_market_dag.py took 0.174 seconds
[2025-10-05T17:55:44.430+0000] {processor.py:186} INFO - Started process (PID=561) to work on /opt/airflow/dags/stock_market_dag.py
[2025-10-05T17:55:44.431+0000] {processor.py:914} INFO - Processing file /opt/airflow/dags/stock_market_dag.py for tasks to queue
[2025-10-05T17:55:44.433+0000] {logging_mixin.py:190} INFO - [2025-10-05T17:55:44.433+0000] {dagbag.py:587} INFO - Filling up the DagBag from /opt/airflow/dags/stock_market_dag.py
[2025-10-05T17:55:44.575+0000] {processor.py:925} INFO - DAG(s) '180DayStockData' retrieved from /opt/airflow/dags/stock_market_dag.py
[2025-10-05T17:55:44.585+0000] {logging_mixin.py:190} INFO - [2025-10-05T17:55:44.585+0000] {dag.py:3229} INFO - Sync 1 DAGs
[2025-10-05T17:55:44.595+0000] {logging_mixin.py:190} INFO - [2025-10-05T17:55:44.595+0000] {dag.py:4156} INFO - Setting next_dagrun for 180DayStockData to 2025-10-05 00:00:00+00:00, run_after=2025-10-06 00:00:00+00:00
[2025-10-05T17:55:44.687+0000] {processor.py:208} INFO - Processing /opt/airflow/dags/stock_market_dag.py took 0.262 seconds
[2025-10-05T17:56:15.092+0000] {processor.py:186} INFO - Started process (PID=592) to work on /opt/airflow/dags/stock_market_dag.py
[2025-10-05T17:56:15.092+0000] {processor.py:914} INFO - Processing file /opt/airflow/dags/stock_market_dag.py for tasks to queue
[2025-10-05T17:56:15.093+0000] {logging_mixin.py:190} INFO - [2025-10-05T17:56:15.093+0000] {dagbag.py:587} INFO - Filling up the DagBag from /opt/airflow/dags/stock_market_dag.py
[2025-10-05T17:56:15.231+0000] {processor.py:925} INFO - DAG(s) '180DayStockData' retrieved from /opt/airflow/dags/stock_market_dag.py
[2025-10-05T17:56:15.241+0000] {logging_mixin.py:190} INFO - [2025-10-05T17:56:15.241+0000] {dag.py:3229} INFO - Sync 1 DAGs
[2025-10-05T17:56:15.252+0000] {logging_mixin.py:190} INFO - [2025-10-05T17:56:15.252+0000] {dag.py:4156} INFO - Setting next_dagrun for 180DayStockData to 2025-10-05 00:00:00+00:00, run_after=2025-10-06 00:00:00+00:00
[2025-10-05T17:56:15.258+0000] {processor.py:208} INFO - Processing /opt/airflow/dags/stock_market_dag.py took 0.170 seconds
[2025-10-05T17:56:45.511+0000] {processor.py:186} INFO - Started process (PID=613) to work on /opt/airflow/dags/stock_market_dag.py
[2025-10-05T17:56:45.513+0000] {processor.py:914} INFO - Processing file /opt/airflow/dags/stock_market_dag.py for tasks to queue
[2025-10-05T17:56:45.514+0000] {logging_mixin.py:190} INFO - [2025-10-05T17:56:45.514+0000] {dagbag.py:587} INFO - Filling up the DagBag from /opt/airflow/dags/stock_market_dag.py
[2025-10-05T17:56:45.658+0000] {processor.py:925} INFO - DAG(s) '180DayStockData' retrieved from /opt/airflow/dags/stock_market_dag.py
[2025-10-05T17:56:45.756+0000] {logging_mixin.py:190} INFO - [2025-10-05T17:56:45.755+0000] {dag.py:3229} INFO - Sync 1 DAGs
[2025-10-05T17:56:45.763+0000] {logging_mixin.py:190} INFO - [2025-10-05T17:56:45.762+0000] {dag.py:4156} INFO - Setting next_dagrun for 180DayStockData to 2025-10-05 00:00:00+00:00, run_after=2025-10-06 00:00:00+00:00
[2025-10-05T17:56:45.771+0000] {processor.py:208} INFO - Processing /opt/airflow/dags/stock_market_dag.py took 0.263 seconds
[2025-10-05T17:57:15.886+0000] {processor.py:186} INFO - Started process (PID=634) to work on /opt/airflow/dags/stock_market_dag.py
[2025-10-05T17:57:15.887+0000] {processor.py:914} INFO - Processing file /opt/airflow/dags/stock_market_dag.py for tasks to queue
[2025-10-05T17:57:15.888+0000] {logging_mixin.py:190} INFO - [2025-10-05T17:57:15.888+0000] {dagbag.py:587} INFO - Filling up the DagBag from /opt/airflow/dags/stock_market_dag.py
[2025-10-05T17:57:16.106+0000] {processor.py:925} INFO - DAG(s) '180DayStockData' retrieved from /opt/airflow/dags/stock_market_dag.py
[2025-10-05T17:57:16.116+0000] {logging_mixin.py:190} INFO - [2025-10-05T17:57:16.116+0000] {dag.py:3229} INFO - Sync 1 DAGs
[2025-10-05T17:57:16.125+0000] {logging_mixin.py:190} INFO - [2025-10-05T17:57:16.125+0000] {dag.py:4156} INFO - Setting next_dagrun for 180DayStockData to 2025-10-05 00:00:00+00:00, run_after=2025-10-06 00:00:00+00:00
[2025-10-05T17:57:16.133+0000] {processor.py:208} INFO - Processing /opt/airflow/dags/stock_market_dag.py took 0.249 seconds
[2025-10-05T17:57:46.443+0000] {processor.py:186} INFO - Started process (PID=655) to work on /opt/airflow/dags/stock_market_dag.py
[2025-10-05T17:57:46.446+0000] {processor.py:914} INFO - Processing file /opt/airflow/dags/stock_market_dag.py for tasks to queue
[2025-10-05T17:57:46.448+0000] {logging_mixin.py:190} INFO - [2025-10-05T17:57:46.448+0000] {dagbag.py:587} INFO - Filling up the DagBag from /opt/airflow/dags/stock_market_dag.py
[2025-10-05T17:57:46.575+0000] {processor.py:925} INFO - DAG(s) '180DayStockData' retrieved from /opt/airflow/dags/stock_market_dag.py
[2025-10-05T17:57:46.584+0000] {logging_mixin.py:190} INFO - [2025-10-05T17:57:46.584+0000] {dag.py:3229} INFO - Sync 1 DAGs
[2025-10-05T17:57:46.593+0000] {logging_mixin.py:190} INFO - [2025-10-05T17:57:46.593+0000] {dag.py:4156} INFO - Setting next_dagrun for 180DayStockData to 2025-10-05 00:00:00+00:00, run_after=2025-10-06 00:00:00+00:00
[2025-10-05T17:57:46.601+0000] {processor.py:208} INFO - Processing /opt/airflow/dags/stock_market_dag.py took 0.160 seconds
[2025-10-05T17:58:16.859+0000] {processor.py:186} INFO - Started process (PID=676) to work on /opt/airflow/dags/stock_market_dag.py
[2025-10-05T17:58:16.860+0000] {processor.py:914} INFO - Processing file /opt/airflow/dags/stock_market_dag.py for tasks to queue
[2025-10-05T17:58:16.862+0000] {logging_mixin.py:190} INFO - [2025-10-05T17:58:16.862+0000] {dagbag.py:587} INFO - Filling up the DagBag from /opt/airflow/dags/stock_market_dag.py
[2025-10-05T17:58:17.003+0000] {processor.py:925} INFO - DAG(s) '180DayStockData' retrieved from /opt/airflow/dags/stock_market_dag.py
[2025-10-05T17:58:17.014+0000] {logging_mixin.py:190} INFO - [2025-10-05T17:58:17.014+0000] {dag.py:3229} INFO - Sync 1 DAGs
[2025-10-05T17:58:17.107+0000] {logging_mixin.py:190} INFO - [2025-10-05T17:58:17.106+0000] {dag.py:4156} INFO - Setting next_dagrun for 180DayStockData to 2025-10-05 00:00:00+00:00, run_after=2025-10-06 00:00:00+00:00
[2025-10-05T17:58:17.114+0000] {processor.py:208} INFO - Processing /opt/airflow/dags/stock_market_dag.py took 0.259 seconds
[2025-10-05T17:58:47.506+0000] {processor.py:186} INFO - Started process (PID=699) to work on /opt/airflow/dags/stock_market_dag.py
[2025-10-05T17:58:47.507+0000] {processor.py:914} INFO - Processing file /opt/airflow/dags/stock_market_dag.py for tasks to queue
[2025-10-05T17:58:47.509+0000] {logging_mixin.py:190} INFO - [2025-10-05T17:58:47.508+0000] {dagbag.py:587} INFO - Filling up the DagBag from /opt/airflow/dags/stock_market_dag.py
[2025-10-05T17:58:47.648+0000] {processor.py:925} INFO - DAG(s) '180DayStockData' retrieved from /opt/airflow/dags/stock_market_dag.py
[2025-10-05T17:58:47.657+0000] {logging_mixin.py:190} INFO - [2025-10-05T17:58:47.656+0000] {dag.py:3229} INFO - Sync 1 DAGs
[2025-10-05T17:58:47.664+0000] {logging_mixin.py:190} INFO - [2025-10-05T17:58:47.664+0000] {dag.py:4156} INFO - Setting next_dagrun for 180DayStockData to 2025-10-05 00:00:00+00:00, run_after=2025-10-06 00:00:00+00:00
[2025-10-05T17:58:47.669+0000] {processor.py:208} INFO - Processing /opt/airflow/dags/stock_market_dag.py took 0.168 seconds
[2025-10-05T17:59:18.133+0000] {processor.py:186} INFO - Started process (PID=725) to work on /opt/airflow/dags/stock_market_dag.py
[2025-10-05T17:59:18.134+0000] {processor.py:914} INFO - Processing file /opt/airflow/dags/stock_market_dag.py for tasks to queue
[2025-10-05T17:59:18.135+0000] {logging_mixin.py:190} INFO - [2025-10-05T17:59:18.134+0000] {dagbag.py:587} INFO - Filling up the DagBag from /opt/airflow/dags/stock_market_dag.py
[2025-10-05T17:59:18.274+0000] {processor.py:925} INFO - DAG(s) '180DayStockData' retrieved from /opt/airflow/dags/stock_market_dag.py
[2025-10-05T17:59:18.351+0000] {logging_mixin.py:190} INFO - [2025-10-05T17:59:18.351+0000] {dag.py:3229} INFO - Sync 1 DAGs
[2025-10-05T17:59:18.358+0000] {logging_mixin.py:190} INFO - [2025-10-05T17:59:18.357+0000] {dag.py:4156} INFO - Setting next_dagrun for 180DayStockData to 2025-10-05 00:00:00+00:00, run_after=2025-10-06 00:00:00+00:00
[2025-10-05T17:59:18.363+0000] {processor.py:208} INFO - Processing /opt/airflow/dags/stock_market_dag.py took 0.235 seconds
[2025-10-05T17:59:48.674+0000] {processor.py:186} INFO - Started process (PID=752) to work on /opt/airflow/dags/stock_market_dag.py
[2025-10-05T17:59:48.674+0000] {processor.py:914} INFO - Processing file /opt/airflow/dags/stock_market_dag.py for tasks to queue
[2025-10-05T17:59:48.675+0000] {logging_mixin.py:190} INFO - [2025-10-05T17:59:48.675+0000] {dagbag.py:587} INFO - Filling up the DagBag from /opt/airflow/dags/stock_market_dag.py
[2025-10-05T17:59:48.881+0000] {processor.py:925} INFO - DAG(s) '180DayStockData' retrieved from /opt/airflow/dags/stock_market_dag.py
[2025-10-05T17:59:48.888+0000] {logging_mixin.py:190} INFO - [2025-10-05T17:59:48.888+0000] {dag.py:3229} INFO - Sync 1 DAGs
[2025-10-05T17:59:48.894+0000] {logging_mixin.py:190} INFO - [2025-10-05T17:59:48.894+0000] {dag.py:4156} INFO - Setting next_dagrun for 180DayStockData to 2025-10-05 00:00:00+00:00, run_after=2025-10-06 00:00:00+00:00
[2025-10-05T17:59:48.899+0000] {processor.py:208} INFO - Processing /opt/airflow/dags/stock_market_dag.py took 0.230 seconds
[2025-10-05T18:00:19.229+0000] {processor.py:186} INFO - Started process (PID=788) to work on /opt/airflow/dags/stock_market_dag.py
[2025-10-05T18:00:19.230+0000] {processor.py:914} INFO - Processing file /opt/airflow/dags/stock_market_dag.py for tasks to queue
[2025-10-05T18:00:19.231+0000] {logging_mixin.py:190} INFO - [2025-10-05T18:00:19.230+0000] {dagbag.py:587} INFO - Filling up the DagBag from /opt/airflow/dags/stock_market_dag.py
[2025-10-05T18:00:19.371+0000] {processor.py:925} INFO - DAG(s) '180DayStockData' retrieved from /opt/airflow/dags/stock_market_dag.py
[2025-10-05T18:00:19.379+0000] {logging_mixin.py:190} INFO - [2025-10-05T18:00:19.379+0000] {dag.py:3229} INFO - Sync 1 DAGs
[2025-10-05T18:00:19.387+0000] {logging_mixin.py:190} INFO - [2025-10-05T18:00:19.387+0000] {dag.py:4156} INFO - Setting next_dagrun for 180DayStockData to 2025-10-05 00:00:00+00:00, run_after=2025-10-06 00:00:00+00:00
[2025-10-05T18:00:19.468+0000] {processor.py:208} INFO - Processing /opt/airflow/dags/stock_market_dag.py took 0.244 seconds
[2025-10-05T18:00:49.708+0000] {processor.py:186} INFO - Started process (PID=809) to work on /opt/airflow/dags/stock_market_dag.py
[2025-10-05T18:00:49.709+0000] {processor.py:914} INFO - Processing file /opt/airflow/dags/stock_market_dag.py for tasks to queue
[2025-10-05T18:00:49.710+0000] {logging_mixin.py:190} INFO - [2025-10-05T18:00:49.710+0000] {dagbag.py:587} INFO - Filling up the DagBag from /opt/airflow/dags/stock_market_dag.py
[2025-10-05T18:00:49.846+0000] {processor.py:925} INFO - DAG(s) '180DayStockData' retrieved from /opt/airflow/dags/stock_market_dag.py
[2025-10-05T18:00:49.855+0000] {logging_mixin.py:190} INFO - [2025-10-05T18:00:49.854+0000] {dag.py:3229} INFO - Sync 1 DAGs
[2025-10-05T18:00:49.862+0000] {logging_mixin.py:190} INFO - [2025-10-05T18:00:49.862+0000] {dag.py:4156} INFO - Setting next_dagrun for 180DayStockData to 2025-10-05 00:00:00+00:00, run_after=2025-10-06 00:00:00+00:00
[2025-10-05T18:00:49.867+0000] {processor.py:208} INFO - Processing /opt/airflow/dags/stock_market_dag.py took 0.165 seconds
[2025-10-05T18:01:20.254+0000] {processor.py:186} INFO - Started process (PID=830) to work on /opt/airflow/dags/stock_market_dag.py
[2025-10-05T18:01:20.255+0000] {processor.py:914} INFO - Processing file /opt/airflow/dags/stock_market_dag.py for tasks to queue
[2025-10-05T18:01:20.256+0000] {logging_mixin.py:190} INFO - [2025-10-05T18:01:20.255+0000] {dagbag.py:587} INFO - Filling up the DagBag from /opt/airflow/dags/stock_market_dag.py
[2025-10-05T18:01:20.404+0000] {processor.py:925} INFO - DAG(s) '180DayStockData' retrieved from /opt/airflow/dags/stock_market_dag.py
[2025-10-05T18:01:20.485+0000] {logging_mixin.py:190} INFO - [2025-10-05T18:01:20.485+0000] {dag.py:3229} INFO - Sync 1 DAGs
[2025-10-05T18:01:20.492+0000] {logging_mixin.py:190} INFO - [2025-10-05T18:01:20.492+0000] {dag.py:4156} INFO - Setting next_dagrun for 180DayStockData to 2025-10-05 00:00:00+00:00, run_after=2025-10-06 00:00:00+00:00
[2025-10-05T18:01:20.497+0000] {processor.py:208} INFO - Processing /opt/airflow/dags/stock_market_dag.py took 0.248 seconds
[2025-10-05T18:01:50.837+0000] {processor.py:186} INFO - Started process (PID=851) to work on /opt/airflow/dags/stock_market_dag.py
[2025-10-05T18:01:50.838+0000] {processor.py:914} INFO - Processing file /opt/airflow/dags/stock_market_dag.py for tasks to queue
[2025-10-05T18:01:50.839+0000] {logging_mixin.py:190} INFO - [2025-10-05T18:01:50.839+0000] {dagbag.py:587} INFO - Filling up the DagBag from /opt/airflow/dags/stock_market_dag.py
[2025-10-05T18:01:51.043+0000] {processor.py:925} INFO - DAG(s) '180DayStockData' retrieved from /opt/airflow/dags/stock_market_dag.py
[2025-10-05T18:01:51.051+0000] {logging_mixin.py:190} INFO - [2025-10-05T18:01:51.050+0000] {dag.py:3229} INFO - Sync 1 DAGs
[2025-10-05T18:01:51.057+0000] {logging_mixin.py:190} INFO - [2025-10-05T18:01:51.057+0000] {dag.py:4156} INFO - Setting next_dagrun for 180DayStockData to 2025-10-05 00:00:00+00:00, run_after=2025-10-06 00:00:00+00:00
[2025-10-05T18:01:51.062+0000] {processor.py:208} INFO - Processing /opt/airflow/dags/stock_market_dag.py took 0.229 seconds
[2025-10-05T18:02:21.431+0000] {processor.py:186} INFO - Started process (PID=872) to work on /opt/airflow/dags/stock_market_dag.py
[2025-10-05T18:02:21.432+0000] {processor.py:914} INFO - Processing file /opt/airflow/dags/stock_market_dag.py for tasks to queue
[2025-10-05T18:02:21.433+0000] {logging_mixin.py:190} INFO - [2025-10-05T18:02:21.433+0000] {dagbag.py:587} INFO - Filling up the DagBag from /opt/airflow/dags/stock_market_dag.py
[2025-10-05T18:02:21.579+0000] {processor.py:925} INFO - DAG(s) '180DayStockData' retrieved from /opt/airflow/dags/stock_market_dag.py
[2025-10-05T18:02:21.588+0000] {logging_mixin.py:190} INFO - [2025-10-05T18:02:21.587+0000] {dag.py:3229} INFO - Sync 1 DAGs
[2025-10-05T18:02:21.595+0000] {logging_mixin.py:190} INFO - [2025-10-05T18:02:21.595+0000] {dag.py:4156} INFO - Setting next_dagrun for 180DayStockData to 2025-10-05 00:00:00+00:00, run_after=2025-10-06 00:00:00+00:00
[2025-10-05T18:02:21.670+0000] {processor.py:208} INFO - Processing /opt/airflow/dags/stock_market_dag.py took 0.244 seconds
[2025-10-05T18:02:51.749+0000] {processor.py:186} INFO - Started process (PID=892) to work on /opt/airflow/dags/stock_market_dag.py
[2025-10-05T18:02:51.750+0000] {processor.py:914} INFO - Processing file /opt/airflow/dags/stock_market_dag.py for tasks to queue
[2025-10-05T18:02:51.751+0000] {logging_mixin.py:190} INFO - [2025-10-05T18:02:51.750+0000] {dagbag.py:587} INFO - Filling up the DagBag from /opt/airflow/dags/stock_market_dag.py
[2025-10-05T18:02:51.892+0000] {processor.py:925} INFO - DAG(s) '180DayStockData' retrieved from /opt/airflow/dags/stock_market_dag.py
[2025-10-05T18:02:51.901+0000] {logging_mixin.py:190} INFO - [2025-10-05T18:02:51.901+0000] {dag.py:3229} INFO - Sync 1 DAGs
[2025-10-05T18:02:51.908+0000] {logging_mixin.py:190} INFO - [2025-10-05T18:02:51.908+0000] {dag.py:4156} INFO - Setting next_dagrun for 180DayStockData to 2025-10-05 00:00:00+00:00, run_after=2025-10-06 00:00:00+00:00
[2025-10-05T18:02:51.913+0000] {processor.py:208} INFO - Processing /opt/airflow/dags/stock_market_dag.py took 0.169 seconds
[2025-10-05T18:03:22.258+0000] {processor.py:186} INFO - Started process (PID=913) to work on /opt/airflow/dags/stock_market_dag.py
[2025-10-05T18:03:22.259+0000] {processor.py:914} INFO - Processing file /opt/airflow/dags/stock_market_dag.py for tasks to queue
[2025-10-05T18:03:22.259+0000] {logging_mixin.py:190} INFO - [2025-10-05T18:03:22.259+0000] {dagbag.py:587} INFO - Filling up the DagBag from /opt/airflow/dags/stock_market_dag.py
[2025-10-05T18:03:22.398+0000] {processor.py:925} INFO - DAG(s) '180DayStockData' retrieved from /opt/airflow/dags/stock_market_dag.py
[2025-10-05T18:03:22.473+0000] {logging_mixin.py:190} INFO - [2025-10-05T18:03:22.473+0000] {dag.py:3229} INFO - Sync 1 DAGs
[2025-10-05T18:03:22.480+0000] {logging_mixin.py:190} INFO - [2025-10-05T18:03:22.480+0000] {dag.py:4156} INFO - Setting next_dagrun for 180DayStockData to 2025-10-05 00:00:00+00:00, run_after=2025-10-06 00:00:00+00:00
[2025-10-05T18:03:22.485+0000] {processor.py:208} INFO - Processing /opt/airflow/dags/stock_market_dag.py took 0.233 seconds
[2025-10-05T18:03:52.796+0000] {processor.py:186} INFO - Started process (PID=934) to work on /opt/airflow/dags/stock_market_dag.py
[2025-10-05T18:03:52.797+0000] {processor.py:914} INFO - Processing file /opt/airflow/dags/stock_market_dag.py for tasks to queue
[2025-10-05T18:03:52.798+0000] {logging_mixin.py:190} INFO - [2025-10-05T18:03:52.797+0000] {dagbag.py:587} INFO - Filling up the DagBag from /opt/airflow/dags/stock_market_dag.py
[2025-10-05T18:03:53.006+0000] {processor.py:925} INFO - DAG(s) '180DayStockData' retrieved from /opt/airflow/dags/stock_market_dag.py
[2025-10-05T18:03:53.014+0000] {logging_mixin.py:190} INFO - [2025-10-05T18:03:53.013+0000] {dag.py:3229} INFO - Sync 1 DAGs
[2025-10-05T18:03:53.020+0000] {logging_mixin.py:190} INFO - [2025-10-05T18:03:53.020+0000] {dag.py:4156} INFO - Setting next_dagrun for 180DayStockData to 2025-10-05 00:00:00+00:00, run_after=2025-10-06 00:00:00+00:00
[2025-10-05T18:03:53.025+0000] {processor.py:208} INFO - Processing /opt/airflow/dags/stock_market_dag.py took 0.234 seconds
